<h1>Aurora PostgreSQL Statspack report - Created by Santiago Villa</h1>
<table border="0">
  <tr valign="top">
    <td align="left">Statspack v2.0 report generated from app-data-migr-dm-aurora-test-instance1 server at </td>
    <td align="left">2023-08-16 11:56:02.511361</td>
  </tr>
</table>

<table border="0">
  <tr valign="top">
    <td align="left">&nbsp; </td>
  </tr>
</table>

<table border="2">
  <tr>
    <th align="center">Begin SNAPID</th>
    <th align="center">End SNAPID</th>
    <th align="center">Begin Timestamp</th>
    <th align="center">End Timestamp</th>
  </tr>
  <tr valign="top">
    <td align="right">576</td>
    <td align="right">577</td>
    <td align="left">2023-08-16 11:00:00.106093</td>
    <td align="left">2023-08-16 11:30:00.096487</td>
  </tr>
</table>

<table border="0">
  <tr valign="top">
    <td align="left">&nbsp; </td>
  </tr>
</table>

<h2>DATABASE STATISTICS</h2>
<table border="1">
  <tr>
    <th align="center">database_id</th>
    <th align="center">database</th>
    <th align="center">open_sessions</th>
    <th align="center">commits</th>
    <th align="center">rollbacks</th>
    <th align="center">deadlocks</th>
    <th align="center">tup_returned</th>
    <th align="center">tup_fetched</th>
    <th align="center">tup_updated</th>
    <th align="center">tup_deleted</th>
    <th align="center">blks_read</th>
    <th align="center">blks_hit</th>
    <th align="center">cache_hit_%</th>
    <th align="center">blk_read_time_seconds</th>
    <th align="center">blk_write_time_seconds</th>
    <th align="center">temp_files</th>
    <th align="center">temp_bytes</th>
  </tr>
  <tr valign="top">
    <td align="right">14717</td>
    <td align="left">postgres</td>
    <td align="right">54</td>
    <td align="right">2516</td>
    <td align="right">0</td>
    <td align="right">0</td>
    <td align="right">1647991895</td>
    <td align="right">947908989</td>
    <td align="right">663</td>
    <td align="right">0</td>
    <td align="right">42</td>
    <td align="right">742207000</td>
    <td align="right">100.0</td>
    <td align="right">0.00</td>
    <td align="right">0.00</td>
    <td align="right">0</td>
    <td align="right">0</td>
  </tr>
  <tr valign="top">
    <td align="right">16384</td>
    <td align="left">rdsadmin</td>
    <td align="right">4</td>
    <td align="right">6407</td>
    <td align="right">120</td>
    <td align="right">0</td>
    <td align="right">1629832</td>
    <td align="right">29953</td>
    <td align="right">2798</td>
    <td align="right">0</td>
    <td align="right">0</td>
    <td align="right">125172</td>
    <td align="right">100.0</td>
    <td align="right">0.00</td>
    <td align="right">0.00</td>
    <td align="right">0</td>
    <td align="right">0</td>
  </tr>
  <tr valign="top">
    <td align="right">0</td>
    <td align="left">&nbsp; </td>
    <td align="right">0</td>
    <td align="right">0</td>
    <td align="right">0</td>
    <td align="right">0</td>
    <td align="right">30265</td>
    <td align="right">22094</td>
    <td align="right">0</td>
    <td align="right">0</td>
    <td align="right">0</td>
    <td align="right">58361</td>
    <td align="right">100.0</td>
    <td align="right">0.00</td>
    <td align="right">0.00</td>
    <td align="right">0</td>
    <td align="right">0</td>
  </tr>
  <tr valign="top">
    <td align="right">14716</td>
    <td align="left">template0</td>
    <td align="right">0</td>
    <td align="right">0</td>
    <td align="right">0</td>
    <td align="right">0</td>
    <td align="right">0</td>
    <td align="right">0</td>
    <td align="right">0</td>
    <td align="right">0</td>
    <td align="right">0</td>
    <td align="right">0</td>
    <td align="right">&nbsp; </td>
    <td align="right">0.00</td>
    <td align="right">0.00</td>
    <td align="right">0</td>
    <td align="right">0</td>
  </tr>
  <tr valign="top">
    <td align="right">1</td>
    <td align="left">template1</td>
    <td align="right">0</td>
    <td align="right">720</td>
    <td align="right">0</td>
    <td align="right">0</td>
    <td align="right">462240</td>
    <td align="right">20520</td>
    <td align="right">0</td>
    <td align="right">0</td>
    <td align="right">0</td>
    <td align="right">65880</td>
    <td align="right">100.0</td>
    <td align="right">0.00</td>
    <td align="right">0.00</td>
    <td align="right">0</td>
    <td align="right">0</td>
  </tr>
</table>

<table border="0">
  <tr valign="top">
    <td align="left">&nbsp; </td>
  </tr>
</table>

<h2>ACTIVE SESSIONS</h2>
<table border="0">
  <tr valign="top">
    <td align="left">( DBLOAD = 14 )</td>
  </tr>
</table>

<table border="1">
  <tr>
    <th align="center">pid</th>
    <th align="center">usename</th>
    <th align="center">app_name</th>
    <th align="center">current_wait_type</th>
    <th align="center">current_wait_event</th>
    <th align="center">current_state</th>
    <th align="center">waits</th>
    <th align="center">wait_time_seconds</th>
    <th align="center">backend_start</th>
    <th align="center">xact_start</th>
    <th align="center">query_start</th>
    <th align="center">state_change</th>
    <th align="center">query_id</th>
    <th align="center">partial_query</th>
  </tr>
  <tr valign="top">
    <td align="right">2639</td>
    <td align="left">sms_us</td>
    <td align="left">&nbsp; </td>
    <td align="left">Client</td>
    <td align="left">WalSenderWaitForWAL</td>
    <td align="left">active</td>
    <td align="right">5782</td>
    <td align="right">1795.00</td>
    <td align="left">2023-08-15 10:46:26.503345</td>
    <td align="left">&nbsp; </td>
    <td align="left">2023-08-15 10:46:26.510784</td>
    <td align="left">2023-08-15 10:46:26.510801</td>
    <td align="right">&nbsp; </td>
    <td align="left">START_REPLICATION SLOT &quot;bergu43ygfzpaku2_00014717_03c0ae28_bfcd_484b_9251_7adc7b</td>
  </tr>
  <tr valign="top">
    <td align="right">2621</td>
    <td align="left">sms_ca</td>
    <td align="left">&nbsp; </td>
    <td align="left">Client</td>
    <td align="left">WalSenderWaitForWAL</td>
    <td align="left">active</td>
    <td align="right">5782</td>
    <td align="right">1795.00</td>
    <td align="left">2023-08-15 10:46:20.584466</td>
    <td align="left">&nbsp; </td>
    <td align="left">2023-08-15 10:46:20.590744</td>
    <td align="left">2023-08-15 10:46:20.59076</td>
    <td align="right">&nbsp; </td>
    <td align="left">START_REPLICATION SLOT &quot;vd62r54bwsqwvvwu_00014717_df9fe198_914a_4e34_bd96_3f0eff</td>
  </tr>
  <tr valign="top">
    <td align="right">597</td>
    <td align="left">rdsadmin</td>
    <td align="left">pg_cron schedule</td>
    <td align="left">IO</td>
    <td align="left">AuroraStorageLogAllocate</td>
    <td align="left">active</td>
    <td align="right">291301</td>
    <td align="right">2.00</td>
    <td align="left">2023-08-15 10:31:16.030549</td>
    <td align="left">2023-08-16 11:30:00.235559</td>
    <td align="left">2023-08-16 11:30:00.235559</td>
    <td align="left">2023-08-16 11:30:00.235589</td>
    <td align="right">-1242161580527850213</td>
    <td align="left">update cron.job_run_details set status = $1, return_message = $2, end_time = $3 </td>
  </tr>
  <tr valign="top">
    <td align="right">24466</td>
    <td align="left">sms_ca</td>
    <td align="left">&nbsp; </td>
    <td align="left">Timeout</td>
    <td align="left">PgSleep</td>
    <td align="left">active</td>
    <td align="right">2</td>
    <td align="right">0.00</td>
    <td align="left">2023-08-16 11:30:00.168144</td>
    <td align="left">2023-08-16 11:30:00.170681</td>
    <td align="left">2023-08-16 11:30:00.170681</td>
    <td align="left">2023-08-16 11:30:00.170682</td>
    <td align="right">-1309924553580357208</td>
    <td align="left"><br />
DO<br />
$$<br />
BEGIN<br />
	SET SEARCH_PATH = sms_ca, public;<br />
	CALL t3_run_translation_prc( p_</td>
  </tr>
  <tr valign="top">
    <td align="right">24451</td>
    <td align="left">sms_us</td>
    <td align="left">&nbsp; </td>
    <td align="left">Timeout</td>
    <td align="left">PgSleep</td>
    <td align="left">active</td>
    <td align="right">3</td>
    <td align="right">0.00</td>
    <td align="left">2023-08-16 11:30:00.032164</td>
    <td align="left">2023-08-16 11:30:00.034405</td>
    <td align="left">2023-08-16 11:30:00.034405</td>
    <td align="left">2023-08-16 11:30:00.034405</td>
    <td align="right">-634738619207573858</td>
    <td align="left"><br />
DO<br />
$$<br />
BEGIN<br />
	SET SEARCH_PATH = sms_us, public;<br />
	CALL t2_run_translation_prc( p_</td>
  </tr>
  <tr valign="top">
    <td align="right">24450</td>
    <td align="left">sms_us</td>
    <td align="left">&nbsp; </td>
    <td align="left">Timeout</td>
    <td align="left">PgSleep</td>
    <td align="left">active</td>
    <td align="right">1</td>
    <td align="right">0.00</td>
    <td align="left">2023-08-16 11:30:00.025467</td>
    <td align="left">2023-08-16 11:30:00.027608</td>
    <td align="left">2023-08-16 11:30:00.027608</td>
    <td align="left">2023-08-16 11:30:00.027609</td>
    <td align="right">-5602027677633168075</td>
    <td align="left"><br />
DO<br />
$$<br />
BEGIN<br />
	SET SEARCH_PATH = sms_us, public;<br />
	CALL t4_run_translation_prc( p_</td>
  </tr>
  <tr valign="top">
    <td align="right">24457</td>
    <td align="left">sms_ca</td>
    <td align="left">&nbsp; </td>
    <td align="left">Timeout</td>
    <td align="left">PgSleep</td>
    <td align="left">active</td>
    <td align="right">1</td>
    <td align="right">0.00</td>
    <td align="left">2023-08-16 11:30:00.072984</td>
    <td align="left">2023-08-16 11:30:00.075</td>
    <td align="left">2023-08-16 11:30:00.075</td>
    <td align="left">2023-08-16 11:30:00.075</td>
    <td align="right">1432308672322635048</td>
    <td align="left"><br />
DO<br />
$$<br />
BEGIN<br />
	SET SEARCH_PATH = sms_ca, public;<br />
	CALL t4_run_translation_prc( p_</td>
  </tr>
  <tr valign="top">
    <td align="right">24453</td>
    <td align="left">sms_us</td>
    <td align="left">&nbsp; </td>
    <td align="left">Timeout</td>
    <td align="left">PgSleep</td>
    <td align="left">active</td>
    <td align="right">1</td>
    <td align="right">0.00</td>
    <td align="left">2023-08-16 11:30:00.045559</td>
    <td align="left">2023-08-16 11:30:00.047547</td>
    <td align="left">2023-08-16 11:30:00.047547</td>
    <td align="left">2023-08-16 11:30:00.047547</td>
    <td align="right">2552212419396369618</td>
    <td align="left"><br />
DO<br />
$$<br />
BEGIN<br />
	SET SEARCH_PATH = sms_us, public;<br />
	CALL t3_run_translation_prc( p_</td>
  </tr>
  <tr valign="top">
    <td align="right">24461</td>
    <td align="left">sms_ca</td>
    <td align="left">&nbsp; </td>
    <td align="left">Timeout</td>
    <td align="left">PgSleep</td>
    <td align="left">active</td>
    <td align="right">1</td>
    <td align="right">0.00</td>
    <td align="left">2023-08-16 11:30:00.101923</td>
    <td align="left">2023-08-16 11:30:00.104034</td>
    <td align="left">2023-08-16 11:30:00.104034</td>
    <td align="left">2023-08-16 11:30:00.104034</td>
    <td align="right">-4922064919122320516</td>
    <td align="left"><br />
DO<br />
$$<br />
BEGIN<br />
	SET SEARCH_PATH = sms_ca, public;<br />
	CALL t2_run_translation_prc( p_</td>
  </tr>
  <tr valign="top">
    <td align="right">24462</td>
    <td align="left">sms_ca</td>
    <td align="left">&nbsp; </td>
    <td align="left">Timeout</td>
    <td align="left">PgSleep</td>
    <td align="left">active</td>
    <td align="right">1</td>
    <td align="right">0.00</td>
    <td align="left">2023-08-16 11:30:00.109371</td>
    <td align="left">2023-08-16 11:30:00.111986</td>
    <td align="left">2023-08-16 11:30:00.111986</td>
    <td align="left">2023-08-16 11:30:00.111987</td>
    <td align="right">7888358965784332252</td>
    <td align="left"><br />
DO<br />
$$<br />
BEGIN<br />
	SET SEARCH_PATH = sms_ca, public;<br />
	CALL t2_run_translation_prc( p_</td>
  </tr>
  <tr valign="top">
    <td align="right">24463</td>
    <td align="left">sms_ca</td>
    <td align="left">&nbsp; </td>
    <td align="left">Timeout</td>
    <td align="left">PgSleep</td>
    <td align="left">active</td>
    <td align="right">1</td>
    <td align="right">0.00</td>
    <td align="left">2023-08-16 11:30:00.117649</td>
    <td align="left">2023-08-16 11:30:00.120155</td>
    <td align="left">2023-08-16 11:30:00.120155</td>
    <td align="left">2023-08-16 11:30:00.120155</td>
    <td align="right">7606751258115491132</td>
    <td align="left"><br />
DO<br />
$$<br />
BEGIN<br />
	SET SEARCH_PATH = sms_ca, public;<br />
	CALL t3_run_translation_prc( p_</td>
  </tr>
  <tr valign="top">
    <td align="right">24464</td>
    <td align="left">sms_ca</td>
    <td align="left">&nbsp; </td>
    <td align="left">Timeout</td>
    <td align="left">PgSleep</td>
    <td align="left">active</td>
    <td align="right">1</td>
    <td align="right">0.00</td>
    <td align="left">2023-08-16 11:30:00.12594</td>
    <td align="left">2023-08-16 11:30:00.128155</td>
    <td align="left">2023-08-16 11:30:00.128155</td>
    <td align="left">2023-08-16 11:30:00.128155</td>
    <td align="right">-6346569923839252702</td>
    <td align="left"><br />
DO<br />
$$<br />
BEGIN<br />
	SET SEARCH_PATH = sms_ca, public;<br />
	CALL t4_run_translation_prc( p_</td>
  </tr>
  <tr valign="top">
    <td align="right">24459</td>
    <td align="left">sms_us</td>
    <td align="left">&nbsp; </td>
    <td align="left">Timeout</td>
    <td align="left">PgSleep</td>
    <td align="left">active</td>
    <td align="right">1</td>
    <td align="right">0.00</td>
    <td align="left">2023-08-16 11:30:00.0872</td>
    <td align="left">2023-08-16 11:30:00.08926</td>
    <td align="left">2023-08-16 11:30:00.08926</td>
    <td align="left">2023-08-16 11:30:00.08926</td>
    <td align="right">6613247162391363827</td>
    <td align="left"><br />
DO<br />
$$<br />
BEGIN<br />
	SET SEARCH_PATH = sms_us, public;<br />
	CALL t4_run_translation_prc( p_</td>
  </tr>
  <tr valign="top">
    <td align="right">24454</td>
    <td align="left">sms_us</td>
    <td align="left">&nbsp; </td>
    <td align="left">Timeout</td>
    <td align="left">PgSleep</td>
    <td align="left">active</td>
    <td align="right">1</td>
    <td align="right">0.00</td>
    <td align="left">2023-08-16 11:30:00.052168</td>
    <td align="left">2023-08-16 11:30:00.054412</td>
    <td align="left">2023-08-16 11:30:00.054412</td>
    <td align="left">2023-08-16 11:30:00.054413</td>
    <td align="right">-811969459055416037</td>
    <td align="left"><br />
DO<br />
$$<br />
BEGIN<br />
	SET SEARCH_PATH = sms_us, public;<br />
	CALL t3_run_translation_prc( p_</td>
  </tr>
</table>

<table border="0">
  <tr valign="top">
    <td align="left">&nbsp; </td>
  </tr>
</table>

<h2>TOP 10 SYSTEM WAIT EVENTS</h2>
<table border="1">
  <tr>
    <th align="center">type_name</th>
    <th align="center">event_name</th>
    <th align="center">waits</th>
    <th align="center">wait_time_seconds</th>
    <th align="center">wait_time_minutes</th>
  </tr>
  <tr valign="top">
    <td align="left">Client</td>
    <td align="left">ClientRead</td>
    <td align="right">9718</td>
    <td align="right">36708.00</td>
    <td align="right">611.00</td>
  </tr>
  <tr valign="top">
    <td align="left">Timeout</td>
    <td align="left">PgSleep</td>
    <td align="right">91142</td>
    <td align="right">21142.00</td>
    <td align="right">352.00</td>
  </tr>
  <tr valign="top">
    <td align="left">Extension</td>
    <td align="left">Extension</td>
    <td align="right">191</td>
    <td align="right">3699.00</td>
    <td align="right">61.00</td>
  </tr>
  <tr valign="top">
    <td align="left">Client</td>
    <td align="left">WalSenderWaitForWAL</td>
    <td align="right">11560</td>
    <td align="right">3591.00</td>
    <td align="right">59.00</td>
  </tr>
  <tr valign="top">
    <td align="left">Activity</td>
    <td align="left">CheckpointerMain</td>
    <td align="right">36</td>
    <td align="right">1801.00</td>
    <td align="right">30.00</td>
  </tr>
  <tr valign="top">
    <td align="left">Activity</td>
    <td align="left">LogicalLauncherMain</td>
    <td align="right">10</td>
    <td align="right">1800.00</td>
    <td align="right">30.00</td>
  </tr>
  <tr valign="top">
    <td align="left">Activity</td>
    <td align="left">WalWriterMain</td>
    <td align="right">8957</td>
    <td align="right">1800.00</td>
    <td align="right">30.00</td>
  </tr>
  <tr valign="top">
    <td align="left">Activity</td>
    <td align="left">AutoVacuumMain</td>
    <td align="right">3249</td>
    <td align="right">1789.00</td>
    <td align="right">29.00</td>
  </tr>
  <tr valign="top">
    <td align="left">Activity</td>
    <td align="left">BgWriterHibernate</td>
    <td align="right">211</td>
    <td align="right">1757.00</td>
    <td align="right">29.00</td>
  </tr>
  <tr valign="top">
    <td align="left">Activity</td>
    <td align="left">BgWriterMain</td>
    <td align="right">212</td>
    <td align="right">42.00</td>
    <td align="right">0.00</td>
  </tr>
</table>

<table border="0">
  <tr valign="top">
    <td align="left">&nbsp; </td>
  </tr>
</table>

<h2>TOP 10 STATEMENTS BY TOTAL EXECUTION TIME</h2>
<table border="1">
  <tr>
    <th align="center">queryid</th>
    <th align="center">usename</th>
    <th align="center">total_exec_time_%</th>
    <th align="center">total_exec_time</th>
    <th align="center">calls</th>
    <th align="center">time_by_call_secs</th>
    <th align="center">io_blks</th>
    <th align="center">io_blks_by_call</th>
    <th align="center">io_time</th>
    <th align="center">cache_hit_%</th>
    <th align="center">partial_query</th>
  </tr>
  <tr valign="top">
    <td align="right">440101247839410938</td>
    <td align="left">sms_ca</td>
    <td align="left">49.0%</td>
    <td align="left">02:43:40.906234</td>
    <td align="left">9,780</td>
    <td align="right">1.0</td>
    <td align="right">0</td>
    <td align="right">0.0</td>
    <td align="left">00:00:00</td>
    <td align="right">&nbsp; </td>
    <td align="left">SELECT PG_SLEEP( $1 )</td>
  </tr>
  <tr valign="top">
    <td align="right">440101247839410938</td>
    <td align="left">sms_us</td>
    <td align="left">47.6%</td>
    <td align="left">02:38:45.165437</td>
    <td align="left">9,486</td>
    <td align="right">1.0</td>
    <td align="right">0</td>
    <td align="right">0.0</td>
    <td align="left">00:00:00</td>
    <td align="right">&nbsp; </td>
    <td align="left">SELECT PG_SLEEP( $1 )</td>
  </tr>
  <tr valign="top">
    <td align="right">-988384570552081831</td>
    <td align="left">sms_us</td>
    <td align="left">2.2%</td>
    <td align="left">00:07:16.103825</td>
    <td align="left">57,720</td>
    <td align="right">0.0</td>
    <td align="right">0</td>
    <td align="right">0.0</td>
    <td align="left">00:00:00</td>
    <td align="right">100.0</td>
    <td align="left">SELECT DISTINCT	l.poid_id0<br />
	                  FROM		(<br />
				SELECT		q.id,<br />
						q.</td>
  </tr>
  <tr valign="top">
    <td align="right">-3752374249174291274</td>
    <td align="left">sms_ca</td>
    <td align="left">0.7%</td>
    <td align="left">00:02:19.061043</td>
    <td align="left">63,600</td>
    <td align="right">0.0</td>
    <td align="right">0</td>
    <td align="right">0.0</td>
    <td align="left">00:00:00</td>
    <td align="right">100.0</td>
    <td align="left">SELECT DISTINCT	l.poid_id0<br />
	                  FROM		(<br />
				SELECT		q.id,<br />
						q.</td>
  </tr>
  <tr valign="top">
    <td align="right">8433306728127622968</td>
    <td align="left">postgres</td>
    <td align="left">0.1%</td>
    <td align="left">00:00:29.211776</td>
    <td align="left">2</td>
    <td align="right">14.6</td>
    <td align="right">0</td>
    <td align="right">0.0</td>
    <td align="left">00:00:00</td>
    <td align="right">100.0</td>
    <td align="left">select<br />
        last_snap.schemaname as schema_name,<br />
        last_snap.relname </td>
  </tr>
  <tr valign="top">
    <td align="right">-5637759665334263367</td>
    <td align="left">rdsadmin</td>
    <td align="left">0.1%</td>
    <td align="left">00:00:18.241106</td>
    <td align="left">60</td>
    <td align="right">0.3</td>
    <td align="right">0</td>
    <td align="right">0.0</td>
    <td align="left">00:00:00</td>
    <td align="right">&nbsp; </td>
    <td align="left">SELECT coalesce(sum(used_bytes),$1) FROM aurora_stat_file() WHERE filename like </td>
  </tr>
  <tr valign="top">
    <td align="right">-7755252728506352442</td>
    <td align="left">postgres</td>
    <td align="left">0.1%</td>
    <td align="left">00:00:16.634244</td>
    <td align="left">2</td>
    <td align="right">8.3</td>
    <td align="right">0</td>
    <td align="right">0.0</td>
    <td align="left">00:00:00</td>
    <td align="right">100.0</td>
    <td align="left">select<br />
        schemaname as schema_name,<br />
        relname as table_name,<br />
    </td>
  </tr>
  <tr valign="top">
    <td align="right">6834680640648252241</td>
    <td align="left">postgres</td>
    <td align="left">0.0%</td>
    <td align="left">00:00:06.294932</td>
    <td align="left">2</td>
    <td align="right">3.1</td>
    <td align="right">0</td>
    <td align="right">0.0</td>
    <td align="left">00:00:00</td>
    <td align="right">100.0</td>
    <td align="left">select<br />
	full_stmts.queryid,<br />
	full_stmts.usename,<br />
	hdp.sql_hash ,<br />
	hdp.plan_h</td>
  </tr>
  <tr valign="top">
    <td align="right">4804003503374779990</td>
    <td align="left">postgres</td>
    <td align="left">0.0%</td>
    <td align="left">00:00:04.498151</td>
    <td align="left">1</td>
    <td align="right">4.5</td>
    <td align="right">0</td>
    <td align="right">0.0</td>
    <td align="left">00:00:00</td>
    <td align="right">100.0</td>
    <td align="left">insert into statspack.hist_dba_plans<br />
SELECT v_snap_id, <br />
	dp.queryid ,<br />
	dp.sql</td>
  </tr>
  <tr valign="top">
    <td align="right">-9205383631247659200</td>
    <td align="left">postgres</td>
    <td align="left">0.0%</td>
    <td align="left">00:00:04.135374</td>
    <td align="left">1,859</td>
    <td align="right">0.0</td>
    <td align="right">0</td>
    <td align="right">0.0</td>
    <td align="left">00:00:00</td>
    <td align="right">100.0</td>
    <td align="left">select<br />
			apg_plan_mgmt.get_explain_plan(<br />
			p_sql_hash,<br />
			p_plan_hash)</td>
  </tr>
</table>

<table border="0">
  <tr valign="top">
    <td align="left">&nbsp; </td>
  </tr>
</table>

<h2>TOP 10 STATEMENTS BY EXECUTION TIME PER CALL</h2>
<table border="1">
  <tr>
    <th align="center">queryid</th>
    <th align="center">usename</th>
    <th align="center">time_by_call_%</th>
    <th align="center">total_exec_time</th>
    <th align="center">calls</th>
    <th align="center">time_by_call_secs</th>
    <th align="center">io_blks</th>
    <th align="center">io_blks_by_call</th>
    <th align="center">io_time</th>
    <th align="center">cache_hit_%</th>
    <th align="center">partial_query</th>
  </tr>
  <tr valign="top">
    <td align="right">8433306728127622968</td>
    <td align="left">postgres</td>
    <td align="left">34.7%</td>
    <td align="left">00:00:29.211776</td>
    <td align="left">2</td>
    <td align="right">14.6</td>
    <td align="right">0</td>
    <td align="right">0.0</td>
    <td align="left">00:00:00</td>
    <td align="right">100.0</td>
    <td align="left">select<br />
        last_snap.schemaname as schema_name,<br />
        last_snap.relname </td>
  </tr>
  <tr valign="top">
    <td align="right">-7755252728506352442</td>
    <td align="left">postgres</td>
    <td align="left">19.7%</td>
    <td align="left">00:00:16.634244</td>
    <td align="left">2</td>
    <td align="right">8.3</td>
    <td align="right">0</td>
    <td align="right">0.0</td>
    <td align="left">00:00:00</td>
    <td align="right">100.0</td>
    <td align="left">select<br />
        schemaname as schema_name,<br />
        relname as table_name,<br />
    </td>
  </tr>
  <tr valign="top">
    <td align="right">4804003503374779990</td>
    <td align="left">postgres</td>
    <td align="left">10.7%</td>
    <td align="left">00:00:04.498151</td>
    <td align="left">1</td>
    <td align="right">4.5</td>
    <td align="right">0</td>
    <td align="right">0.0</td>
    <td align="left">00:00:00</td>
    <td align="right">100.0</td>
    <td align="left">insert into statspack.hist_dba_plans<br />
SELECT v_snap_id, <br />
	dp.queryid ,<br />
	dp.sql</td>
  </tr>
  <tr valign="top">
    <td align="right">-2251745896956043182</td>
    <td align="left">postgres</td>
    <td align="left">9.7%</td>
    <td align="left">00:00:04.0796</td>
    <td align="left">1</td>
    <td align="right">4.1</td>
    <td align="right">0</td>
    <td align="right">0.0</td>
    <td align="left">00:00:00</td>
    <td align="right">100.0</td>
    <td align="left">insert into statspack.hist_indexes_with_nulls<br />
select<br />
    v_snap_id, <br />
	c_names</td>
  </tr>
  <tr valign="top">
    <td align="right">6834680640648252241</td>
    <td align="left">postgres</td>
    <td align="left">7.4%</td>
    <td align="left">00:00:06.294932</td>
    <td align="left">2</td>
    <td align="right">3.1</td>
    <td align="right">0</td>
    <td align="right">0.0</td>
    <td align="left">00:00:00</td>
    <td align="right">100.0</td>
    <td align="left">select<br />
	full_stmts.queryid,<br />
	full_stmts.usename,<br />
	hdp.sql_hash ,<br />
	hdp.plan_h</td>
  </tr>
  <tr valign="top">
    <td align="right">-8476560723964695141</td>
    <td align="left">postgres</td>
    <td align="left">3.3%</td>
    <td align="left">00:00:01.369633</td>
    <td align="left">1</td>
    <td align="right">1.4</td>
    <td align="right">0</td>
    <td align="right">0.0</td>
    <td align="left">00:00:00</td>
    <td align="right">100.0</td>
    <td align="left">insert into statspack.hist_pg_stat_all_tables <br />
select v_snap_id as snap_id, psa</td>
  </tr>
  <tr valign="top">
    <td align="right">440101247839410938</td>
    <td align="left">sms_ca</td>
    <td align="left">2.4%</td>
    <td align="left">02:43:40.906234</td>
    <td align="left">9,780</td>
    <td align="right">1.0</td>
    <td align="right">0</td>
    <td align="right">0.0</td>
    <td align="left">00:00:00</td>
    <td align="right">&nbsp; </td>
    <td align="left">SELECT PG_SLEEP( $1 )</td>
  </tr>
  <tr valign="top">
    <td align="right">440101247839410938</td>
    <td align="left">sms_us</td>
    <td align="left">2.4%</td>
    <td align="left">02:38:45.165437</td>
    <td align="left">9,486</td>
    <td align="right">1.0</td>
    <td align="right">0</td>
    <td align="right">0.0</td>
    <td align="left">00:00:00</td>
    <td align="right">&nbsp; </td>
    <td align="left">SELECT PG_SLEEP( $1 )</td>
  </tr>
  <tr valign="top">
    <td align="right">-8377807958197607965</td>
    <td align="left">postgres</td>
    <td align="left">1.4%</td>
    <td align="left">00:00:01.205454</td>
    <td align="left">2</td>
    <td align="right">0.6</td>
    <td align="right">0</td>
    <td align="right">0.0</td>
    <td align="left">00:00:00</td>
    <td align="right">100.0</td>
    <td align="left">select<br />
        last_snap.queryid,<br />
        last_snap.usename,<br />
        to_char(((c</td>
  </tr>
  <tr valign="top">
    <td align="right">1518133737782466899</td>
    <td align="left">postgres</td>
    <td align="left">1.4%</td>
    <td align="left">00:00:01.206922</td>
    <td align="left">2</td>
    <td align="right">0.6</td>
    <td align="right">0</td>
    <td align="right">0.0</td>
    <td align="left">00:00:00</td>
    <td align="right">100.0</td>
    <td align="left">select<br />
        last_snap.queryid,<br />
        last_snap.usename,<br />
        to_char(</td>
  </tr>
</table>

<table border="0">
  <tr valign="top">
    <td align="left">&nbsp; </td>
  </tr>
</table>

<h2>TOP 10 STATEMENTS BY IO by call</h2>
<table border="1">
  <tr>
    <th align="center">queryid</th>
    <th align="center">usename</th>
    <th align="center">IO_by_call_%</th>
    <th align="center">total_exec_time</th>
    <th align="center">calls</th>
    <th align="center">time_by_call_secs</th>
    <th align="center">io_blks</th>
    <th align="center">io_blks_by_call</th>
    <th align="center">io_time</th>
    <th align="center">cache_hit_%</th>
    <th align="center">partial_query</th>
  </tr>
  <tr valign="top">
    <td align="right">-1062693413185283266</td>
    <td align="left">rdsadmin</td>
    <td align="left">27.5%</td>
    <td align="left">00:00:00.009484</td>
    <td align="left">148</td>
    <td align="right">0.0</td>
    <td align="right">19</td>
    <td align="right">0.1</td>
    <td align="left">00:00:00</td>
    <td align="right">100.0</td>
    <td align="left">update cron.job_run_details set return_message = $1 where runid = $2</td>
  </tr>
  <tr valign="top">
    <td align="right">-1045593365252786405</td>
    <td align="left">sms_us</td>
    <td align="left">26.8%</td>
    <td align="left">00:00:00.002769</td>
    <td align="left">24</td>
    <td align="right">0.0</td>
    <td align="right">3</td>
    <td align="right">0.1</td>
    <td align="left">00:00:00</td>
    <td align="right">100.0</td>
    <td align="left">INSERT INTO &quot;sms_us&quot;.&quot;awsdms_history&quot;(&quot;server_name&quot;,&quot;task_name&quot;,&quot;timeslot_type&quot;,</td>
  </tr>
  <tr valign="top">
    <td align="right">761346580733072468</td>
    <td align="left">sms_us</td>
    <td align="left">7.1%</td>
    <td align="left">00:00:00.041461</td>
    <td align="left">60</td>
    <td align="right">0.0</td>
    <td align="right">2</td>
    <td align="right">0.0</td>
    <td align="left">00:00:00</td>
    <td align="right">100.0</td>
    <td align="left">INSERT INTO	t3_translation_job_run<br />
			(<br />
				job_code,<br />
				thread_id,<br />
				status,</td>
  </tr>
  <tr valign="top">
    <td align="right">-3972724173844313674</td>
    <td align="left">rdsadmin</td>
    <td align="left">5.9%</td>
    <td align="left">00:00:00.031088</td>
    <td align="left">505</td>
    <td align="right">0.0</td>
    <td align="right">14</td>
    <td align="right">0.0</td>
    <td align="left">00:00:00</td>
    <td align="right">100.0</td>
    <td align="left">insert into cron.job_run_details (jobid, runid, database, username, command, sta</td>
  </tr>
  <tr valign="top">
    <td align="right">2801495191357830112</td>
    <td align="left">rdsadmin</td>
    <td align="left">5.5%</td>
    <td align="left">00:00:00.035843</td>
    <td align="left">504</td>
    <td align="right">0.0</td>
    <td align="right">13</td>
    <td align="right">0.0</td>
    <td align="left">00:00:00</td>
    <td align="right">100.0</td>
    <td align="left">update cron.job_run_details set job_pid = $1, status = $2, start_time = $3 where</td>
  </tr>
  <tr valign="top">
    <td align="right">1299638734432102255</td>
    <td align="left">sms_us</td>
    <td align="left">5.4%</td>
    <td align="left">00:00:00.011773</td>
    <td align="left">120</td>
    <td align="right">0.0</td>
    <td align="right">3</td>
    <td align="right">0.0</td>
    <td align="left">00:00:00</td>
    <td align="right">100.0</td>
    <td align="left">INSERT INTO	t4_translation_job_run_detail<br />
					(<br />
						run_id,<br />
						poid_type,<br />
</td>
  </tr>
  <tr valign="top">
    <td align="right">-8324223908774771683</td>
    <td align="left">sms_us</td>
    <td align="left">4.3%</td>
    <td align="left">00:00:00.01724</td>
    <td align="left">300</td>
    <td align="right">0.0</td>
    <td align="right">6</td>
    <td align="right">0.0</td>
    <td align="left">00:00:00</td>
    <td align="right">100.0</td>
    <td align="left">INSERT INTO	t3_translation_job_run_detail<br />
					(<br />
						run_id,<br />
						poid_type,<br />
</td>
  </tr>
  <tr valign="top">
    <td align="right">-7669510927936620542</td>
    <td align="left">sms_us</td>
    <td align="left">3.6%</td>
    <td align="left">00:00:00.098336</td>
    <td align="left">120</td>
    <td align="right">0.0</td>
    <td align="right">2</td>
    <td align="right">0.0</td>
    <td align="left">00:00:00</td>
    <td align="right">100.0</td>
    <td align="left">INSERT INTO	t2_translation_job_run<br />
			(<br />
				job_code,<br />
				thread_id,<br />
				status,</td>
  </tr>
  <tr valign="top">
    <td align="right">762360656030467831</td>
    <td align="left">sms_ca</td>
    <td align="left">3.6%</td>
    <td align="left">00:00:00.01858</td>
    <td align="left">300</td>
    <td align="right">0.0</td>
    <td align="right">5</td>
    <td align="right">0.0</td>
    <td align="left">00:00:00</td>
    <td align="right">100.0</td>
    <td align="left">INSERT INTO	t3_translation_job_run_detail<br />
					(<br />
						run_id,<br />
						poid_type,<br />
</td>
  </tr>
  <tr valign="top">
    <td align="right">-1242161580527850213</td>
    <td align="left">rdsadmin</td>
    <td align="left">3.4%</td>
    <td align="left">00:00:00.04136</td>
    <td align="left">506</td>
    <td align="right">0.0</td>
    <td align="right">8</td>
    <td align="right">0.0</td>
    <td align="left">00:00:00</td>
    <td align="right">100.0</td>
    <td align="left">update cron.job_run_details set status = $1, return_message = $2, end_time = $3 </td>
  </tr>
</table>

<table border="0">
  <tr valign="top">
    <td align="left">&nbsp; </td>
  </tr>
</table>

<h2>TOP 10 STATEMENTS BY TOTAL IO</h2>
<table border="1">
  <tr>
    <th align="center">queryid</th>
    <th align="center">usename</th>
    <th align="center">IO_%</th>
    <th align="center">total_exec_time</th>
    <th align="center">calls</th>
    <th align="center">time_by_call_secs</th>
    <th align="center">io_blks</th>
    <th align="center">io_blks_by_call</th>
    <th align="center">io_time</th>
    <th align="center">cache_hit_%</th>
    <th align="center">partial_query</th>
  </tr>
  <tr valign="top">
    <td align="right">-1062693413185283266</td>
    <td align="left">rdsadmin</td>
    <td align="left">19.8%</td>
    <td align="left">00:00:00.009484</td>
    <td align="left">148</td>
    <td align="right">0.0</td>
    <td align="right">19</td>
    <td align="right">0.0</td>
    <td align="left">00:00:00</td>
    <td align="right">100.0</td>
    <td align="left">update cron.job_run_details set return_message = $1 where runid = $2</td>
  </tr>
  <tr valign="top">
    <td align="right">-3972724173844313674</td>
    <td align="left">rdsadmin</td>
    <td align="left">14.6%</td>
    <td align="left">00:00:00.031088</td>
    <td align="left">505</td>
    <td align="right">0.0</td>
    <td align="right">14</td>
    <td align="right">0.0</td>
    <td align="left">00:00:00</td>
    <td align="right">100.0</td>
    <td align="left">insert into cron.job_run_details (jobid, runid, database, username, command, sta</td>
  </tr>
  <tr valign="top">
    <td align="right">2801495191357830112</td>
    <td align="left">rdsadmin</td>
    <td align="left">13.5%</td>
    <td align="left">00:00:00.035843</td>
    <td align="left">504</td>
    <td align="right">0.0</td>
    <td align="right">13</td>
    <td align="right">0.0</td>
    <td align="left">00:00:00</td>
    <td align="right">100.0</td>
    <td align="left">update cron.job_run_details set job_pid = $1, status = $2, start_time = $3 where</td>
  </tr>
  <tr valign="top">
    <td align="right">4627523901028341647</td>
    <td align="left">sms_ca</td>
    <td align="left">11.5%</td>
    <td align="left">00:00:00.031479</td>
    <td align="left">1,200</td>
    <td align="right">0.0</td>
    <td align="right">11</td>
    <td align="right">0.0</td>
    <td align="left">00:00:00</td>
    <td align="right">100.0</td>
    <td align="left">INSERT INTO	t2_translation_job_run_detail<br />
					(<br />
						run_id,<br />
						poid_type,<br />
</td>
  </tr>
  <tr valign="top">
    <td align="right">-1242161580527850213</td>
    <td align="left">rdsadmin</td>
    <td align="left">8.3%</td>
    <td align="left">00:00:00.04136</td>
    <td align="left">506</td>
    <td align="right">0.0</td>
    <td align="right">8</td>
    <td align="right">0.0</td>
    <td align="left">00:00:00</td>
    <td align="right">100.0</td>
    <td align="left">update cron.job_run_details set status = $1, return_message = $2, end_time = $3 </td>
  </tr>
  <tr valign="top">
    <td align="right">-4385051247624515853</td>
    <td align="left">sms_us</td>
    <td align="left">8.3%</td>
    <td align="left">00:00:00.028259</td>
    <td align="left">1,200</td>
    <td align="right">0.0</td>
    <td align="right">8</td>
    <td align="right">0.0</td>
    <td align="left">00:00:00</td>
    <td align="right">100.0</td>
    <td align="left">INSERT INTO	t2_translation_job_run_detail<br />
					(<br />
						run_id,<br />
						poid_type,<br />
</td>
  </tr>
  <tr valign="top">
    <td align="right">-8324223908774771683</td>
    <td align="left">sms_us</td>
    <td align="left">6.3%</td>
    <td align="left">00:00:00.01724</td>
    <td align="left">300</td>
    <td align="right">0.0</td>
    <td align="right">6</td>
    <td align="right">0.0</td>
    <td align="left">00:00:00</td>
    <td align="right">100.0</td>
    <td align="left">INSERT INTO	t3_translation_job_run_detail<br />
					(<br />
						run_id,<br />
						poid_type,<br />
</td>
  </tr>
  <tr valign="top">
    <td align="right">762360656030467831</td>
    <td align="left">sms_ca</td>
    <td align="left">5.2%</td>
    <td align="left">00:00:00.01858</td>
    <td align="left">300</td>
    <td align="right">0.0</td>
    <td align="right">5</td>
    <td align="right">0.0</td>
    <td align="left">00:00:00</td>
    <td align="right">100.0</td>
    <td align="left">INSERT INTO	t3_translation_job_run_detail<br />
					(<br />
						run_id,<br />
						poid_type,<br />
</td>
  </tr>
  <tr valign="top">
    <td align="right">-1045593365252786405</td>
    <td align="left">sms_us</td>
    <td align="left">3.1%</td>
    <td align="left">00:00:00.002769</td>
    <td align="left">24</td>
    <td align="right">0.0</td>
    <td align="right">3</td>
    <td align="right">0.0</td>
    <td align="left">00:00:00</td>
    <td align="right">100.0</td>
    <td align="left">INSERT INTO &quot;sms_us&quot;.&quot;awsdms_history&quot;(&quot;server_name&quot;,&quot;task_name&quot;,&quot;timeslot_type&quot;,</td>
  </tr>
  <tr valign="top">
    <td align="right">1299638734432102255</td>
    <td align="left">sms_us</td>
    <td align="left">3.1%</td>
    <td align="left">00:00:00.011773</td>
    <td align="left">120</td>
    <td align="right">0.0</td>
    <td align="right">3</td>
    <td align="right">0.0</td>
    <td align="left">00:00:00</td>
    <td align="right">100.0</td>
    <td align="left">INSERT INTO	t4_translation_job_run_detail<br />
					(<br />
						run_id,<br />
						poid_type,<br />
</td>
  </tr>
</table>

<table border="0">
  <tr valign="top">
    <td align="left">&nbsp; </td>
  </tr>
</table>

<h2>SEQUENCIAL SCANS BETWEEN SNAPSHOTS - Check if we need indexes</h2>
<table border="1">
  <tr>
    <th align="center">schema_name</th>
    <th align="center">table_name</th>
    <th align="center">seq_scan</th>
    <th align="center">idx_scan</th>
    <th align="center">percent_of_times_index_used</th>
    <th align="center">rows_in_table</th>
  </tr>
  <tr valign="top">
    <td align="left">statspack</td>
    <td align="left">hist_pg_stat_all_tables</td>
    <td align="right">6</td>
    <td align="right">0</td>
    <td align="right">0</td>
    <td align="right">54105670</td>
  </tr>
  <tr valign="top">
    <td align="left">statspack</td>
    <td align="left">hist_pg_stat_statements</td>
    <td align="right">32</td>
    <td align="right">0</td>
    <td align="right">0</td>
    <td align="right">1389806</td>
  </tr>
  <tr valign="top">
    <td align="left">idm_dblink</td>
    <td align="left">mv_dev_prov_aepa_mig</td>
    <td align="right">25</td>
    <td align="right">0</td>
    <td align="right">0</td>
    <td align="right">81967</td>
  </tr>
  <tr valign="top">
    <td align="left">statspack</td>
    <td align="left">hist_dba_plans</td>
    <td align="right">2</td>
    <td align="right">0</td>
    <td align="right">0</td>
    <td align="right">661358</td>
  </tr>
  <tr valign="top">
    <td align="left">statspack</td>
    <td align="left">hist_pg_settings</td>
    <td align="right">6</td>
    <td align="right">0</td>
    <td align="right">0</td>
    <td align="right">192675</td>
  </tr>
  <tr valign="top">
    <td align="left">statspack</td>
    <td align="left">hist_active_sessions_waits</td>
    <td align="right">34</td>
    <td align="right">0</td>
    <td align="right">0</td>
    <td align="right">29172</td>
  </tr>
  <tr valign="top">
    <td align="left">statspack</td>
    <td align="left">hist_stat_system_waits</td>
    <td align="right">4</td>
    <td align="right">0</td>
    <td align="right">0</td>
    <td align="right">29759</td>
  </tr>
  <tr valign="top">
    <td align="left">statspack</td>
    <td align="left">hist_pg_users</td>
    <td align="right">16</td>
    <td align="right">0</td>
    <td align="right">0</td>
    <td align="right">7340</td>
  </tr>
  <tr valign="top">
    <td align="left">sms_us</td>
    <td align="left">t2_dml_queue_atlas_flat_service_esn</td>
    <td align="right">3300</td>
    <td align="right">0</td>
    <td align="right">0</td>
    <td align="right">19</td>
  </tr>
  <tr valign="top">
    <td align="left">sms_us</td>
    <td align="left">t2_dml_queue_atlas_flat_service_sir</td>
    <td align="right">3300</td>
    <td align="right">0</td>
    <td align="right">0</td>
    <td align="right">18</td>
  </tr>
</table>

<table border="0">
  <tr valign="top">
    <td align="left">&nbsp; </td>
  </tr>
</table>

<h2>SEQUENCIAL SCANS FROM TABLE STATS (Cumulative) - Top 20 - Check if we need indexes</h2>
<table border="1">
  <tr>
    <th align="center">schema_name</th>
    <th align="center">table_name</th>
    <th align="center">seq_scan</th>
    <th align="center">idx_scan</th>
    <th align="center">percent_of_times_index_used</th>
    <th align="center">rows_in_table</th>
  </tr>
  <tr valign="top">
    <td align="left">sms_us</td>
    <td align="left">t2_dml_queue_atlas_flat_service_sir</td>
    <td align="right">5639622</td>
    <td align="right">0</td>
    <td align="right">0</td>
    <td align="right">18</td>
  </tr>
  <tr valign="top">
    <td align="left">sms_us</td>
    <td align="left">t2_dml_queue_atlas_flat_service_esn</td>
    <td align="right">5080112</td>
    <td align="right">0</td>
    <td align="right">0</td>
    <td align="right">19</td>
  </tr>
  <tr valign="top">
    <td align="left">sms_us</td>
    <td align="left">t2_country</td>
    <td align="right">134665</td>
    <td align="right">0</td>
    <td align="right">0</td>
    <td align="right">1</td>
  </tr>
  <tr valign="top">
    <td align="left">sms_ca</td>
    <td align="left">t2_country</td>
    <td align="right">134656</td>
    <td align="right">0</td>
    <td align="right">0</td>
    <td align="right">1</td>
  </tr>
  <tr valign="top">
    <td align="left">sms_us</td>
    <td align="left">t2_translation_job_worker</td>
    <td align="right">125998</td>
    <td align="right">981</td>
    <td align="right">0</td>
    <td align="right">105</td>
  </tr>
  <tr valign="top">
    <td align="left">sms_ca</td>
    <td align="left">t2_translation_job_worker</td>
    <td align="right">125985</td>
    <td align="right">981</td>
    <td align="right">0</td>
    <td align="right">105</td>
  </tr>
  <tr valign="top">
    <td align="left">sms_us</td>
    <td align="left">t4_translation_job_worker</td>
    <td align="right">62997</td>
    <td align="right">22</td>
    <td align="right">0</td>
    <td align="right">2</td>
  </tr>
  <tr valign="top">
    <td align="left">sms_us</td>
    <td align="left">t3_translation_job_worker</td>
    <td align="right">62996</td>
    <td align="right">53</td>
    <td align="right">0</td>
    <td align="right">5</td>
  </tr>
  <tr valign="top">
    <td align="left">sms_ca</td>
    <td align="left">t4_translation_job_worker</td>
    <td align="right">62991</td>
    <td align="right">22</td>
    <td align="right">0</td>
    <td align="right">2</td>
  </tr>
  <tr valign="top">
    <td align="left">sms_ca</td>
    <td align="left">t3_translation_job_worker</td>
    <td align="right">62991</td>
    <td align="right">53</td>
    <td align="right">0</td>
    <td align="right">5</td>
  </tr>
  <tr valign="top">
    <td align="left">sms_us</td>
    <td align="left">stripe_api_mapping_t</td>
    <td align="right">44741</td>
    <td align="right">0</td>
    <td align="right">0</td>
    <td align="right">44629</td>
  </tr>
  <tr valign="top">
    <td align="left">idm_dblink</td>
    <td align="left">mv_dev_prov_aepa_mig</td>
    <td align="right">10225</td>
    <td align="right">0</td>
    <td align="right">0</td>
    <td align="right">81967</td>
  </tr>
  <tr valign="top">
    <td align="left">sms_ca</td>
    <td align="left">t1_delta_columns</td>
    <td align="right">6944</td>
    <td align="right">0</td>
    <td align="right">0</td>
    <td align="right">6813</td>
  </tr>
  <tr valign="top">
    <td align="left">sms_us</td>
    <td align="left">t1_delta_columns</td>
    <td align="right">6944</td>
    <td align="right">0</td>
    <td align="right">0</td>
    <td align="right">6813</td>
  </tr>
  <tr valign="top">
    <td align="left">sms_us</td>
    <td align="left">channel_code_t</td>
    <td align="right">3874</td>
    <td align="right">0</td>
    <td align="right">0</td>
    <td align="right">3874</td>
  </tr>
  <tr valign="top">
    <td align="left">sms_us</td>
    <td align="left">config_sirius_pkgmap_attr_t</td>
    <td align="right">2797</td>
    <td align="right">0</td>
    <td align="right">0</td>
    <td align="right">935</td>
  </tr>
  <tr valign="top">
    <td align="left">sms_us</td>
    <td align="left">strings_t</td>
    <td align="right">2078</td>
    <td align="right">0</td>
    <td align="right">0</td>
    <td align="right">1796</td>
  </tr>
  <tr valign="top">
    <td align="left">sms_us</td>
    <td align="left">config_sirius_plan_desc_map_t</td>
    <td align="right">1180</td>
    <td align="right">0</td>
    <td align="right">0</td>
    <td align="right">594</td>
  </tr>
  <tr valign="top">
    <td align="left">statspack</td>
    <td align="left">hist_pg_stat_statements</td>
    <td align="right">954</td>
    <td align="right">0</td>
    <td align="right">0</td>
    <td align="right">1389806</td>
  </tr>
  <tr valign="top">
    <td align="left">statspack</td>
    <td align="left">hist_snapshots</td>
    <td align="right">883</td>
    <td align="right">0</td>
    <td align="right">0</td>
    <td align="right">367</td>
  </tr>
</table>

<table border="0">
  <tr valign="top">
    <td align="left">&nbsp; </td>
  </tr>
</table>

<h2>TOP 10 INDEXES WITH A HIGH RATIO OF NULL VALUES</h2>
<table border="1">
  <tr>
    <th align="center">schema</th>
    <th align="center">table_name</th>
    <th align="center">index_name</th>
    <th align="center">unique</th>
    <th align="center">indexed_column</th>
    <th align="center">index_size</th>
    <th align="center">null_%</th>
    <th align="center">expected_saving</th>
  </tr>
</table>

<table border="1">
  <tr valign="top">
    <td align="left">No indexes with issues found.</td>
  </tr>
</table>

<table border="0">
  <tr valign="top">
    <td align="left">&nbsp; </td>
  </tr>
</table>

<h2>HEAVY QUERIES - FULL TEXT AND EXPLAIN PLANS</h2>
<table border="1">
  <tr>
    <th align="center">queryid</th>
    <th align="center">usename</th>
    <th align="center">sql_hash</th>
    <th align="center">plan_hash</th>
    <th align="center">enabled</th>
    <th align="center">status</th>
    <th align="center">estimated_total_cost</th>
    <th align="center">last_used</th>
    <th align="center">explain_plan</th>
    <th align="center">full_query</th>
  </tr>
  <tr valign="top">
    <td align="right">-9205383631247659200</td>
    <td align="left">postgres</td>
    <td align="right">&nbsp; </td>
    <td align="right">&nbsp; </td>
    <td align="left">&nbsp; </td>
    <td align="left">&nbsp; </td>
    <td align="right">&nbsp; </td>
    <td align="left">&nbsp; </td>
    <td align="left">&nbsp; </td>
    <td align="left">select<br />
			apg_plan_mgmt.get_explain_plan(<br />
			p_sql_hash,<br />
			p_plan_hash)</td>
  </tr>
  <tr valign="top">
    <td align="right">-8952563567093183419</td>
    <td align="left">rdsadmin</td>
    <td align="right">&nbsp; </td>
    <td align="right">&nbsp; </td>
    <td align="left">&nbsp; </td>
    <td align="left">&nbsp; </td>
    <td align="right">&nbsp; </td>
    <td align="left">&nbsp; </td>
    <td align="left">&nbsp; </td>
    <td align="left">select sum(aurora_stat_get_db_commit_latency(oid)) from pg_database</td>
  </tr>
  <tr valign="top">
    <td align="right">-8476560723964695141</td>
    <td align="left">postgres</td>
    <td align="right">&nbsp; </td>
    <td align="right">&nbsp; </td>
    <td align="left">&nbsp; </td>
    <td align="left">&nbsp; </td>
    <td align="right">&nbsp; </td>
    <td align="left">&nbsp; </td>
    <td align="left">&nbsp; </td>
    <td align="left">insert into statspack.hist_pg_stat_all_tables <br />
select v_snap_id as snap_id, psat.*<br />
from pg_stat_all_tables psat</td>
  </tr>
  <tr valign="top">
    <td align="right">-8377807958197607965</td>
    <td align="left">postgres</td>
    <td align="right">-2022358811</td>
    <td align="right">1224777963</td>
    <td align="left">t</td>
    <td align="left">Approved</td>
    <td align="right">353576</td>
    <td align="left">2023-08-16</td>
    <td align="left">Limit  (cost=353574.13..353575.60 rows=10 width=304)<br />
  -&gt;  Result  (cost=353574.13..354083.45 rows=3453 width=304)<br />
        -&gt;  Sort  (cost=353574.13..353582.76 rows=3453 width=352)<br />
              Sort Key: (CASE WHEN ((pss.calls - COALESCE(hist_pg_stat_statements.calls, '0'::bigint)) &gt; 0) THEN (((((pss.shared_blks_read + pss.shared_blks_written) - COALESCE(hist_pg_stat_statements.shared_blks_read, '0'::bigint)) - COALESCE(hist_pg_stat_statements.shared_blks_written, '0'::bigint)))::numeric / ((pss.calls - COALESCE(hist_pg_stat_statements.calls, '0'::bigint)))::numeric) ELSE '0'::numeric END) DESC NULLS LAST<br />
              -&gt;  WindowAgg  (cost=352880.05..353499.51 rows=3453 width=352)<br />
                    -&gt;  Merge Join  (cost=352880.05..353024.72 rows=3453 width=741)<br />
                          Merge Cond: (users.usesysid = pss.userid)<br />
                          -&gt;  Sort  (cost=257.93..257.98 rows=20 width=72)<br />
                                Sort Key: users.usesysid<br />
                                -&gt;  Seq Scan on hist_pg_users users  (cost=0.00..257.50 rows=20 width=72)<br />
                                      Filter: (snap_id = 575)<br />
                          -&gt;  Materialize  (cost=352622.11..352723.90 rows=3469 width=685)<br />
                                -&gt;  Merge Left Join  (cost=352622.11..352715.23 rows=3469 width=685)<br />
                                      Merge Cond: ((pss.userid = hist_pg_stat_statements.userid) AND (pss.dbid = hist_pg_stat_statements.dbid) AND (pss.queryid = hist_pg_stat_statements.queryid) AND (pss.toplevel = hist_pg_stat_statements.toplevel))<br />
                                      -&gt;  Sort  (cost=176311.06..176319.73 rows=3469 width=642)<br />
                                            Sort Key: pss.userid, pss.dbid, pss.queryid, pss.toplevel<br />
                                            -&gt;  Seq Scan on hist_pg_stat_statements pss  (cost=0.00..176107.08 rows=3469 width=642)<br />
                                                  Filter: (snap_id = 575)<br />
                                      -&gt;  Sort  (cost=176311.06..176319.73 rows=3469 width=65)<br />
                                            Sort Key: hist_pg_stat_statements.userid, hist_pg_stat_statements.dbid, hist_pg_stat_statements.queryid, hist_pg_stat_statements.toplevel<br />
                                            -&gt;  Seq Scan on hist_pg_stat_statements  (cost=0.00..176107.08 rows=3469 width=65)<br />
                                                  Filter: (snap_id = 574)</td>
    <td align="left">select<br />
        last_snap.queryid,<br />
        last_snap.usename,<br />
        to_char(((case<br />
                when last_snap.calls-coalesce(first_snap.calls, 0) &gt; 0 then ((last_snap.shared_blks_read + last_snap.shared_blks_written-coalesce(first_snap.shared_blks_read,0) - coalesce(first_snap.shared_blks_written,0))::NUMERIC<br />
                /(last_snap.calls-coalesce(first_snap.calls, 0))::numeric)<br />
                else 0::numeric<br />
        end)/ sum((case<br />
                when last_snap.calls-coalesce(first_snap.calls, 0) &gt; 0 then ((last_snap.shared_blks_read + last_snap.shared_blks_written-coalesce(first_snap.shared_blks_read,0) - coalesce(first_snap.shared_blks_written,0))::NUMERIC<br />
                /(last_snap.calls-coalesce(first_snap.calls, 0))::numeric)<br />
                else 0<br />
        end)) over()) * 100, 'FM90D0') || '%' as &quot;IO_by_call_%&quot;,<br />
        interval '1 millisecond' * (last_snap.total_exec_time-coalesce(first_snap.total_exec_time,0)) as total_exec_time,<br />
        to_char((last_snap.calls-coalesce(first_snap.calls,0)), 'FM999G999G999G990') as calls,<br />
        case<br />
                when last_snap.calls-coalesce(first_snap.calls, 0) &gt; 0 then round((((last_snap.total_exec_time-coalesce(first_snap.total_exec_time, 0))/ 1000)/(last_snap.calls-coalesce(first_snap.calls, 0)))::numeric, 1)<br />
                else 0<br />
        end as time_by_call_secs,<br />
        (last_snap.shared_blks_read + last_snap.shared_blks_written-coalesce(first_snap.shared_blks_read,0) - coalesce(first_snap.shared_blks_written,0)) as io_blks,<br />
        case<br />
                when last_snap.calls-coalesce(first_snap.calls, 0) &gt; 0 then round(((last_snap.shared_blks_read + last_snap.shared_blks_written-coalesce(first_snap.shared_blks_read,0) - coalesce(first_snap.shared_blks_written,0))::numeric<br />
                /(last_snap.calls-coalesce(first_snap.calls, 0)))::numeric, 1)<br />
                else 0<br />
        end as IO_blks_by_call,<br />
                interval '1 second' * (last_snap.blk_read_time + last_snap.blk_write_time - coalesce(first_snap.blk_read_time,0) - coalesce(first_snap.blk_write_time,0)) / 1000 as io_time,<br />
        substr(last_snap.query,1,80) as partial_query<br />
from<br />
        (<br />
        select<br />
                pss.*, users.usename<br />
        from<br />
                statspack.hist_pg_stat_statements pss join statspack.hist_pg_users users on pss.snap_id = users.snap_id and pss.userid = users.usesysid<br />
        where<br />
                pss.snap_id = 575 ) last_snap<br />
left join<br />
(<br />
        select<br />
                *<br />
        from<br />
                statspack.hist_pg_stat_statements<br />
        where<br />
                snap_id = 574 ) first_snap<br />
on<br />
        last_snap.userid = first_snap.userid<br />
        and last_snap.dbid = first_snap.dbid<br />
        and last_snap.queryid = first_snap.queryid<br />
        and last_snap.toplevel = first_snap.toplevel<br />
order by<br />
        case<br />
                when last_snap.calls-coalesce(first_snap.calls, 0) &gt; 0 then ((last_snap.shared_blks_read + last_snap.shared_blks_written-coalesce(first_snap.shared_blks_read,0) - coalesce(first_snap.shared_blks_written,0))::numeric<br />
                /(last_snap.calls-coalesce(first_snap.calls, 0)))::numeric<br />
                else 0<br />
        end desc nulls last<br />
limit 10;</td>
  </tr>
  <tr valign="top">
    <td align="right">-8324223908774771683</td>
    <td align="left">sms_us</td>
    <td align="right">-1200735710</td>
    <td align="right">-1979430663</td>
    <td align="left">t</td>
    <td align="left">Unapproved</td>
    <td align="right">0</td>
    <td align="left">2023-08-16</td>
    <td align="left">Insert on t3_translation_job_run_detail  (cost=0.00..0.01 rows=0 width=0)<br />
  -&gt;  Result  (cost=0.00..0.01 rows=1 width=608)</td>
    <td align="left">INSERT INTO	t3_translation_job_run_detail<br />
					(<br />
						run_id,<br />
						poid_type,<br />
						dequeue_duration,<br />
						translate_duration,<br />
						dequeue_count,<br />
						translate_count,<br />
						exception_count,<br />
						skip_count<br />
					)<br />
			VALUES		(<br />
						$12,<br />
						$52,<br />
						$14[ $60 ].dequeue_duration,<br />
						$14[ $60 ].translate_duration,<br />
						$14[ $60 ].dequeue_count,<br />
						$14[ $60 ].translate_count,<br />
						$14[ $60 ].exception_count,<br />
						$14[ $60 ].skip_count<br />
					);</td>
  </tr>
  <tr valign="top">
    <td align="right">-7755252728506352442</td>
    <td align="left">postgres</td>
    <td align="right">-769319432</td>
    <td align="right">-1229221475</td>
    <td align="left">t</td>
    <td align="left">Unapproved</td>
    <td align="right">2347562</td>
    <td align="left">2023-08-14</td>
    <td align="left">Limit  (cost=3260215.56..3260215.61 rows=20 width=160)<br />
  -&gt;  Sort  (cost=3260215.56..3260267.19 rows=20650 width=160)<br />
        Sort Key: (((100 * COALESCE(idx_scan, '0'::bigint)) / (seq_scan + COALESCE(idx_scan, '0'::bigint)))), seq_scan DESC, (COALESCE(idx_scan, '0'::bigint)), n_live_tup DESC<br />
        -&gt;  Seq Scan on hist_pg_stat_all_tables  (cost=0.00..3259666.08 rows=20650 width=160)<br />
              Filter: ((n_live_tup &gt; 0) AND (snap_id = 491) AND ((seq_scan &gt; 0) OR (idx_scan &gt; 0)))</td>
    <td align="left">select<br />
        schemaname as schema_name,<br />
        relname as table_name,<br />
        seq_scan,<br />
        coalesce(idx_scan, 0) as idx_scan ,<br />
        (100 * coalesce(idx_scan, 0) / (seq_scan + coalesce(idx_scan, 0)))<br />
   percent_of_times_index_used,<br />
        n_live_tup rows_in_table<br />
from<br />
        statspack.hist_pg_stat_all_tables<br />
where<br />
        snap_id = 491<br />
        and (seq_scan &gt;0<br />
                or idx_scan &gt;0)<br />
        and n_live_tup &gt; 0<br />
order by<br />
        percent_of_times_index_used asc,<br />
        seq_scan desc,<br />
        coalesce(idx_scan, 0) asc,<br />
        n_live_tup desc<br />
limit 20;</td>
  </tr>
  <tr valign="top">
    <td align="right">-7755252728506352442</td>
    <td align="left">postgres</td>
    <td align="right">268989320</td>
    <td align="right">-1229811171</td>
    <td align="left">t</td>
    <td align="left">Approved</td>
    <td align="right">3261799</td>
    <td align="left">2023-08-16</td>
    <td align="left">Limit  (cost=3260520.67..3260520.72 rows=20 width=160)<br />
  -&gt;  Sort  (cost=3260520.67..3260594.66 rows=29595 width=160)<br />
        Sort Key: (((100 * COALESCE(idx_scan, '0'::bigint)) / (seq_scan + COALESCE(idx_scan, '0'::bigint)))), seq_scan DESC, (COALESCE(idx_scan, '0'::bigint)), n_live_tup DESC<br />
        -&gt;  Seq Scan on hist_pg_stat_all_tables  (cost=0.00..3259733.16 rows=29595 width=160)<br />
              Filter: ((n_live_tup &gt; 0) AND (snap_id = 537) AND ((seq_scan &gt; 0) OR (idx_scan &gt; 0)))</td>
    <td align="left">select<br />
        schemaname as schema_name,<br />
        relname as table_name,<br />
        seq_scan,<br />
        coalesce(idx_scan, 0) as idx_scan ,<br />
        (100 * coalesce(idx_scan, 0) / (seq_scan + coalesce(idx_scan, 0)))<br />
   percent_of_times_index_used,<br />
        n_live_tup rows_in_table<br />
from<br />
        statspack.hist_pg_stat_all_tables<br />
where<br />
        snap_id = 537<br />
        and (seq_scan &gt;0<br />
                or idx_scan &gt;0)<br />
        and n_live_tup &gt; 0<br />
order by<br />
        percent_of_times_index_used asc,<br />
        seq_scan desc,<br />
        coalesce(idx_scan, 0) asc,<br />
        n_live_tup desc<br />
limit 20;</td>
  </tr>
  <tr valign="top">
    <td align="right">-7082348566399824280</td>
    <td align="left">rdsadmin</td>
    <td align="right">&nbsp; </td>
    <td align="right">&nbsp; </td>
    <td align="left">&nbsp; </td>
    <td align="left">&nbsp; </td>
    <td align="right">&nbsp; </td>
    <td align="left">&nbsp; </td>
    <td align="left">&nbsp; </td>
    <td align="left">UPDATE apg_plan_mgmt.dba_plans SET last_used = apg_plan_mgmt.plan_last_used(sql_hash, plan_hash) WHERE   CASE WHEN last_used = current_date THEN $1        ELSE last_used &lt; apg_plan_mgmt.plan_last_used(sql_hash, plan_hash) END</td>
  </tr>
  <tr valign="top">
    <td align="right">-6534998368161272557</td>
    <td align="left">rdsadmin</td>
    <td align="right">&nbsp; </td>
    <td align="right">&nbsp; </td>
    <td align="left">&nbsp; </td>
    <td align="left">&nbsp; </td>
    <td align="right">&nbsp; </td>
    <td align="left">&nbsp; </td>
    <td align="left">&nbsp; </td>
    <td align="left">SELECT sql_hash, plan_hash, enabled, status, last_used  FROM apg_plan_mgmt.plans</td>
  </tr>
  <tr valign="top">
    <td align="right">-6346569923839252702</td>
    <td align="left">sms_ca</td>
    <td align="right">&nbsp; </td>
    <td align="right">&nbsp; </td>
    <td align="left">&nbsp; </td>
    <td align="left">&nbsp; </td>
    <td align="right">&nbsp; </td>
    <td align="left">&nbsp; </td>
    <td align="left">&nbsp; </td>
    <td align="left"><br />
DO<br />
$$<br />
BEGIN<br />
	SET SEARCH_PATH = sms_ca, public;<br />
	CALL t4_run_translation_prc( p_job_code =&gt; 'T4-ATLAS-JSON', p_thread =&gt; 2 );<br />
END;<br />
$$ LANGUAGE plpgsql<br />
</td>
  </tr>
  <tr valign="top">
    <td align="right">-6152532408209340372</td>
    <td align="left">rdsadmin</td>
    <td align="right">&nbsp; </td>
    <td align="right">&nbsp; </td>
    <td align="left">&nbsp; </td>
    <td align="left">&nbsp; </td>
    <td align="right">&nbsp; </td>
    <td align="left">&nbsp; </td>
    <td align="left">&nbsp; </td>
    <td align="left">update cron.job_run_details set status = $1, return_message = $2 where status in ($3,$4)</td>
  </tr>
  <tr valign="top">
    <td align="right">-5637759665334263367</td>
    <td align="left">rdsadmin</td>
    <td align="right">&nbsp; </td>
    <td align="right">&nbsp; </td>
    <td align="left">&nbsp; </td>
    <td align="left">&nbsp; </td>
    <td align="right">&nbsp; </td>
    <td align="left">&nbsp; </td>
    <td align="left">&nbsp; </td>
    <td align="left">SELECT coalesce(sum(used_bytes),$1) FROM aurora_stat_file() WHERE filename like $2</td>
  </tr>
  <tr valign="top">
    <td align="right">-5602027677633168075</td>
    <td align="left">sms_us</td>
    <td align="right">&nbsp; </td>
    <td align="right">&nbsp; </td>
    <td align="left">&nbsp; </td>
    <td align="left">&nbsp; </td>
    <td align="right">&nbsp; </td>
    <td align="left">&nbsp; </td>
    <td align="left">&nbsp; </td>
    <td align="left"><br />
DO<br />
$$<br />
BEGIN<br />
	SET SEARCH_PATH = sms_us, public;<br />
	CALL t4_run_translation_prc( p_job_code =&gt; 'T4-ATLAS-JSON', p_thread =&gt; 1 );<br />
END;<br />
$$ LANGUAGE plpgsql<br />
</td>
  </tr>
  <tr valign="top">
    <td align="right">-4922064919122320516</td>
    <td align="left">sms_ca</td>
    <td align="right">&nbsp; </td>
    <td align="right">&nbsp; </td>
    <td align="left">&nbsp; </td>
    <td align="left">&nbsp; </td>
    <td align="right">&nbsp; </td>
    <td align="left">&nbsp; </td>
    <td align="left">&nbsp; </td>
    <td align="left"><br />
DO<br />
$$<br />
BEGIN<br />
	SET SEARCH_PATH = sms_ca, public;<br />
	CALL t2_run_translation_prc( p_job_code =&gt; 'T2-CORE', p_thread =&gt; 1 );<br />
END;<br />
$$ LANGUAGE plpgsql<br />
</td>
  </tr>
  <tr valign="top">
    <td align="right">-4385051247624515853</td>
    <td align="left">sms_us</td>
    <td align="right">-771718601</td>
    <td align="right">-1979479815</td>
    <td align="left">t</td>
    <td align="left">Unapproved</td>
    <td align="right">0</td>
    <td align="left">2023-08-16</td>
    <td align="left">Insert on t2_translation_job_run_detail  (cost=0.00..0.01 rows=0 width=0)<br />
  -&gt;  Result  (cost=0.00..0.01 rows=1 width=608)</td>
    <td align="left">INSERT INTO	t2_translation_job_run_detail<br />
					(<br />
						run_id,<br />
						poid_type,<br />
						dequeue_duration,<br />
						translate_duration,<br />
						dequeue_count,<br />
						translate_count,<br />
						exception_count,<br />
						skip_count<br />
					)<br />
			VALUES		(<br />
						$12,<br />
						$50,<br />
						$14[ $58 ].dequeue_duration,<br />
						$14[ $58 ].translate_duration,<br />
						$14[ $58 ].dequeue_count,<br />
						$14[ $58 ].translate_count,<br />
						$14[ $58 ].exception_count,<br />
						$14[ $58 ].skip_count<br />
					);</td>
  </tr>
  <tr valign="top">
    <td align="right">-3972724173844313674</td>
    <td align="left">rdsadmin</td>
    <td align="right">&nbsp; </td>
    <td align="right">&nbsp; </td>
    <td align="left">&nbsp; </td>
    <td align="left">&nbsp; </td>
    <td align="right">&nbsp; </td>
    <td align="left">&nbsp; </td>
    <td align="left">&nbsp; </td>
    <td align="left">insert into cron.job_run_details (jobid, runid, database, username, command, status) values ($1,$2,$3,$4,$5,$6)</td>
  </tr>
  <tr valign="top">
    <td align="right">-3752374249174291274</td>
    <td align="left">sms_ca</td>
    <td align="right">603227856</td>
    <td align="right">-195107929</td>
    <td align="left">t</td>
    <td align="left">Unapproved</td>
    <td align="right">10</td>
    <td align="left">2023-07-25</td>
    <td align="left">Unique  (cost=1.01..1.03 rows=1 width=9)<br />
  -&gt;  Subquery Scan on l  (cost=1.01..1.02 rows=1 width=9)<br />
        -&gt;  Limit  (cost=1.01..1.01 rows=1 width=17)<br />
              -&gt;  Sort  (cost=1.01..1.01 rows=1 width=17)<br />
                    Sort Key: q.poid_id0<br />
                    -&gt;  Seq Scan on t1_dml_queue_sse q  (cost=0.00..1.00 rows=1 width=17)<br />
                          Filter: ((poid_id0 IS NOT NULL) AND ((poid_type)::text = '/service/sirius/esn'::text) AND (dml_ts &lt; ('2023-07-25 20:25:50.435718+00'::timestamp with time zone - '00:00:06'::interval)) AND (mod(poid_id0, '2'::numeric) = '1'::numeric))</td>
    <td align="left">SELECT DISTINCT	l.poid_id0<br />
	                  FROM		(<br />
				SELECT		q.id,<br />
						q.poid_id0<br />
				FROM		t1_dml_queue q<br />
				WHERE		q.poid_type = $1<br />
					AND	q.dml_ts &lt; $8 - ( $2 * INTERVAL '1 SECOND' )<br />
					AND	MOD( q.poid_id0, $4 ) = $3 - 1<br />
					AND	q.poid_id0 IS NOT NULL<br />
				ORDER BY	q.poid_id0<br />
				LIMIT		1<br />
			) l;</td>
  </tr>
  <tr valign="top">
    <td align="right">-3752374249174291274</td>
    <td align="left">sms_ca</td>
    <td align="right">603227856</td>
    <td align="right">-119672531</td>
    <td align="left">t</td>
    <td align="left">Unapproved</td>
    <td align="right">10</td>
    <td align="left">2023-07-25</td>
    <td align="left">Unique  (cost=1.12..1.14 rows=1 width=9)<br />
  -&gt;  Subquery Scan on l  (cost=1.12..1.14 rows=1 width=9)<br />
        -&gt;  Limit  (cost=1.12..1.13 rows=1 width=17)<br />
              -&gt;  Sort  (cost=1.12..1.13 rows=1 width=17)<br />
                    Sort Key: q.poid_id0<br />
                    -&gt;  Seq Scan on t1_dml_queue_ss4 q  (cost=0.00..1.11 rows=1 width=17)<br />
                          Filter: ((poid_id0 IS NOT NULL) AND ((poid_type)::text = '/service/subscription'::text) AND (dml_ts &lt; ('2023-07-25 20:30:40.454433+00'::timestamp with time zone - '00:00:06'::interval)) AND (mod(poid_id0, '2'::numeric) = '1'::numeric))</td>
    <td align="left">SELECT DISTINCT	l.poid_id0<br />
	                  FROM		(<br />
				SELECT		q.id,<br />
						q.poid_id0<br />
				FROM		t1_dml_queue q<br />
				WHERE		q.poid_type = $1<br />
					AND	q.dml_ts &lt; $8 - ( $2 * INTERVAL '1 SECOND' )<br />
					AND	MOD( q.poid_id0, $4 ) = $3 - 1<br />
					AND	q.poid_id0 IS NOT NULL<br />
				ORDER BY	q.poid_id0<br />
				LIMIT		1<br />
			) l;</td>
  </tr>
  <tr valign="top">
    <td align="right">-3752374249174291274</td>
    <td align="left">sms_ca</td>
    <td align="right">603227856</td>
    <td align="right">1147074726</td>
    <td align="left">t</td>
    <td align="left">Unapproved</td>
    <td align="right">10</td>
    <td align="left">2023-07-25</td>
    <td align="left">Unique  (cost=1.01..1.03 rows=1 width=9)<br />
  -&gt;  Subquery Scan on l  (cost=1.01..1.02 rows=1 width=9)<br />
        -&gt;  Limit  (cost=1.01..1.01 rows=1 width=17)<br />
              -&gt;  Sort  (cost=1.01..1.01 rows=1 width=17)<br />
                    Sort Key: q.poid_id0<br />
                    -&gt;  Seq Scan on t1_dml_queue_sss q  (cost=0.00..1.00 rows=1 width=17)<br />
                          Filter: ((poid_id0 IS NOT NULL) AND ((poid_type)::text = '/service/sirius/sir'::text) AND (dml_ts &lt; ('2023-07-25 20:25:59.473301+00'::timestamp with time zone - '00:00:06'::interval)) AND (mod(poid_id0, '2'::numeric) = '1'::numeric))</td>
    <td align="left">SELECT DISTINCT	l.poid_id0<br />
	                  FROM		(<br />
				SELECT		q.id,<br />
						q.poid_id0<br />
				FROM		t1_dml_queue q<br />
				WHERE		q.poid_type = $1<br />
					AND	q.dml_ts &lt; $8 - ( $2 * INTERVAL '1 SECOND' )<br />
					AND	MOD( q.poid_id0, $4 ) = $3 - 1<br />
					AND	q.poid_id0 IS NOT NULL<br />
				ORDER BY	q.poid_id0<br />
				LIMIT		1<br />
			) l;</td>
  </tr>
  <tr valign="top">
    <td align="right">-3752374249174291274</td>
    <td align="left">sms_ca</td>
    <td align="right">603227856</td>
    <td align="right">-119623367</td>
    <td align="left">t</td>
    <td align="left">Unapproved</td>
    <td align="right">10</td>
    <td align="left">2023-07-25</td>
    <td align="left">Unique  (cost=1.01..1.03 rows=1 width=9)<br />
  -&gt;  Subquery Scan on l  (cost=1.01..1.02 rows=1 width=9)<br />
        -&gt;  Limit  (cost=1.01..1.01 rows=1 width=17)<br />
              -&gt;  Sort  (cost=1.01..1.01 rows=1 width=17)<br />
                    Sort Key: q.poid_id0<br />
                    -&gt;  Seq Scan on t1_dml_queue_ps3 q  (cost=0.00..1.00 rows=1 width=17)<br />
                          Filter: ((poid_id0 IS NOT NULL) AND ((poid_type)::text = '/profile/sirius'::text) AND (dml_ts &lt; ('2023-07-25 20:25:09.371445+00'::timestamp with time zone - '00:00:06'::interval)) AND (mod(poid_id0, '2'::numeric) = '1'::numeric))</td>
    <td align="left">SELECT DISTINCT	l.poid_id0<br />
	                  FROM		(<br />
				SELECT		q.id,<br />
						q.poid_id0<br />
				FROM		t1_dml_queue q<br />
				WHERE		q.poid_type = $1<br />
					AND	q.dml_ts &lt; $8 - ( $2 * INTERVAL '1 SECOND' )<br />
					AND	MOD( q.poid_id0, $4 ) = $3 - 1<br />
					AND	q.poid_id0 IS NOT NULL<br />
				ORDER BY	q.poid_id0<br />
				LIMIT		1<br />
			) l;</td>
  </tr>
  <tr valign="top">
    <td align="right">-3752374249174291274</td>
    <td align="left">sms_ca</td>
    <td align="right">603227856</td>
    <td align="right">-1164773273</td>
    <td align="left">t</td>
    <td align="left">Unapproved</td>
    <td align="right">10</td>
    <td align="left">2023-07-25</td>
    <td align="left">Unique  (cost=460.91..460.93 rows=1 width=13)<br />
  -&gt;  Subquery Scan on l  (cost=460.91..460.93 rows=1 width=13)<br />
        -&gt;  Limit  (cost=460.91..460.92 rows=1 width=21)<br />
              -&gt;  Sort  (cost=460.91..460.92 rows=1 width=21)<br />
                    Sort Key: q.poid_id0<br />
                    -&gt;  Seq Scan on t1_dml_queue_ecl2 q  (cost=0.00..460.90 rows=1 width=21)<br />
                          Filter: ((poid_id0 IS NOT NULL) AND ((poid_type)::text = '/event/customer/login'::text) AND (dml_ts &lt; ('2023-07-25 20:27:19.803535+00'::timestamp with time zone - '00:00:06'::interval)) AND (mod(poid_id0, '2'::numeric) = '0'::numeric))</td>
    <td align="left">SELECT DISTINCT	l.poid_id0<br />
	                  FROM		(<br />
				SELECT		q.id,<br />
						q.poid_id0<br />
				FROM		t1_dml_queue q<br />
				WHERE		q.poid_type = $1<br />
					AND	q.dml_ts &lt; $8 - ( $2 * INTERVAL '1 SECOND' )<br />
					AND	MOD( q.poid_id0, $4 ) = $3 - 1<br />
					AND	q.poid_id0 IS NOT NULL<br />
				ORDER BY	q.poid_id0<br />
				LIMIT		1<br />
			) l;</td>
  </tr>
  <tr valign="top">
    <td align="right">-3752374249174291274</td>
    <td align="left">sms_ca</td>
    <td align="right">603227856</td>
    <td align="right">-1433207961</td>
    <td align="left">t</td>
    <td align="left">Unapproved</td>
    <td align="right">10</td>
    <td align="left">2023-07-25</td>
    <td align="left">Unique  (cost=0.12..1721.05 rows=1 width=12)<br />
  -&gt;  Subquery Scan on l  (cost=0.12..1721.05 rows=1 width=12)<br />
        -&gt;  Limit  (cost=0.12..1721.04 rows=1 width=20)<br />
              -&gt;  Index Scan using t1_dml_queue_ecn_poid_id0_idx on t1_dml_queue_ecn q  (cost=0.12..1721.04 rows=1 width=20)<br />
                    Index Cond: (poid_id0 IS NOT NULL)<br />
                    Filter: (((poid_type)::text = '/event/customer/nameinfo'::text) AND (dml_ts &lt; ('2023-07-25 20:29:06.447279+00'::timestamp with time zone - '00:00:06'::interval)) AND (mod(poid_id0, '2'::numeric) = '1'::numeric))</td>
    <td align="left">SELECT DISTINCT	l.poid_id0<br />
	                  FROM		(<br />
				SELECT		q.id,<br />
						q.poid_id0<br />
				FROM		t1_dml_queue q<br />
				WHERE		q.poid_type = $1<br />
					AND	q.dml_ts &lt; $8 - ( $2 * INTERVAL '1 SECOND' )<br />
					AND	MOD( q.poid_id0, $4 ) = $3 - 1<br />
					AND	q.poid_id0 IS NOT NULL<br />
				ORDER BY	q.poid_id0<br />
				LIMIT		1<br />
			) l;</td>
  </tr>
  <tr valign="top">
    <td align="right">-3752374249174291274</td>
    <td align="left">sms_ca</td>
    <td align="right">603227856</td>
    <td align="right">-2132887879</td>
    <td align="left">t</td>
    <td align="left">Unapproved</td>
    <td align="right">10</td>
    <td align="left">2023-07-25</td>
    <td align="left">Unique  (cost=0.12..2.20 rows=1 width=9)<br />
  -&gt;  Subquery Scan on l  (cost=0.12..2.19 rows=1 width=9)<br />
        -&gt;  Limit  (cost=0.12..2.18 rows=1 width=17)<br />
              -&gt;  Index Scan using t1_dml_queue_pp3_poid_id0_idx on t1_dml_queue_pp3 q  (cost=0.12..2.18 rows=1 width=17)<br />
                    Index Cond: (poid_id0 IS NOT NULL)<br />
                    Filter: (((poid_type)::text = '/purchased_product'::text) AND (dml_ts &lt; ('2023-07-25 20:25:33.318613+00'::timestamp with time zone - '00:00:06'::interval)) AND (mod(poid_id0, '2'::numeric) = '1'::numeric))</td>
    <td align="left">SELECT DISTINCT	l.poid_id0<br />
	                  FROM		(<br />
				SELECT		q.id,<br />
						q.poid_id0<br />
				FROM		t1_dml_queue q<br />
				WHERE		q.poid_type = $1<br />
					AND	q.dml_ts &lt; $8 - ( $2 * INTERVAL '1 SECOND' )<br />
					AND	MOD( q.poid_id0, $4 ) = $3 - 1<br />
					AND	q.poid_id0 IS NOT NULL<br />
				ORDER BY	q.poid_id0<br />
				LIMIT		1<br />
			) l;</td>
  </tr>
  <tr valign="top">
    <td align="right">-3752374249174291274</td>
    <td align="left">sms_ca</td>
    <td align="right">603227856</td>
    <td align="right">-2132937043</td>
    <td align="left">t</td>
    <td align="left">Unapproved</td>
    <td align="right">10</td>
    <td align="left">2023-07-25</td>
    <td align="left">Unique  (cost=0.12..2.84 rows=1 width=9)<br />
  -&gt;  Subquery Scan on l  (cost=0.12..2.83 rows=1 width=9)<br />
        -&gt;  Limit  (cost=0.12..2.82 rows=1 width=17)<br />
              -&gt;  Index Scan using t1_dml_queue_sp3_poid_id0_idx on t1_dml_queue_sp3 q  (cost=0.12..2.82 rows=1 width=17)<br />
                    Index Cond: (poid_id0 IS NOT NULL)<br />
                    Filter: (((poid_type)::text = '/sir_persistence'::text) AND (dml_ts &lt; ('2023-07-25 20:18:33.076175+00'::timestamp with time zone - '00:00:06'::interval)) AND (mod(poid_id0, '2'::numeric) = '1'::numeric))</td>
    <td align="left">SELECT DISTINCT	l.poid_id0<br />
	                  FROM		(<br />
				SELECT		q.id,<br />
						q.poid_id0<br />
				FROM		t1_dml_queue q<br />
				WHERE		q.poid_type = $1<br />
					AND	q.dml_ts &lt; $8 - ( $2 * INTERVAL '1 SECOND' )<br />
					AND	MOD( q.poid_id0, $4 ) = $3 - 1<br />
					AND	q.poid_id0 IS NOT NULL<br />
				ORDER BY	q.poid_id0<br />
				LIMIT		1<br />
			) l;</td>
  </tr>
  <tr valign="top">
    <td align="right">-3752374249174291274</td>
    <td align="left">sms_ca</td>
    <td align="right">603227856</td>
    <td align="right">-1134599105</td>
    <td align="left">t</td>
    <td align="left">Unapproved</td>
    <td align="right">11</td>
    <td align="left">2023-07-25</td>
    <td align="left">Unique  (cost=0.12..56.64 rows=1 width=9)<br />
  -&gt;  Subquery Scan on l  (cost=0.12..56.64 rows=1 width=9)<br />
        -&gt;  Limit  (cost=0.12..56.63 rows=1 width=17)<br />
              -&gt;  Index Scan using t1_dml_queue_sul_poid_id0_idx on t1_dml_queue_sul q  (cost=0.12..56.63 rows=1 width=17)<br />
                    Index Cond: (poid_id0 IS NOT NULL)<br />
                    Filter: (((poid_type)::text = '/service/universal_login'::text) AND (dml_ts &lt; ('2023-07-25 20:26:21.716315+00'::timestamp with time zone - '00:00:06'::interval)) AND (mod(poid_id0, '2'::numeric) = '0'::numeric))</td>
    <td align="left">SELECT DISTINCT	l.poid_id0<br />
	                  FROM		(<br />
				SELECT		q.id,<br />
						q.poid_id0<br />
				FROM		t1_dml_queue q<br />
				WHERE		q.poid_type = $1<br />
					AND	q.dml_ts &lt; $8 - ( $2 * INTERVAL '1 SECOND' )<br />
					AND	MOD( q.poid_id0, $4 ) = $3 - 1<br />
					AND	q.poid_id0 IS NOT NULL<br />
				ORDER BY	q.poid_id0<br />
				LIMIT		1<br />
			) l;</td>
  </tr>
  <tr valign="top">
    <td align="right">-3752374249174291274</td>
    <td align="left">sms_ca</td>
    <td align="right">603227856</td>
    <td align="right">2027858232</td>
    <td align="left">t</td>
    <td align="left">Unapproved</td>
    <td align="right">11</td>
    <td align="left">2023-07-25</td>
    <td align="left">Unique  (cost=0.12..34.46 rows=1 width=9)<br />
  -&gt;  Subquery Scan on l  (cost=0.12..34.46 rows=1 width=9)<br />
        -&gt;  Limit  (cost=0.12..34.45 rows=1 width=17)<br />
              -&gt;  Index Scan using t1_dml_queue_pc_poid_id0_idx on t1_dml_queue_pc q  (cost=0.12..34.45 rows=1 width=17)<br />
                    Index Cond: (poid_id0 IS NOT NULL)<br />
                    Filter: (((poid_type)::text = '/payinfo/cc'::text) AND (dml_ts &lt; ('2023-07-25 20:24:40.802819+00'::timestamp with time zone - '00:00:06'::interval)) AND (mod(poid_id0, '2'::numeric) = '1'::numeric))</td>
    <td align="left">SELECT DISTINCT	l.poid_id0<br />
	                  FROM		(<br />
				SELECT		q.id,<br />
						q.poid_id0<br />
				FROM		t1_dml_queue q<br />
				WHERE		q.poid_type = $1<br />
					AND	q.dml_ts &lt; $8 - ( $2 * INTERVAL '1 SECOND' )<br />
					AND	MOD( q.poid_id0, $4 ) = $3 - 1<br />
					AND	q.poid_id0 IS NOT NULL<br />
				ORDER BY	q.poid_id0<br />
				LIMIT		1<br />
			) l;</td>
  </tr>
  <tr valign="top">
    <td align="right">-3752374249174291274</td>
    <td align="left">sms_ca</td>
    <td align="right">603227856</td>
    <td align="right">-120458899</td>
    <td align="left">t</td>
    <td align="left">Unapproved</td>
    <td align="right">11</td>
    <td align="left">2023-07-25</td>
    <td align="left">Unique  (cost=724.16..724.18 rows=1 width=9)<br />
  -&gt;  Subquery Scan on l  (cost=724.16..724.18 rows=1 width=9)<br />
        -&gt;  Limit  (cost=724.16..724.17 rows=1 width=17)<br />
              -&gt;  Sort  (cost=724.16..724.17 rows=1 width=17)<br />
                    Sort Key: q.poid_id0<br />
                    -&gt;  Seq Scan on t1_dml_queue_cs q  (cost=0.00..724.15 rows=1 width=17)<br />
                          Filter: ((poid_id0 IS NOT NULL) AND ((poid_type)::text = '/collections_scenario'::text) AND (dml_ts &lt; ('2023-07-25 20:24:48.656782+00'::timestamp with time zone - '00:00:06'::interval)) AND (mod(poid_id0, '2'::numeric) = '1'::numeric))</td>
    <td align="left">SELECT DISTINCT	l.poid_id0<br />
	                  FROM		(<br />
				SELECT		q.id,<br />
						q.poid_id0<br />
				FROM		t1_dml_queue q<br />
				WHERE		q.poid_type = $1<br />
					AND	q.dml_ts &lt; $8 - ( $2 * INTERVAL '1 SECOND' )<br />
					AND	MOD( q.poid_id0, $4 ) = $3 - 1<br />
					AND	q.poid_id0 IS NOT NULL<br />
				ORDER BY	q.poid_id0<br />
				LIMIT		1<br />
			) l;</td>
  </tr>
  <tr valign="top">
    <td align="right">-3752374249174291274</td>
    <td align="left">sms_ca</td>
    <td align="right">603227856</td>
    <td align="right">1625204920</td>
    <td align="left">t</td>
    <td align="left">Unapproved</td>
    <td align="right">12</td>
    <td align="left">2023-07-25</td>
    <td align="left">Unique  (cost=0.12..9.48 rows=1 width=9)<br />
  -&gt;  Subquery Scan on l  (cost=0.12..9.48 rows=1 width=9)<br />
        -&gt;  Limit  (cost=0.12..9.47 rows=1 width=17)<br />
              -&gt;  Index Scan using t1_dml_queue_pd2_poid_id0_idx on t1_dml_queue_pd2 q  (cost=0.12..9.47 rows=1 width=17)<br />
                    Index Cond: (poid_id0 IS NOT NULL)<br />
                    Filter: (((poid_type)::text = '/purchased_discount'::text) AND (dml_ts &lt; ('2023-07-25 20:25:26.4172+00'::timestamp with time zone - '00:00:06'::interval)) AND (mod(poid_id0, '2'::numeric) = '0'::numeric))</td>
    <td align="left">SELECT DISTINCT	l.poid_id0<br />
	                  FROM		(<br />
				SELECT		q.id,<br />
						q.poid_id0<br />
				FROM		t1_dml_queue q<br />
				WHERE		q.poid_type = $1<br />
					AND	q.dml_ts &lt; $8 - ( $2 * INTERVAL '1 SECOND' )<br />
					AND	MOD( q.poid_id0, $4 ) = $3 - 1<br />
					AND	q.poid_id0 IS NOT NULL<br />
				ORDER BY	q.poid_id0<br />
				LIMIT		1<br />
			) l;</td>
  </tr>
  <tr valign="top">
    <td align="right">-3752374249174291274</td>
    <td align="left">sms_ca</td>
    <td align="right">603227856</td>
    <td align="right">1019787833</td>
    <td align="left">t</td>
    <td align="left">Approved</td>
    <td align="right">13</td>
    <td align="left">2023-07-25</td>
    <td align="left">Unique  (cost=791.95..791.97 rows=1 width=8)<br />
  -&gt;  Subquery Scan on l  (cost=791.95..791.96 rows=1 width=8)<br />
        -&gt;  Limit  (cost=791.95..791.95 rows=1 width=16)<br />
              -&gt;  Sort  (cost=791.95..791.95 rows=1 width=16)<br />
                    Sort Key: q.poid_id0<br />
                    -&gt;  Seq Scan on t1_dml_queue_b2 q  (cost=0.00..791.94 rows=1 width=16)<br />
                          Filter: ((poid_id0 IS NOT NULL) AND ((poid_type)::text = '/bill'::text) AND (dml_ts &lt; ('2023-07-25 18:22:00.040229+00'::timestamp with time zone - '00:00:06'::interval)) AND (mod(poid_id0, '2'::numeric) = '1'::numeric))</td>
    <td align="left">SELECT DISTINCT	l.poid_id0<br />
	                  FROM		(<br />
				SELECT		q.id,<br />
						q.poid_id0<br />
				FROM		t1_dml_queue q<br />
				WHERE		q.poid_type = $1<br />
					AND	q.dml_ts &lt; $8 - ( $2 * INTERVAL '1 SECOND' )<br />
					AND	MOD( q.poid_id0, $4 ) = $3 - 1<br />
					AND	q.poid_id0 IS NOT NULL<br />
				ORDER BY	q.poid_id0<br />
				LIMIT		1<br />
			) l;</td>
  </tr>
  <tr valign="top">
    <td align="right">-3752374249174291274</td>
    <td align="left">sms_ca</td>
    <td align="right">603227856</td>
    <td align="right">-167843417</td>
    <td align="left">t</td>
    <td align="left">Unapproved</td>
    <td align="right">13</td>
    <td align="left">2023-07-25</td>
    <td align="left">Unique  (cost=0.12..2.73 rows=1 width=9)<br />
  -&gt;  Subquery Scan on l  (cost=0.12..2.73 rows=1 width=9)<br />
        -&gt;  Limit  (cost=0.12..2.72 rows=1 width=17)<br />
              -&gt;  Index Scan using t1_dml_queue_pse_poid_id0_idx on t1_dml_queue_pse q  (cost=0.12..2.72 rows=1 width=17)<br />
                    Index Cond: (poid_id0 IS NOT NULL)<br />
                    Filter: (((poid_type)::text = '/profile/serv_extrating'::text) AND (dml_ts &lt; ('2023-07-25 20:24:58.492592+00'::timestamp with time zone - '00:00:06'::interval)) AND (mod(poid_id0, '2'::numeric) = '1'::numeric))</td>
    <td align="left">SELECT DISTINCT	l.poid_id0<br />
	                  FROM		(<br />
				SELECT		q.id,<br />
						q.poid_id0<br />
				FROM		t1_dml_queue q<br />
				WHERE		q.poid_type = $1<br />
					AND	q.dml_ts &lt; $8 - ( $2 * INTERVAL '1 SECOND' )<br />
					AND	MOD( q.poid_id0, $4 ) = $3 - 1<br />
					AND	q.poid_id0 IS NOT NULL<br />
				ORDER BY	q.poid_id0<br />
				LIMIT		1<br />
			) l;</td>
  </tr>
  <tr valign="top">
    <td align="right">-3752374249174291274</td>
    <td align="left">sms_ca</td>
    <td align="right">603227856</td>
    <td align="right">-1907465202</td>
    <td align="left">t</td>
    <td align="left">Unapproved</td>
    <td align="right">15</td>
    <td align="left">2023-07-25</td>
    <td align="left">Unique  (cost=0.54..246562.56 rows=1 width=11)<br />
  -&gt;  Subquery Scan on l  (cost=0.54..246562.56 rows=1 width=11)<br />
        -&gt;  Limit  (cost=0.54..246562.55 rows=1 width=19)<br />
              -&gt;  Index Scan using t1_dml_queue_default_poid_id0_idx on t1_dml_queue_default q  (cost=0.54..246562.55 rows=1 width=19)<br />
                    Index Cond: (poid_id0 IS NOT NULL)<br />
                    Filter: (((poid_type)::text = '/payinfo/bundle'::text) AND (dml_ts &lt; ('2023-07-25 20:24:30.596016+00'::timestamp with time zone - '00:00:06'::interval)) AND (mod(poid_id0, '2'::numeric) = '0'::numeric))</td>
    <td align="left">SELECT DISTINCT	l.poid_id0<br />
	                  FROM		(<br />
				SELECT		q.id,<br />
						q.poid_id0<br />
				FROM		t1_dml_queue q<br />
				WHERE		q.poid_type = $1<br />
					AND	q.dml_ts &lt; $8 - ( $2 * INTERVAL '1 SECOND' )<br />
					AND	MOD( q.poid_id0, $4 ) = $3 - 1<br />
					AND	q.poid_id0 IS NOT NULL<br />
				ORDER BY	q.poid_id0<br />
				LIMIT		1<br />
			) l;</td>
  </tr>
  <tr valign="top">
    <td align="right">-3752374249174291274</td>
    <td align="left">sms_ca</td>
    <td align="right">603227856</td>
    <td align="right">-1582071835</td>
    <td align="left">t</td>
    <td align="left">Unapproved</td>
    <td align="right">17646</td>
    <td align="left">2023-07-25</td>
    <td align="left">Unique  (cost=791.95..791.97 rows=1 width=8)<br />
  -&gt;  Subquery Scan on l  (cost=791.95..791.96 rows=1 width=8)<br />
        -&gt;  Limit  (cost=791.95..791.95 rows=1 width=16)<br />
              -&gt;  Sort  (cost=791.95..791.95 rows=1 width=16)<br />
                    Sort Key: q.poid_id0<br />
                    -&gt;  Seq Scan on t1_dml_queue_b2 q  (cost=0.00..791.94 rows=1 width=16)<br />
                          Filter: ((poid_id0 IS NOT NULL) AND ((poid_type)::text = '/bill'::text) AND (dml_ts &lt; ('2023-07-25 20:32:14.075921+00'::timestamp with time zone - '00:00:06'::interval)) AND (mod(poid_id0, '2'::numeric) = '1'::numeric))</td>
    <td align="left">SELECT DISTINCT	l.poid_id0<br />
	                  FROM		(<br />
				SELECT		q.id,<br />
						q.poid_id0<br />
				FROM		t1_dml_queue q<br />
				WHERE		q.poid_type = $1<br />
					AND	q.dml_ts &lt; $8 - ( $2 * INTERVAL '1 SECOND' )<br />
					AND	MOD( q.poid_id0, $4 ) = $3 - 1<br />
					AND	q.poid_id0 IS NOT NULL<br />
				ORDER BY	q.poid_id0<br />
				LIMIT		1<br />
			) l;</td>
  </tr>
  <tr valign="top">
    <td align="right">-3752374249174291274</td>
    <td align="left">sms_ca</td>
    <td align="right">603227856</td>
    <td align="right">-656444587</td>
    <td align="left">t</td>
    <td align="left">Unapproved</td>
    <td align="right">2</td>
    <td align="left">2023-07-26</td>
    <td align="left">Unique  (cost=104.70..104.72 rows=1 width=9)<br />
  -&gt;  Subquery Scan on l  (cost=104.70..104.72 rows=1 width=9)<br />
        -&gt;  Limit  (cost=104.70..104.71 rows=1 width=17)<br />
              -&gt;  Sort  (cost=104.70..104.71 rows=1 width=17)<br />
                    Sort Key: q.poid_id0<br />
                    -&gt;  Seq Scan on t1_dml_queue_iw q  (cost=0.00..104.69 rows=1 width=17)<br />
                          Filter: ((poid_id0 IS NOT NULL) AND ((poid_type)::text = '/item/writeoff'::text) AND (dml_ts &lt; ('2023-07-26 13:14:12.884254+00'::timestamp with time zone - '00:00:06'::interval)) AND (mod(poid_id0, '2'::numeric) = '0'::numeric))</td>
    <td align="left">SELECT DISTINCT	l.poid_id0<br />
	                  FROM		(<br />
				SELECT		q.id,<br />
						q.poid_id0<br />
				FROM		t1_dml_queue q<br />
				WHERE		q.poid_type = $1<br />
					AND	q.dml_ts &lt; $8 - ( $2 * INTERVAL '1 SECOND' )<br />
					AND	MOD( q.poid_id0, $4 ) = $3 - 1<br />
					AND	q.poid_id0 IS NOT NULL<br />
				ORDER BY	q.poid_id0<br />
				LIMIT		1<br />
			) l;</td>
  </tr>
  <tr valign="top">
    <td align="right">-3752374249174291274</td>
    <td align="left">sms_ca</td>
    <td align="right">603227856</td>
    <td align="right">-253791787</td>
    <td align="left">t</td>
    <td align="left">Unapproved</td>
    <td align="right">10</td>
    <td align="left">2023-07-26</td>
    <td align="left">Unique  (cost=0.14..131.68 rows=1 width=9)<br />
  -&gt;  Subquery Scan on l  (cost=0.14..131.68 rows=1 width=9)<br />
        -&gt;  Limit  (cost=0.14..131.67 rows=1 width=17)<br />
              -&gt;  Index Scan using t1_dml_queue_ir_poid_id0_idx on t1_dml_queue_ir q  (cost=0.14..131.67 rows=1 width=17)<br />
                    Index Cond: (poid_id0 IS NOT NULL)<br />
                    Filter: (((poid_type)::text = '/item/refund'::text) AND (dml_ts &lt; ('2023-07-26 13:43:14.006751+00'::timestamp with time zone - '00:00:06'::interval)) AND (mod(poid_id0, '2'::numeric) = '1'::numeric))</td>
    <td align="left">SELECT DISTINCT	l.poid_id0<br />
	                  FROM		(<br />
				SELECT		q.id,<br />
						q.poid_id0<br />
				FROM		t1_dml_queue q<br />
				WHERE		q.poid_type = $1<br />
					AND	q.dml_ts &lt; $8 - ( $2 * INTERVAL '1 SECOND' )<br />
					AND	MOD( q.poid_id0, $4 ) = $3 - 1<br />
					AND	q.poid_id0 IS NOT NULL<br />
				ORDER BY	q.poid_id0<br />
				LIMIT		1<br />
			) l;</td>
  </tr>
  <tr valign="top">
    <td align="right">-3752374249174291274</td>
    <td align="left">sms_ca</td>
    <td align="right">603227856</td>
    <td align="right">1222601300</td>
    <td align="left">t</td>
    <td align="left">Unapproved</td>
    <td align="right">10</td>
    <td align="left">2023-07-26</td>
    <td align="left">Unique  (cost=0.12..4.67 rows=1 width=9)<br />
  -&gt;  Subquery Scan on l  (cost=0.12..4.67 rows=1 width=9)<br />
        -&gt;  Limit  (cost=0.12..4.66 rows=1 width=17)<br />
              -&gt;  Index Scan using t1_dml_queue_ii2_poid_id0_idx on t1_dml_queue_ii2 q  (cost=0.12..4.66 rows=1 width=17)<br />
                    Index Cond: (poid_id0 IS NOT NULL)<br />
                    Filter: (((poid_type)::text = '/item/installment'::text) AND (dml_ts &lt; ('2023-07-26 13:39:35.420076+00'::timestamp with time zone - '00:00:06'::interval)) AND (mod(poid_id0, '2'::numeric) = '0'::numeric))</td>
    <td align="left">SELECT DISTINCT	l.poid_id0<br />
	                  FROM		(<br />
				SELECT		q.id,<br />
						q.poid_id0<br />
				FROM		t1_dml_queue q<br />
				WHERE		q.poid_type = $1<br />
					AND	q.dml_ts &lt; $8 - ( $2 * INTERVAL '1 SECOND' )<br />
					AND	MOD( q.poid_id0, $4 ) = $3 - 1<br />
					AND	q.poid_id0 IS NOT NULL<br />
				ORDER BY	q.poid_id0<br />
				LIMIT		1<br />
			) l;</td>
  </tr>
  <tr valign="top">
    <td align="right">-3752374249174291274</td>
    <td align="left">sms_ca</td>
    <td align="right">603227856</td>
    <td align="right">-226573913</td>
    <td align="left">t</td>
    <td align="left">Unapproved</td>
    <td align="right">10</td>
    <td align="left">2023-07-26</td>
    <td align="left">Unique  (cost=2.03..2.05 rows=1 width=9)<br />
  -&gt;  Subquery Scan on l  (cost=2.03..2.05 rows=1 width=9)<br />
        -&gt;  Limit  (cost=2.03..2.04 rows=1 width=17)<br />
              -&gt;  Sort  (cost=2.03..2.04 rows=1 width=17)<br />
                    Sort Key: q.poid_id0<br />
                    -&gt;  Seq Scan on t1_dml_queue_dse q  (cost=0.00..2.02 rows=1 width=17)<br />
                          Filter: ((poid_id0 IS NOT NULL) AND ((poid_type)::text = '/device/sirius/esn'::text) AND (dml_ts &lt; ('2023-07-25 20:23:45.482002+00'::timestamp with time zone - '00:00:06'::interval)) AND (mod(poid_id0, '2'::numeric) = '0'::numeric))</td>
    <td align="left">SELECT DISTINCT	l.poid_id0<br />
	                  FROM		(<br />
				SELECT		q.id,<br />
						q.poid_id0<br />
				FROM		t1_dml_queue q<br />
				WHERE		q.poid_type = $1<br />
					AND	q.dml_ts &lt; $8 - ( $2 * INTERVAL '1 SECOND' )<br />
					AND	MOD( q.poid_id0, $4 ) = $3 - 1<br />
					AND	q.poid_id0 IS NOT NULL<br />
				ORDER BY	q.poid_id0<br />
				LIMIT		1<br />
			) l;</td>
  </tr>
  <tr valign="top">
    <td align="right">-3752374249174291274</td>
    <td align="left">sms_ca</td>
    <td align="right">603227856</td>
    <td align="right">1490103152</td>
    <td align="left">t</td>
    <td align="left">Unapproved</td>
    <td align="right">10</td>
    <td align="left">2023-07-26</td>
    <td align="left">Unique  (cost=2.01..2.03 rows=1 width=9)<br />
  -&gt;  Subquery Scan on l  (cost=2.01..2.02 rows=1 width=9)<br />
        -&gt;  Limit  (cost=2.01..2.01 rows=1 width=17)<br />
              -&gt;  Sort  (cost=2.01..2.01 rows=1 width=17)<br />
                    Sort Key: q.poid_id0<br />
                    -&gt;  Seq Scan on t1_dml_queue_bg q  (cost=0.00..2.00 rows=1 width=17)<br />
                          Filter: ((poid_id0 IS NOT NULL) AND ((poid_type)::text = '/balance_group'::text) AND (dml_ts &lt; ('2023-07-25 20:27:01.584076+00'::timestamp with time zone - '00:00:06'::interval)) AND (mod(poid_id0, '2'::numeric) = '1'::numeric))</td>
    <td align="left">SELECT DISTINCT	l.poid_id0<br />
	                  FROM		(<br />
				SELECT		q.id,<br />
						q.poid_id0<br />
				FROM		t1_dml_queue q<br />
				WHERE		q.poid_type = $1<br />
					AND	q.dml_ts &lt; $8 - ( $2 * INTERVAL '1 SECOND' )<br />
					AND	MOD( q.poid_id0, $4 ) = $3 - 1<br />
					AND	q.poid_id0 IS NOT NULL<br />
				ORDER BY	q.poid_id0<br />
				LIMIT		1<br />
			) l;</td>
  </tr>
  <tr valign="top">
    <td align="right">-3752374249174291274</td>
    <td align="left">sms_ca</td>
    <td align="right">603227856</td>
    <td align="right">-1949781031</td>
    <td align="left">t</td>
    <td align="left">Unapproved</td>
    <td align="right">11</td>
    <td align="left">2023-07-26</td>
    <td align="left">Unique  (cost=0.12..2.74 rows=1 width=9)<br />
  -&gt;  Subquery Scan on l  (cost=0.12..2.73 rows=1 width=9)<br />
        -&gt;  Limit  (cost=0.12..2.72 rows=1 width=17)<br />
              -&gt;  Index Scan using t1_dml_queue_casd1_poid_id0_idx on t1_dml_queue_casd1 q  (cost=0.12..2.72 rows=1 width=17)<br />
                    Index Cond: (poid_id0 IS NOT NULL)<br />
                    Filter: (((poid_type)::text = '/collections_action/sir_dunning1'::text) AND (dml_ts &lt; ('2023-07-26 13:08:56.299418+00'::timestamp with time zone - '00:00:06'::interval)) AND (mod(poid_id0, '2'::numeric) = '0'::numeric))</td>
    <td align="left">SELECT DISTINCT	l.poid_id0<br />
	                  FROM		(<br />
				SELECT		q.id,<br />
						q.poid_id0<br />
				FROM		t1_dml_queue q<br />
				WHERE		q.poid_type = $1<br />
					AND	q.dml_ts &lt; $8 - ( $2 * INTERVAL '1 SECOND' )<br />
					AND	MOD( q.poid_id0, $4 ) = $3 - 1<br />
					AND	q.poid_id0 IS NOT NULL<br />
				ORDER BY	q.poid_id0<br />
				LIMIT		1<br />
			) l;</td>
  </tr>
  <tr valign="top">
    <td align="right">-3752374249174291274</td>
    <td align="left">sms_ca</td>
    <td align="right">603227856</td>
    <td align="right">-1681427723</td>
    <td align="left">t</td>
    <td align="left">Unapproved</td>
    <td align="right">11</td>
    <td align="left">2023-07-26</td>
    <td align="left">Unique  (cost=705.24..705.25 rows=1 width=9)<br />
  -&gt;  Subquery Scan on l  (cost=705.24..705.25 rows=1 width=9)<br />
        -&gt;  Limit  (cost=705.24..705.24 rows=1 width=17)<br />
              -&gt;  Sort  (cost=705.24..705.24 rows=1 width=17)<br />
                    Sort Key: q.poid_id0<br />
                    -&gt;  Seq Scan on t1_dml_queue_calf q  (cost=0.00..705.23 rows=1 width=17)<br />
                          Filter: ((poid_id0 IS NOT NULL) AND ((poid_type)::text = '/collections_action/late_fee'::text) AND (dml_ts &lt; ('2023-07-26 13:08:17.022903+00'::timestamp with time zone - '00:00:06'::interval)) AND (mod(poid_id0, '2'::numeric) = '0'::numeric))</td>
    <td align="left">SELECT DISTINCT	l.poid_id0<br />
	                  FROM		(<br />
				SELECT		q.id,<br />
						q.poid_id0<br />
				FROM		t1_dml_queue q<br />
				WHERE		q.poid_type = $1<br />
					AND	q.dml_ts &lt; $8 - ( $2 * INTERVAL '1 SECOND' )<br />
					AND	MOD( q.poid_id0, $4 ) = $3 - 1<br />
					AND	q.poid_id0 IS NOT NULL<br />
				ORDER BY	q.poid_id0<br />
				LIMIT		1<br />
			) l;</td>
  </tr>
  <tr valign="top">
    <td align="right">-3752374249174291274</td>
    <td align="left">sms_ca</td>
    <td align="right">603227856</td>
    <td align="right">-197400580</td>
    <td align="left">t</td>
    <td align="left">Unapproved</td>
    <td align="right">11</td>
    <td align="left">2023-07-26</td>
    <td align="left">Unique  (cost=427.51..427.53 rows=1 width=9)<br />
  -&gt;  Subquery Scan on l  (cost=427.51..427.53 rows=1 width=9)<br />
        -&gt;  Limit  (cost=427.51..427.52 rows=1 width=17)<br />
              -&gt;  Sort  (cost=427.51..427.52 rows=1 width=17)<br />
                    Sort Key: q.poid_id0<br />
                    -&gt;  Seq Scan on t1_dml_queue_casisr q  (cost=0.00..427.50 rows=1 width=17)<br />
                          Filter: ((poid_id0 IS NOT NULL) AND ((poid_type)::text = '/collections_action/sir_inactivate_serv_rb'::text) AND (dml_ts &lt; ('2023-07-25 20:23:32.701043+00'::timestamp with time zone - '00:00:06'::interval)) AND (mod(poid_id0, '2'::numeric) = '0'::numeric))</td>
    <td align="left">SELECT DISTINCT	l.poid_id0<br />
	                  FROM		(<br />
				SELECT		q.id,<br />
						q.poid_id0<br />
				FROM		t1_dml_queue q<br />
				WHERE		q.poid_type = $1<br />
					AND	q.dml_ts &lt; $8 - ( $2 * INTERVAL '1 SECOND' )<br />
					AND	MOD( q.poid_id0, $4 ) = $3 - 1<br />
					AND	q.poid_id0 IS NOT NULL<br />
				ORDER BY	q.poid_id0<br />
				LIMIT		1<br />
			) l;</td>
  </tr>
  <tr valign="top">
    <td align="right">-3752374249174291274</td>
    <td align="left">sms_ca</td>
    <td align="right">603227856</td>
    <td align="right">-620184845</td>
    <td align="left">t</td>
    <td align="left">Unapproved</td>
    <td align="right">11</td>
    <td align="left">2023-07-26</td>
    <td align="left">Unique  (cost=589.71..589.73 rows=1 width=8)<br />
  -&gt;  Subquery Scan on l  (cost=589.71..589.73 rows=1 width=8)<br />
        -&gt;  Limit  (cost=589.71..589.72 rows=1 width=16)<br />
              -&gt;  Sort  (cost=589.71..589.72 rows=1 width=16)<br />
                    Sort Key: q.poid_id0<br />
                    -&gt;  Seq Scan on t1_dml_queue_cascswr2 q  (cost=0.00..589.70 rows=1 width=16)<br />
                          Filter: ((poid_id0 IS NOT NULL) AND ((poid_type)::text = '/collections_action/sirius/close_serv_writeoff_rb'::text) AND (dml_ts &lt; ('2023-07-25 20:24:17.496637+00'::timestamp with time zone - '00:00:06'::interval)) AND (mod(poid_id0, '2'::numeric) = '0'::numeric))</td>
    <td align="left">SELECT DISTINCT	l.poid_id0<br />
	                  FROM		(<br />
				SELECT		q.id,<br />
						q.poid_id0<br />
				FROM		t1_dml_queue q<br />
				WHERE		q.poid_type = $1<br />
					AND	q.dml_ts &lt; $8 - ( $2 * INTERVAL '1 SECOND' )<br />
					AND	MOD( q.poid_id0, $4 ) = $3 - 1<br />
					AND	q.poid_id0 IS NOT NULL<br />
				ORDER BY	q.poid_id0<br />
				LIMIT		1<br />
			) l;</td>
  </tr>
  <tr valign="top">
    <td align="right">-3752374249174291274</td>
    <td align="left">sms_ca</td>
    <td align="right">603227856</td>
    <td align="right">-709776574</td>
    <td align="left">t</td>
    <td align="left">Unapproved</td>
    <td align="right">12</td>
    <td align="left">2023-07-26</td>
    <td align="left">Unique  (cost=0.12..66.11 rows=1 width=9)<br />
  -&gt;  Subquery Scan on l  (cost=0.12..66.11 rows=1 width=9)<br />
        -&gt;  Limit  (cost=0.12..66.10 rows=1 width=17)<br />
              -&gt;  Index Scan using t1_dml_queue_casis_poid_id0_idx on t1_dml_queue_casis q  (cost=0.12..66.10 rows=1 width=17)<br />
                    Index Cond: (poid_id0 IS NOT NULL)<br />
                    Filter: (((poid_type)::text = '/collections_action/sir_inactivate_serv'::text) AND (dml_ts &lt; ('2023-07-25 20:23:23.391114+00'::timestamp with time zone - '00:00:06'::interval)) AND (mod(poid_id0, '2'::numeric) = '1'::numeric))</td>
    <td align="left">SELECT DISTINCT	l.poid_id0<br />
	                  FROM		(<br />
				SELECT		q.id,<br />
						q.poid_id0<br />
				FROM		t1_dml_queue q<br />
				WHERE		q.poid_type = $1<br />
					AND	q.dml_ts &lt; $8 - ( $2 * INTERVAL '1 SECOND' )<br />
					AND	MOD( q.poid_id0, $4 ) = $3 - 1<br />
					AND	q.poid_id0 IS NOT NULL<br />
				ORDER BY	q.poid_id0<br />
				LIMIT		1<br />
			) l;</td>
  </tr>
  <tr valign="top">
    <td align="right">-3752374249174291274</td>
    <td align="left">sms_ca</td>
    <td align="right">603227856</td>
    <td align="right">-500514055</td>
    <td align="left">t</td>
    <td align="left">Unapproved</td>
    <td align="right">12</td>
    <td align="left">2023-07-26</td>
    <td align="left">Unique  (cost=0.12..5.75 rows=1 width=9)<br />
  -&gt;  Subquery Scan on l  (cost=0.12..5.74 rows=1 width=9)<br />
        -&gt;  Limit  (cost=0.12..5.73 rows=1 width=17)<br />
              -&gt;  Index Scan using t1_dml_queue_scncuoe_poid_id0_idx on t1_dml_queue_scncuoe q  (cost=0.12..5.73 rows=1 width=17)<br />
                    Index Cond: (poid_id0 IS NOT NULL)<br />
                    Filter: (((poid_type)::text = '/sir_customer_notification/contact_update_old_email'::text) AND (dml_ts &lt; ('2023-07-26 13:43:52.640739+00'::timestamp with time zone - '00:00:06'::interval)) AND (mod(poid_id0, '2'::numeric) = '1'::numeric))</td>
    <td align="left">SELECT DISTINCT	l.poid_id0<br />
	                  FROM		(<br />
				SELECT		q.id,<br />
						q.poid_id0<br />
				FROM		t1_dml_queue q<br />
				WHERE		q.poid_type = $1<br />
					AND	q.dml_ts &lt; $8 - ( $2 * INTERVAL '1 SECOND' )<br />
					AND	MOD( q.poid_id0, $4 ) = $3 - 1<br />
					AND	q.poid_id0 IS NOT NULL<br />
				ORDER BY	q.poid_id0<br />
				LIMIT		1<br />
			) l;</td>
  </tr>
  <tr valign="top">
    <td align="right">-3752374249174291274</td>
    <td align="left">sms_ca</td>
    <td align="right">603227856</td>
    <td align="right">1112692974</td>
    <td align="left">t</td>
    <td align="left">Unapproved</td>
    <td align="right">12</td>
    <td align="left">2023-07-26</td>
    <td align="left">Unique  (cost=57.97..57.99 rows=1 width=8)<br />
  -&gt;  Subquery Scan on l  (cost=57.97..57.99 rows=1 width=8)<br />
        -&gt;  Limit  (cost=57.97..57.98 rows=1 width=16)<br />
              -&gt;  Sort  (cost=57.97..57.98 rows=1 width=16)<br />
                    Sort Key: q.poid_id0<br />
                    -&gt;  Seq Scan on t1_dml_queue_cas q  (cost=0.00..57.96 rows=1 width=16)<br />
                          Filter: ((poid_id0 IS NOT NULL) AND ((poid_type)::text = '/collections_action/sirius'::text) AND (dml_ts &lt; ('2023-07-25 20:23:45.502918+00'::timestamp with time zone - '00:00:06'::interval)) AND (mod(poid_id0, '2'::numeric) = '0'::numeric))</td>
    <td align="left">SELECT DISTINCT	l.poid_id0<br />
	                  FROM		(<br />
				SELECT		q.id,<br />
						q.poid_id0<br />
				FROM		t1_dml_queue q<br />
				WHERE		q.poid_type = $1<br />
					AND	q.dml_ts &lt; $8 - ( $2 * INTERVAL '1 SECOND' )<br />
					AND	MOD( q.poid_id0, $4 ) = $3 - 1<br />
					AND	q.poid_id0 IS NOT NULL<br />
				ORDER BY	q.poid_id0<br />
				LIMIT		1<br />
			) l;</td>
  </tr>
  <tr valign="top">
    <td align="right">-3752374249174291274</td>
    <td align="left">sms_ca</td>
    <td align="right">603227856</td>
    <td align="right">1169272899</td>
    <td align="left">t</td>
    <td align="left">Unapproved</td>
    <td align="right">12</td>
    <td align="left">2023-07-26</td>
    <td align="left">Unique  (cost=0.12..3.39 rows=1 width=9)<br />
  -&gt;  Subquery Scan on l  (cost=0.12..3.38 rows=1 width=9)<br />
        -&gt;  Limit  (cost=0.12..3.37 rows=1 width=17)<br />
              -&gt;  Index Scan using t1_dml_queue_casia_poid_id0_idx on t1_dml_queue_casia q  (cost=0.12..3.37 rows=1 width=17)<br />
                    Index Cond: (poid_id0 IS NOT NULL)<br />
                    Filter: (((poid_type)::text = '/collections_action/sir_inactivate_account'::text) AND (dml_ts &lt; ('2023-07-26 13:09:32.758623+00'::timestamp with time zone - '00:00:06'::interval)) AND (mod(poid_id0, '2'::numeric) = '0'::numeric))</td>
    <td align="left">SELECT DISTINCT	l.poid_id0<br />
	                  FROM		(<br />
				SELECT		q.id,<br />
						q.poid_id0<br />
				FROM		t1_dml_queue q<br />
				WHERE		q.poid_type = $1<br />
					AND	q.dml_ts &lt; $8 - ( $2 * INTERVAL '1 SECOND' )<br />
					AND	MOD( q.poid_id0, $4 ) = $3 - 1<br />
					AND	q.poid_id0 IS NOT NULL<br />
				ORDER BY	q.poid_id0<br />
				LIMIT		1<br />
			) l;</td>
  </tr>
  <tr valign="top">
    <td align="right">-3752374249174291274</td>
    <td align="left">sms_ca</td>
    <td align="right">603227856</td>
    <td align="right">-1144409943</td>
    <td align="left">t</td>
    <td align="left">Unapproved</td>
    <td align="right">12</td>
    <td align="left">2023-07-26</td>
    <td align="left">Unique  (cost=0.12..3.75 rows=1 width=9)<br />
  -&gt;  Subquery Scan on l  (cost=0.12..3.75 rows=1 width=9)<br />
        -&gt;  Limit  (cost=0.12..3.74 rows=1 width=17)<br />
              -&gt;  Index Scan using t1_dml_queue_cawb_poid_id0_idx on t1_dml_queue_cawb q  (cost=0.12..3.74 rows=1 width=17)<br />
                    Index Cond: (poid_id0 IS NOT NULL)<br />
                    Filter: (((poid_type)::text = '/collections_action/writeoff_billinfo'::text) AND (dml_ts &lt; ('2023-07-26 13:11:56.006547+00'::timestamp with time zone - '00:00:06'::interval)) AND (mod(poid_id0, '2'::numeric) = '0'::numeric))</td>
    <td align="left">SELECT DISTINCT	l.poid_id0<br />
	                  FROM		(<br />
				SELECT		q.id,<br />
						q.poid_id0<br />
				FROM		t1_dml_queue q<br />
				WHERE		q.poid_type = $1<br />
					AND	q.dml_ts &lt; $8 - ( $2 * INTERVAL '1 SECOND' )<br />
					AND	MOD( q.poid_id0, $4 ) = $3 - 1<br />
					AND	q.poid_id0 IS NOT NULL<br />
				ORDER BY	q.poid_id0<br />
				LIMIT		1<br />
			) l;</td>
  </tr>
  <tr valign="top">
    <td align="right">-3752374249174291274</td>
    <td align="left">sms_ca</td>
    <td align="right">603227856</td>
    <td align="right">-1946424196</td>
    <td align="left">t</td>
    <td align="left">Unapproved</td>
    <td align="right">12</td>
    <td align="left">2023-07-26</td>
    <td align="left">Unique  (cost=0.12..2.31 rows=1 width=9)<br />
  -&gt;  Subquery Scan on l  (cost=0.12..2.31 rows=1 width=9)<br />
        -&gt;  Limit  (cost=0.12..2.30 rows=1 width=17)<br />
              -&gt;  Index Scan using t1_dml_queue_cascsw2_poid_id0_idx on t1_dml_queue_cascsw2 q  (cost=0.12..2.30 rows=1 width=17)<br />
                    Index Cond: (poid_id0 IS NOT NULL)<br />
                    Filter: (((poid_type)::text = '/collections_action/sirius/close_serv_writeoff'::text) AND (dml_ts &lt; ('2023-07-25 20:24:02.330403+00'::timestamp with time zone - '00:00:06'::interval)) AND (mod(poid_id0, '2'::numeric) = '1'::numeric))</td>
    <td align="left">SELECT DISTINCT	l.poid_id0<br />
	                  FROM		(<br />
				SELECT		q.id,<br />
						q.poid_id0<br />
				FROM		t1_dml_queue q<br />
				WHERE		q.poid_type = $1<br />
					AND	q.dml_ts &lt; $8 - ( $2 * INTERVAL '1 SECOND' )<br />
					AND	MOD( q.poid_id0, $4 ) = $3 - 1<br />
					AND	q.poid_id0 IS NOT NULL<br />
				ORDER BY	q.poid_id0<br />
				LIMIT		1<br />
			) l;</td>
  </tr>
  <tr valign="top">
    <td align="right">-3752374249174291274</td>
    <td align="left">sms_ca</td>
    <td align="right">603227856</td>
    <td align="right">1289165335</td>
    <td align="left">t</td>
    <td align="left">Unapproved</td>
    <td align="right">13</td>
    <td align="left">2023-07-26</td>
    <td align="left">Unique  (cost=2.01..2.03 rows=1 width=13)<br />
  -&gt;  Subquery Scan on l  (cost=2.01..2.02 rows=1 width=13)<br />
        -&gt;  Limit  (cost=2.01..2.01 rows=1 width=21)<br />
              -&gt;  Sort  (cost=2.01..2.01 rows=1 width=21)<br />
                    Sort Key: q.poid_id0<br />
                    -&gt;  Seq Scan on t1_dml_queue_ebrc5 q  (cost=0.00..2.00 rows=1 width=21)<br />
                          Filter: ((poid_id0 IS NOT NULL) AND ((poid_type)::text = '/event/billing/reversal/cc'::text) AND (dml_ts &lt; ('2023-07-25 20:24:57.154933+00'::timestamp with time zone - '00:00:06'::interval)) AND (mod(poid_id0, '2'::numeric) = '1'::numeric))</td>
    <td align="left">SELECT DISTINCT	l.poid_id0<br />
	                  FROM		(<br />
				SELECT		q.id,<br />
						q.poid_id0<br />
				FROM		t1_dml_queue q<br />
				WHERE		q.poid_type = $1<br />
					AND	q.dml_ts &lt; $8 - ( $2 * INTERVAL '1 SECOND' )<br />
					AND	MOD( q.poid_id0, $4 ) = $3 - 1<br />
					AND	q.poid_id0 IS NOT NULL<br />
				ORDER BY	q.poid_id0<br />
				LIMIT		1<br />
			) l;</td>
  </tr>
  <tr valign="top">
    <td align="right">-3752374249174291274</td>
    <td align="left">sms_ca</td>
    <td align="right">603227856</td>
    <td align="right">-902017710</td>
    <td align="left">t</td>
    <td align="left">Unapproved</td>
    <td align="right">13</td>
    <td align="left">2023-07-26</td>
    <td align="left">Unique  (cost=12.48..12.50 rows=1 width=32)<br />
  -&gt;  Subquery Scan on l  (cost=12.48..12.50 rows=1 width=32)<br />
        -&gt;  Limit  (cost=12.48..12.49 rows=1 width=40)<br />
              -&gt;  Sort  (cost=12.48..12.49 rows=1 width=40)<br />
                    Sort Key: q.poid_id0<br />
                    -&gt;  Seq Scan on t1_dml_queue_iu q  (cost=0.00..12.47 rows=1 width=40)<br />
                          Filter: ((poid_id0 IS NOT NULL) AND ((poid_type)::text = '/item/usage'::text) AND (dml_ts &lt; ('2023-07-26 13:07:58.365682+00'::timestamp with time zone - '00:00:06'::interval)) AND (mod(poid_id0, '2'::numeric) = '1'::numeric))</td>
    <td align="left">SELECT DISTINCT	l.poid_id0<br />
	                  FROM		(<br />
				SELECT		q.id,<br />
						q.poid_id0<br />
				FROM		t1_dml_queue q<br />
				WHERE		q.poid_type = $1<br />
					AND	q.dml_ts &lt; $8 - ( $2 * INTERVAL '1 SECOND' )<br />
					AND	MOD( q.poid_id0, $4 ) = $3 - 1<br />
					AND	q.poid_id0 IS NOT NULL<br />
				ORDER BY	q.poid_id0<br />
				LIMIT		1<br />
			) l;</td>
  </tr>
  <tr valign="top">
    <td align="right">-3752374249174291274</td>
    <td align="left">sms_ca</td>
    <td align="right">603227856</td>
    <td align="right">1170092139</td>
    <td align="left">t</td>
    <td align="left">Unapproved</td>
    <td align="right">14</td>
    <td align="left">2023-07-26</td>
    <td align="left">Unique  (cost=0.12..2.24 rows=1 width=9)<br />
  -&gt;  Subquery Scan on l  (cost=0.12..2.23 rows=1 width=9)<br />
        -&gt;  Limit  (cost=0.12..2.22 rows=1 width=17)<br />
              -&gt;  Index Scan using t1_dml_queue_casca_poid_id0_idx on t1_dml_queue_casca q  (cost=0.12..2.22 rows=1 width=17)<br />
                    Index Cond: (poid_id0 IS NOT NULL)<br />
                    Filter: (((poid_type)::text = '/collections_action/sir_close_account'::text) AND (dml_ts &lt; ('2023-07-26 13:12:16.490059+00'::timestamp with time zone - '00:00:06'::interval)) AND (mod(poid_id0, '2'::numeric) = '1'::numeric))</td>
    <td align="left">SELECT DISTINCT	l.poid_id0<br />
	                  FROM		(<br />
				SELECT		q.id,<br />
						q.poid_id0<br />
				FROM		t1_dml_queue q<br />
				WHERE		q.poid_type = $1<br />
					AND	q.dml_ts &lt; $8 - ( $2 * INTERVAL '1 SECOND' )<br />
					AND	MOD( q.poid_id0, $4 ) = $3 - 1<br />
					AND	q.poid_id0 IS NOT NULL<br />
				ORDER BY	q.poid_id0<br />
				LIMIT		1<br />
			) l;</td>
  </tr>
  <tr valign="top">
    <td align="right">-3752374249174291274</td>
    <td align="left">sms_ca</td>
    <td align="right">603227856</td>
    <td align="right">1798999625</td>
    <td align="left">t</td>
    <td align="left">Unapproved</td>
    <td align="right">17</td>
    <td align="left">2023-07-26</td>
    <td align="left">Unique  (cost=0.12..3.90 rows=1 width=9)<br />
  -&gt;  Subquery Scan on l  (cost=0.12..3.90 rows=1 width=9)<br />
        -&gt;  Limit  (cost=0.12..3.89 rows=1 width=17)<br />
              -&gt;  Index Scan using t1_dml_queue_casapc_poid_id0_idx on t1_dml_queue_casapc q  (cost=0.12..3.89 rows=1 width=17)<br />
                    Index Cond: (poid_id0 IS NOT NULL)<br />
                    Filter: (((poid_type)::text = '/collections_action/sir_apply_pending_credits'::text) AND (dml_ts &lt; ('2023-07-26 13:34:18.415871+00'::timestamp with time zone - '00:00:06'::interval)) AND (mod(poid_id0, '2'::numeric) = '0'::numeric))</td>
    <td align="left">SELECT DISTINCT	l.poid_id0<br />
	                  FROM		(<br />
				SELECT		q.id,<br />
						q.poid_id0<br />
				FROM		t1_dml_queue q<br />
				WHERE		q.poid_type = $1<br />
					AND	q.dml_ts &lt; $8 - ( $2 * INTERVAL '1 SECOND' )<br />
					AND	MOD( q.poid_id0, $4 ) = $3 - 1<br />
					AND	q.poid_id0 IS NOT NULL<br />
				ORDER BY	q.poid_id0<br />
				LIMIT		1<br />
			) l;</td>
  </tr>
  <tr valign="top">
    <td align="right">-3752374249174291274</td>
    <td align="left">sms_ca</td>
    <td align="right">603227856</td>
    <td align="right">2027907412</td>
    <td align="left">t</td>
    <td align="left">Unapproved</td>
    <td align="right">17</td>
    <td align="left">2023-07-26</td>
    <td align="left">Unique  (cost=15.87..15.88 rows=1 width=9)<br />
  -&gt;  Subquery Scan on l  (cost=15.87..15.88 rows=1 width=9)<br />
        -&gt;  Limit  (cost=15.87..15.87 rows=1 width=17)<br />
              -&gt;  Sort  (cost=15.87..15.87 rows=1 width=17)<br />
                    Sort Key: q.poid_id0<br />
                    -&gt;  Seq Scan on t1_dml_queue_ic q  (cost=0.00..15.86 rows=1 width=17)<br />
                          Filter: ((poid_id0 IS NOT NULL) AND ((poid_type)::text = '/item/cancel'::text) AND (dml_ts &lt; ('2023-07-26 13:15:46.789864+00'::timestamp with time zone - '00:00:06'::interval)) AND (mod(poid_id0, '2'::numeric) = '1'::numeric))</td>
    <td align="left">SELECT DISTINCT	l.poid_id0<br />
	                  FROM		(<br />
				SELECT		q.id,<br />
						q.poid_id0<br />
				FROM		t1_dml_queue q<br />
				WHERE		q.poid_type = $1<br />
					AND	q.dml_ts &lt; $8 - ( $2 * INTERVAL '1 SECOND' )<br />
					AND	MOD( q.poid_id0, $4 ) = $3 - 1<br />
					AND	q.poid_id0 IS NOT NULL<br />
				ORDER BY	q.poid_id0<br />
				LIMIT		1<br />
			) l;</td>
  </tr>
  <tr valign="top">
    <td align="right">-3752374249174291274</td>
    <td align="left">sms_ca</td>
    <td align="right">603227856</td>
    <td align="right">148860500</td>
    <td align="left">t</td>
    <td align="left">Unapproved</td>
    <td align="right">21</td>
    <td align="left">2023-07-26</td>
    <td align="left">Unique  (cost=3.01..3.03 rows=1 width=8)<br />
  -&gt;  Subquery Scan on l  (cost=3.01..3.03 rows=1 width=8)<br />
        -&gt;  Limit  (cost=3.01..3.02 rows=1 width=16)<br />
              -&gt;  Sort  (cost=3.01..3.02 rows=1 width=16)<br />
                    Sort Key: q.poid_id0<br />
                    -&gt;  Seq Scan on t1_dml_queue_ia q  (cost=0.00..3.00 rows=1 width=16)<br />
                          Filter: ((poid_id0 IS NOT NULL) AND ((poid_type)::text = '/item/adjustment'::text) AND (dml_ts &lt; ('2023-07-26 13:13:13.883553+00'::timestamp with time zone - '00:00:06'::interval)) AND (mod(poid_id0, '2'::numeric) = '0'::numeric))</td>
    <td align="left">SELECT DISTINCT	l.poid_id0<br />
	                  FROM		(<br />
				SELECT		q.id,<br />
						q.poid_id0<br />
				FROM		t1_dml_queue q<br />
				WHERE		q.poid_type = $1<br />
					AND	q.dml_ts &lt; $8 - ( $2 * INTERVAL '1 SECOND' )<br />
					AND	MOD( q.poid_id0, $4 ) = $3 - 1<br />
					AND	q.poid_id0 IS NOT NULL<br />
				ORDER BY	q.poid_id0<br />
				LIMIT		1<br />
			) l;</td>
  </tr>
  <tr valign="top">
    <td align="right">-3752374249174291274</td>
    <td align="left">sms_ca</td>
    <td align="right">603227856</td>
    <td align="right">-1907939570</td>
    <td align="left">t</td>
    <td align="left">Unapproved</td>
    <td align="right">4293</td>
    <td align="left">2023-07-26</td>
    <td align="left">Unique  (cost=0.54..246562.56 rows=1 width=11)<br />
  -&gt;  Subquery Scan on l  (cost=0.54..246562.56 rows=1 width=11)<br />
        -&gt;  Limit  (cost=0.54..246562.55 rows=1 width=19)<br />
              -&gt;  Index Scan using t1_dml_queue_default_poid_id0_idx on t1_dml_queue_default q  (cost=0.54..246562.55 rows=1 width=19)<br />
                    Index Cond: (poid_id0 IS NOT NULL)<br />
                    Filter: (((poid_type)::text = '/sir_customer_notification/financial_trans/activation'::text) AND (dml_ts &lt; ('2023-07-26 13:31:42.342025+00'::timestamp with time zone - '00:00:06'::interval)) AND (mod(poid_id0, '2'::numeric) = '1'::numeric))</td>
    <td align="left">SELECT DISTINCT	l.poid_id0<br />
	                  FROM		(<br />
				SELECT		q.id,<br />
						q.poid_id0<br />
				FROM		t1_dml_queue q<br />
				WHERE		q.poid_type = $1<br />
					AND	q.dml_ts &lt; $8 - ( $2 * INTERVAL '1 SECOND' )<br />
					AND	MOD( q.poid_id0, $4 ) = $3 - 1<br />
					AND	q.poid_id0 IS NOT NULL<br />
				ORDER BY	q.poid_id0<br />
				LIMIT		1<br />
			) l;</td>
  </tr>
  <tr valign="top">
    <td align="right">-3752374249174291274</td>
    <td align="left">sms_ca</td>
    <td align="right">603227856</td>
    <td align="right">-1907939698</td>
    <td align="left">t</td>
    <td align="left">Unapproved</td>
    <td align="right">42343</td>
    <td align="left">2023-07-26</td>
    <td align="left">Unique  (cost=0.54..246562.56 rows=1 width=11)<br />
  -&gt;  Subquery Scan on l  (cost=0.54..246562.56 rows=1 width=11)<br />
        -&gt;  Limit  (cost=0.54..246562.55 rows=1 width=19)<br />
              -&gt;  Index Scan using t1_dml_queue_default_poid_id0_idx on t1_dml_queue_default q  (cost=0.54..246562.55 rows=1 width=19)<br />
                    Index Cond: (poid_id0 IS NOT NULL)<br />
                    Filter: (((poid_type)::text = '/sir_customer_notification/financial_trans/consolidation'::text) AND (dml_ts &lt; ('2023-07-26 13:08:19.452207+00'::timestamp with time zone - '00:00:06'::interval)) AND (mod(poid_id0, '2'::numeric) = '1'::numeric))</td>
    <td align="left">SELECT DISTINCT	l.poid_id0<br />
	                  FROM		(<br />
				SELECT		q.id,<br />
						q.poid_id0<br />
				FROM		t1_dml_queue q<br />
				WHERE		q.poid_type = $1<br />
					AND	q.dml_ts &lt; $8 - ( $2 * INTERVAL '1 SECOND' )<br />
					AND	MOD( q.poid_id0, $4 ) = $3 - 1<br />
					AND	q.poid_id0 IS NOT NULL<br />
				ORDER BY	q.poid_id0<br />
				LIMIT		1<br />
			) l;</td>
  </tr>
  <tr valign="top">
    <td align="right">-3752374249174291274</td>
    <td align="left">sms_ca</td>
    <td align="right">603227856</td>
    <td align="right">-1581629851</td>
    <td align="left">t</td>
    <td align="left">Unapproved</td>
    <td align="right">10</td>
    <td align="left">2023-07-27</td>
    <td align="left">Unique  (cost=1.01..1.03 rows=1 width=9)<br />
  -&gt;  Subquery Scan on l  (cost=1.01..1.02 rows=1 width=9)<br />
        -&gt;  Limit  (cost=1.01..1.01 rows=1 width=17)<br />
              -&gt;  Sort  (cost=1.01..1.01 rows=1 width=17)<br />
                    Sort Key: q.poid_id0<br />
                    -&gt;  Seq Scan on t1_dml_queue_b3 q  (cost=0.00..1.00 rows=1 width=17)<br />
                          Filter: ((poid_id0 IS NOT NULL) AND ((poid_type)::text = '/billinfo'::text) AND (dml_ts &lt; ('2023-07-25 20:23:32.702611+00'::timestamp with time zone - '00:00:06'::interval)) AND (mod(poid_id0, '2'::numeric) = '0'::numeric))</td>
    <td align="left">SELECT DISTINCT	l.poid_id0<br />
	                  FROM		(<br />
				SELECT		q.id,<br />
						q.poid_id0<br />
				FROM		t1_dml_queue q<br />
				WHERE		q.poid_type = $1<br />
					AND	q.dml_ts &lt; $8 - ( $2 * INTERVAL '1 SECOND' )<br />
					AND	MOD( q.poid_id0, $4 ) = $3 - 1<br />
					AND	q.poid_id0 IS NOT NULL<br />
				ORDER BY	q.poid_id0<br />
				LIMIT		1<br />
			) l;</td>
  </tr>
  <tr valign="top">
    <td align="right">-3752374249174291274</td>
    <td align="left">sms_ca</td>
    <td align="right">603227856</td>
    <td align="right">1892739548</td>
    <td align="left">t</td>
    <td align="left">Unapproved</td>
    <td align="right">17</td>
    <td align="left">2023-07-31</td>
    <td align="left">Unique  (cost=0.12..4.32 rows=1 width=9)<br />
  -&gt;  Subquery Scan on l  (cost=0.12..4.32 rows=1 width=9)<br />
        -&gt;  Limit  (cost=0.12..4.31 rows=1 width=17)<br />
              -&gt;  Index Scan using t1_dml_queue_gb_poid_id0_idx on t1_dml_queue_gb q  (cost=0.12..4.31 rows=1 width=17)<br />
                    Index Cond: (poid_id0 IS NOT NULL)<br />
                    Filter: (((poid_type)::text = '/group/billing'::text) AND (dml_ts &lt; ('2023-07-25 20:24:02.326444+00'::timestamp with time zone - '00:00:06'::interval)) AND (mod(poid_id0, '2'::numeric) = '1'::numeric))</td>
    <td align="left">SELECT DISTINCT	l.poid_id0<br />
	                  FROM		(<br />
				SELECT		q.id,<br />
						q.poid_id0<br />
				FROM		t1_dml_queue q<br />
				WHERE		q.poid_type = $1<br />
					AND	q.dml_ts &lt; $8 - ( $2 * INTERVAL '1 SECOND' )<br />
					AND	MOD( q.poid_id0, $4 ) = $3 - 1<br />
					AND	q.poid_id0 IS NOT NULL<br />
				ORDER BY	q.poid_id0<br />
				LIMIT		1<br />
			) l;</td>
  </tr>
  <tr valign="top">
    <td align="right">-3752374249174291274</td>
    <td align="left">sms_ca</td>
    <td align="right">603227856</td>
    <td align="right">-11706152</td>
    <td align="left">t</td>
    <td align="left">Unapproved</td>
    <td align="right">62</td>
    <td align="left">2023-08-04</td>
    <td align="left">Unique  (cost=0.12..9.48 rows=1 width=9)<br />
  -&gt;  Subquery Scan on l  (cost=0.12..9.48 rows=1 width=9)<br />
        -&gt;  Limit  (cost=0.12..9.47 rows=1 width=17)<br />
              -&gt;  Index Scan using t1_dml_queue_pd2_poid_id0_idx on t1_dml_queue_pd2 q  (cost=0.12..9.47 rows=1 width=17)<br />
                    Index Cond: (poid_id0 IS NOT NULL)<br />
                    Filter: (((poid_type)::text = '/purchased_discount'::text) AND (dml_ts &lt; ('2023-07-25 20:18:33.076158+00'::timestamp with time zone - '00:00:06'::interval)) AND (mod(poid_id0, '2'::numeric) = '1'::numeric))</td>
    <td align="left">SELECT DISTINCT	l.poid_id0<br />
	                  FROM		(<br />
				SELECT		q.id,<br />
						q.poid_id0<br />
				FROM		t1_dml_queue q<br />
				WHERE		q.poid_type = $1<br />
					AND	q.dml_ts &lt; $8 - ( $2 * INTERVAL '1 SECOND' )<br />
					AND	MOD( q.poid_id0, $4 ) = $3 - 1<br />
					AND	q.poid_id0 IS NOT NULL<br />
				ORDER BY	q.poid_id0<br />
				LIMIT		1<br />
			) l;</td>
  </tr>
  <tr valign="top">
    <td align="right">-3752374249174291274</td>
    <td align="left">sms_ca</td>
    <td align="right">603227856</td>
    <td align="right">-1447413275</td>
    <td align="left">t</td>
    <td align="left">Unapproved</td>
    <td align="right">15</td>
    <td align="left">2023-08-15</td>
    <td align="left">Unique  (cost=1.01..1.03 rows=1 width=9)<br />
  -&gt;  Subquery Scan on l  (cost=1.01..1.02 rows=1 width=9)<br />
        -&gt;  Limit  (cost=1.01..1.01 rows=1 width=17)<br />
              -&gt;  Sort  (cost=1.01..1.01 rows=1 width=17)<br />
                    Sort Key: q.poid_id0<br />
                    -&gt;  Seq Scan on t1_dml_queue_a q  (cost=0.00..1.00 rows=1 width=17)<br />
                          Filter: ((poid_id0 IS NOT NULL) AND ((poid_type)::text = '/account'::text) AND (dml_ts &lt; ('2023-07-25 20:18:00.75336+00'::timestamp with time zone - '00:00:06'::interval)) AND (mod(poid_id0, '2'::numeric) = '0'::numeric))</td>
    <td align="left">SELECT DISTINCT	l.poid_id0<br />
	                  FROM		(<br />
				SELECT		q.id,<br />
						q.poid_id0<br />
				FROM		t1_dml_queue q<br />
				WHERE		q.poid_type = $1<br />
					AND	q.dml_ts &lt; $8 - ( $2 * INTERVAL '1 SECOND' )<br />
					AND	MOD( q.poid_id0, $4 ) = $3 - 1<br />
					AND	q.poid_id0 IS NOT NULL<br />
				ORDER BY	q.poid_id0<br />
				LIMIT		1<br />
			) l;</td>
  </tr>
  <tr valign="top">
    <td align="right">-3752374249174291274</td>
    <td align="left">sms_ca</td>
    <td align="right">603227856</td>
    <td align="right">1019788729</td>
    <td align="left">t</td>
    <td align="left">Unapproved</td>
    <td align="right">13</td>
    <td align="left">2023-08-16</td>
    <td align="left">Unique  (cost=1.01..1.03 rows=1 width=9)<br />
  -&gt;  Subquery Scan on l  (cost=1.01..1.02 rows=1 width=9)<br />
        -&gt;  Limit  (cost=1.01..1.01 rows=1 width=17)<br />
              -&gt;  Sort  (cost=1.01..1.01 rows=1 width=17)<br />
                    Sort Key: q.poid_id0<br />
                    -&gt;  Seq Scan on t1_dml_queue_a q  (cost=0.00..1.00 rows=1 width=17)<br />
                          Filter: ((poid_id0 IS NOT NULL) AND ((poid_type)::text = '/account'::text) AND (dml_ts &lt; ('2023-07-25 18:22:00.111682+00'::timestamp with time zone - '00:00:06'::interval)) AND (mod(poid_id0, '2'::numeric) = '0'::numeric))</td>
    <td align="left">SELECT DISTINCT	l.poid_id0<br />
	                  FROM		(<br />
				SELECT		q.id,<br />
						q.poid_id0<br />
				FROM		t1_dml_queue q<br />
				WHERE		q.poid_type = $1<br />
					AND	q.dml_ts &lt; $8 - ( $2 * INTERVAL '1 SECOND' )<br />
					AND	MOD( q.poid_id0, $4 ) = $3 - 1<br />
					AND	q.poid_id0 IS NOT NULL<br />
				ORDER BY	q.poid_id0<br />
				LIMIT		1<br />
			) l;</td>
  </tr>
  <tr valign="top">
    <td align="right">-2251745896956043182</td>
    <td align="left">postgres</td>
    <td align="right">&nbsp; </td>
    <td align="right">&nbsp; </td>
    <td align="left">&nbsp; </td>
    <td align="left">&nbsp; </td>
    <td align="right">&nbsp; </td>
    <td align="left">&nbsp; </td>
    <td align="left">&nbsp; </td>
    <td align="left">insert into statspack.hist_indexes_with_nulls<br />
select<br />
    v_snap_id, <br />
	c_namespace.nspname as schema,<br />
	c_table.relname as table,<br />
	c.relname as index,<br />
	i.indisunique as unique,<br />
	a.attname as indexed_column,<br />
	pg_relation_size(c.oid) as index_size_bytes,<br />
	round((s.null_frac * $3)::NUMERIC,$4) as &quot;null_%&quot;,<br />
	round(pg_relation_size(c.oid) * s.null_frac) as expected_saving_bytes<br />
from<br />
	pg_class c<br />
join pg_index i on<br />
	i.indexrelid = c.oid<br />
join pg_attribute a on<br />
	a.attrelid = c.oid<br />
join pg_class c_table on<br />
	c_table.oid = i.indrelid<br />
join pg_namespace c_namespace on<br />
	c_namespace.oid = c_table.relnamespace<br />
left join pg_stats s on<br />
	s.tablename = c_table.relname<br />
	and a.attname = s.attname<br />
where<br />
	-- Primary key cannot be partial<br />
    not i.indisprimary<br />
	-- Exclude already partial indexes<br />
	and i.indpred is null<br />
	-- Exclude composite indexes<br />
	and array_length(i.indkey, $5) = $6<br />
	-- Exclude indexes without null_frac ratio<br />
	and coalesce(s.null_frac, $7) != $8</td>
  </tr>
  <tr valign="top">
    <td align="right">-1309924553580357208</td>
    <td align="left">sms_ca</td>
    <td align="right">&nbsp; </td>
    <td align="right">&nbsp; </td>
    <td align="left">&nbsp; </td>
    <td align="left">&nbsp; </td>
    <td align="right">&nbsp; </td>
    <td align="left">&nbsp; </td>
    <td align="left">&nbsp; </td>
    <td align="left"><br />
DO<br />
$$<br />
BEGIN<br />
	SET SEARCH_PATH = sms_ca, public;<br />
	CALL t3_run_translation_prc( p_job_code =&gt; 'T3-ATLAS-FLAT', p_thread =&gt; 1 );<br />
END;<br />
$$ LANGUAGE plpgsql<br />
</td>
  </tr>
  <tr valign="top">
    <td align="right">-1242161580527850213</td>
    <td align="left">rdsadmin</td>
    <td align="right">&nbsp; </td>
    <td align="right">&nbsp; </td>
    <td align="left">&nbsp; </td>
    <td align="left">&nbsp; </td>
    <td align="right">&nbsp; </td>
    <td align="left">&nbsp; </td>
    <td align="left">&nbsp; </td>
    <td align="left">update cron.job_run_details set status = $1, return_message = $2, end_time = $3 where runid = $4</td>
  </tr>
  <tr valign="top">
    <td align="right">-1062693413185283266</td>
    <td align="left">rdsadmin</td>
    <td align="right">&nbsp; </td>
    <td align="right">&nbsp; </td>
    <td align="left">&nbsp; </td>
    <td align="left">&nbsp; </td>
    <td align="right">&nbsp; </td>
    <td align="left">&nbsp; </td>
    <td align="left">&nbsp; </td>
    <td align="left">update cron.job_run_details set return_message = $1 where runid = $2</td>
  </tr>
  <tr valign="top">
    <td align="right">-1045593365252786405</td>
    <td align="left">sms_us</td>
    <td align="right">434532138</td>
    <td align="right">2009834330</td>
    <td align="left">t</td>
    <td align="left">Approved</td>
    <td align="right">0</td>
    <td align="left">2023-08-16</td>
    <td align="left">Insert on awsdms_history  (cost=0.00..0.01 rows=0 width=0)<br />
  -&gt;  Result  (cost=0.00..0.01 rows=1 width=670)</td>
    <td align="left">INSERT INTO &quot;sms_us&quot;.&quot;awsdms_history&quot;(&quot;server_name&quot;,&quot;task_name&quot;,&quot;timeslot_type&quot;,&quot;timeslot&quot;,&quot;timeslot_duration&quot;,&quot;timeslot_latency&quot;,&quot;timeslot_records&quot;,&quot;timeslot_volume&quot;) values ($1,$2,$3,$4,$5,$6,$7,$8);</td>
  </tr>
  <tr valign="top">
    <td align="right">-988384570552081831</td>
    <td align="left">sms_us</td>
    <td align="right">603227856</td>
    <td align="right">1222570664</td>
    <td align="left">t</td>
    <td align="left">Unapproved</td>
    <td align="right">10</td>
    <td align="left">2023-07-25</td>
    <td align="left">Unique  (cost=0.12..11.35 rows=1 width=9)<br />
  -&gt;  Subquery Scan on l  (cost=0.12..11.35 rows=1 width=9)<br />
        -&gt;  Limit  (cost=0.12..11.34 rows=1 width=17)<br />
              -&gt;  Index Scan using t1_dml_queue_pi_poid_id0_idx on t1_dml_queue_pi q  (cost=0.12..11.34 rows=1 width=17)<br />
                    Index Cond: (poid_id0 IS NOT NULL)<br />
                    Filter: (((poid_type)::text = '/payinfo/invoice'::text) AND (dml_ts &lt; ('2023-07-25 20:30:23.243926+00'::timestamp with time zone - '00:00:06'::interval)) AND (mod(poid_id0, '2'::numeric) = '1'::numeric))</td>
    <td align="left">SELECT DISTINCT	l.poid_id0<br />
	                  FROM		(<br />
				SELECT		q.id,<br />
						q.poid_id0<br />
				FROM		t1_dml_queue q<br />
				WHERE		q.poid_type = $1<br />
					AND	q.dml_ts &lt; $8 - ( $2 * INTERVAL '1 SECOND' )<br />
					AND	MOD( q.poid_id0, $4 ) = $3 - 1<br />
					AND	q.poid_id0 IS NOT NULL<br />
				ORDER BY	q.poid_id0<br />
				LIMIT		1<br />
			) l;</td>
  </tr>
  <tr valign="top">
    <td align="right">-988384570552081831</td>
    <td align="left">sms_us</td>
    <td align="right">603227856</td>
    <td align="right">2027876776</td>
    <td align="left">t</td>
    <td align="left">Unapproved</td>
    <td align="right">10</td>
    <td align="left">2023-07-25</td>
    <td align="left">Unique  (cost=0.12..3.27 rows=1 width=9)<br />
  -&gt;  Subquery Scan on l  (cost=0.12..3.27 rows=1 width=9)<br />
        -&gt;  Limit  (cost=0.12..3.26 rows=1 width=17)<br />
              -&gt;  Index Scan using t1_dml_queue_pc_poid_id0_idx on t1_dml_queue_pc q  (cost=0.12..3.26 rows=1 width=17)<br />
                    Index Cond: (poid_id0 IS NOT NULL)<br />
                    Filter: (((poid_type)::text = '/payinfo/cc'::text) AND (dml_ts &lt; ('2023-07-25 20:24:58.467116+00'::timestamp with time zone - '00:00:06'::interval)) AND (mod(poid_id0, '2'::numeric) = '1'::numeric))</td>
    <td align="left">SELECT DISTINCT	l.poid_id0<br />
	                  FROM		(<br />
				SELECT		q.id,<br />
						q.poid_id0<br />
				FROM		t1_dml_queue q<br />
				WHERE		q.poid_type = $1<br />
					AND	q.dml_ts &lt; $8 - ( $2 * INTERVAL '1 SECOND' )<br />
					AND	MOD( q.poid_id0, $4 ) = $3 - 1<br />
					AND	q.poid_id0 IS NOT NULL<br />
				ORDER BY	q.poid_id0<br />
				LIMIT		1<br />
			) l;</td>
  </tr>
  <tr valign="top">
    <td align="right">-988384570552081831</td>
    <td align="left">sms_us</td>
    <td align="right">603227856</td>
    <td align="right">-119608919</td>
    <td align="left">t</td>
    <td align="left">Unapproved</td>
    <td align="right">10</td>
    <td align="left">2023-07-25</td>
    <td align="left">Unique  (cost=1.01..1.03 rows=1 width=9)<br />
  -&gt;  Subquery Scan on l  (cost=1.01..1.02 rows=1 width=9)<br />
        -&gt;  Limit  (cost=1.01..1.01 rows=1 width=17)<br />
              -&gt;  Sort  (cost=1.01..1.01 rows=1 width=17)<br />
                    Sort Key: q.poid_id0<br />
                    -&gt;  Seq Scan on t1_dml_queue_ps3 q  (cost=0.00..1.00 rows=1 width=17)<br />
                          Filter: ((poid_id0 IS NOT NULL) AND ((poid_type)::text = '/profile/sirius'::text) AND (dml_ts &lt; ('2023-07-25 20:25:35.293308+00'::timestamp with time zone - '00:00:06'::interval)) AND (mod(poid_id0, '2'::numeric) = '1'::numeric))</td>
    <td align="left">SELECT DISTINCT	l.poid_id0<br />
	                  FROM		(<br />
				SELECT		q.id,<br />
						q.poid_id0<br />
				FROM		t1_dml_queue q<br />
				WHERE		q.poid_type = $1<br />
					AND	q.dml_ts &lt; $8 - ( $2 * INTERVAL '1 SECOND' )<br />
					AND	MOD( q.poid_id0, $4 ) = $3 - 1<br />
					AND	q.poid_id0 IS NOT NULL<br />
				ORDER BY	q.poid_id0<br />
				LIMIT		1<br />
			) l;</td>
  </tr>
  <tr valign="top">
    <td align="right">-988384570552081831</td>
    <td align="left">sms_us</td>
    <td align="right">603227856</td>
    <td align="right">-195118281</td>
    <td align="left">t</td>
    <td align="left">Unapproved</td>
    <td align="right">10</td>
    <td align="left">2023-07-25</td>
    <td align="left">Unique  (cost=0.01..0.03 rows=1 width=9)<br />
  -&gt;  Subquery Scan on l  (cost=0.01..0.03 rows=1 width=9)<br />
        -&gt;  Limit  (cost=0.01..0.02 rows=1 width=17)<br />
              -&gt;  Sort  (cost=0.01..0.02 rows=1 width=17)<br />
                    Sort Key: q.poid_id0<br />
                    -&gt;  Seq Scan on t1_dml_queue_sse q  (cost=0.00..0.00 rows=1 width=17)<br />
                          Filter: ((poid_id0 IS NOT NULL) AND ((poid_type)::text = '/service/sirius/esn'::text) AND (dml_ts &lt; ('2023-07-25 20:30:47.407482+00'::timestamp with time zone - '00:00:06'::interval)) AND (mod(poid_id0, '2'::numeric) = '0'::numeric))</td>
    <td align="left">SELECT DISTINCT	l.poid_id0<br />
	                  FROM		(<br />
				SELECT		q.id,<br />
						q.poid_id0<br />
				FROM		t1_dml_queue q<br />
				WHERE		q.poid_type = $1<br />
					AND	q.dml_ts &lt; $8 - ( $2 * INTERVAL '1 SECOND' )<br />
					AND	MOD( q.poid_id0, $4 ) = $3 - 1<br />
					AND	q.poid_id0 IS NOT NULL<br />
				ORDER BY	q.poid_id0<br />
				LIMIT		1<br />
			) l;</td>
  </tr>
  <tr valign="top">
    <td align="right">-988384570552081831</td>
    <td align="left">sms_us</td>
    <td align="right">603227856</td>
    <td align="right">1147052086</td>
    <td align="left">t</td>
    <td align="left">Unapproved</td>
    <td align="right">10</td>
    <td align="left">2023-07-25</td>
    <td align="left">Unique  (cost=1.01..1.03 rows=1 width=9)<br />
  -&gt;  Subquery Scan on l  (cost=1.01..1.02 rows=1 width=9)<br />
        -&gt;  Limit  (cost=1.01..1.01 rows=1 width=17)<br />
              -&gt;  Sort  (cost=1.01..1.01 rows=1 width=17)<br />
                    Sort Key: q.poid_id0<br />
                    -&gt;  Seq Scan on t1_dml_queue_sss q  (cost=0.00..1.00 rows=1 width=17)<br />
                          Filter: ((poid_id0 IS NOT NULL) AND ((poid_type)::text = '/service/sirius/sir'::text) AND (dml_ts &lt; ('2023-07-25 20:26:21.71963+00'::timestamp with time zone - '00:00:06'::interval)) AND (mod(poid_id0, '2'::numeric) = '1'::numeric))</td>
    <td align="left">SELECT DISTINCT	l.poid_id0<br />
	                  FROM		(<br />
				SELECT		q.id,<br />
						q.poid_id0<br />
				FROM		t1_dml_queue q<br />
				WHERE		q.poid_type = $1<br />
					AND	q.dml_ts &lt; $8 - ( $2 * INTERVAL '1 SECOND' )<br />
					AND	MOD( q.poid_id0, $4 ) = $3 - 1<br />
					AND	q.poid_id0 IS NOT NULL<br />
				ORDER BY	q.poid_id0<br />
				LIMIT		1<br />
			) l;</td>
  </tr>
  <tr valign="top">
    <td align="right">-988384570552081831</td>
    <td align="left">sms_us</td>
    <td align="right">603227856</td>
    <td align="right">-119690819</td>
    <td align="left">t</td>
    <td align="left">Unapproved</td>
    <td align="right">10</td>
    <td align="left">2023-07-25</td>
    <td align="left">Unique  (cost=2.14..2.16 rows=1 width=9)<br />
  -&gt;  Subquery Scan on l  (cost=2.14..2.16 rows=1 width=9)<br />
        -&gt;  Limit  (cost=2.14..2.15 rows=1 width=17)<br />
              -&gt;  Sort  (cost=2.14..2.15 rows=1 width=17)<br />
                    Sort Key: q.poid_id0<br />
                    -&gt;  Seq Scan on t1_dml_queue_ss4 q  (cost=0.00..2.13 rows=1 width=17)<br />
                          Filter: ((poid_id0 IS NOT NULL) AND ((poid_type)::text = '/service/subscription'::text) AND (dml_ts &lt; ('2023-07-25 20:26:31.412328+00'::timestamp with time zone - '00:00:06'::interval)) AND (mod(poid_id0, '2'::numeric) = '1'::numeric))</td>
    <td align="left">SELECT DISTINCT	l.poid_id0<br />
	                  FROM		(<br />
				SELECT		q.id,<br />
						q.poid_id0<br />
				FROM		t1_dml_queue q<br />
				WHERE		q.poid_type = $1<br />
					AND	q.dml_ts &lt; $8 - ( $2 * INTERVAL '1 SECOND' )<br />
					AND	MOD( q.poid_id0, $4 ) = $3 - 1<br />
					AND	q.poid_id0 IS NOT NULL<br />
				ORDER BY	q.poid_id0<br />
				LIMIT		1<br />
			) l;</td>
  </tr>
  <tr valign="top">
    <td align="right">-988384570552081831</td>
    <td align="left">sms_us</td>
    <td align="right">603227856</td>
    <td align="right">-1907475298</td>
    <td align="left">t</td>
    <td align="left">Unapproved</td>
    <td align="right">10</td>
    <td align="left">2023-07-25</td>
    <td align="left">Unique  (cost=0.55..1147826.75 rows=1 width=12)<br />
  -&gt;  Subquery Scan on l  (cost=0.55..1147826.75 rows=1 width=12)<br />
        -&gt;  Limit  (cost=0.55..1147826.74 rows=1 width=20)<br />
              -&gt;  Index Scan using t1_dml_queue_default_poid_id0_idx on t1_dml_queue_default q  (cost=0.55..1147826.74 rows=1 width=20)<br />
                    Index Cond: (poid_id0 IS NOT NULL)<br />
                    Filter: (((poid_type)::text = '/payinfo/bundle'::text) AND (dml_ts &lt; ('2023-07-25 20:24:35.083083+00'::timestamp with time zone - '00:00:06'::interval)) AND (mod(poid_id0, '2'::numeric) = '0'::numeric))</td>
    <td align="left">SELECT DISTINCT	l.poid_id0<br />
	                  FROM		(<br />
				SELECT		q.id,<br />
						q.poid_id0<br />
				FROM		t1_dml_queue q<br />
				WHERE		q.poid_type = $1<br />
					AND	q.dml_ts &lt; $8 - ( $2 * INTERVAL '1 SECOND' )<br />
					AND	MOD( q.poid_id0, $4 ) = $3 - 1<br />
					AND	q.poid_id0 IS NOT NULL<br />
				ORDER BY	q.poid_id0<br />
				LIMIT		1<br />
			) l;</td>
  </tr>
  <tr valign="top">
    <td align="right">-988384570552081831</td>
    <td align="left">sms_us</td>
    <td align="right">603227856</td>
    <td align="right">1625223208</td>
    <td align="left">t</td>
    <td align="left">Unapproved</td>
    <td align="right">10</td>
    <td align="left">2023-07-25</td>
    <td align="left">Unique  (cost=0.12..4.24 rows=1 width=9)<br />
  -&gt;  Subquery Scan on l  (cost=0.12..4.24 rows=1 width=9)<br />
        -&gt;  Limit  (cost=0.12..4.23 rows=1 width=17)<br />
              -&gt;  Index Scan using t1_dml_queue_pd2_poid_id0_idx on t1_dml_queue_pd2 q  (cost=0.12..4.23 rows=1 width=17)<br />
                    Index Cond: (poid_id0 IS NOT NULL)<br />
                    Filter: (((poid_type)::text = '/purchased_discount'::text) AND (dml_ts &lt; ('2023-07-25 20:25:50.438471+00'::timestamp with time zone - '00:00:06'::interval)) AND (mod(poid_id0, '2'::numeric) = '1'::numeric))</td>
    <td align="left">SELECT DISTINCT	l.poid_id0<br />
	                  FROM		(<br />
				SELECT		q.id,<br />
						q.poid_id0<br />
				FROM		t1_dml_queue q<br />
				WHERE		q.poid_type = $1<br />
					AND	q.dml_ts &lt; $8 - ( $2 * INTERVAL '1 SECOND' )<br />
					AND	MOD( q.poid_id0, $4 ) = $3 - 1<br />
					AND	q.poid_id0 IS NOT NULL<br />
				ORDER BY	q.poid_id0<br />
				LIMIT		1<br />
			) l;</td>
  </tr>
  <tr valign="top">
    <td align="right">-988384570552081831</td>
    <td align="left">sms_us</td>
    <td align="right">603227856</td>
    <td align="right">-167857865</td>
    <td align="left">t</td>
    <td align="left">Unapproved</td>
    <td align="right">10</td>
    <td align="left">2023-07-25</td>
    <td align="left">Unique  (cost=0.12..4.92 rows=1 width=9)<br />
  -&gt;  Subquery Scan on l  (cost=0.12..4.92 rows=1 width=9)<br />
        -&gt;  Limit  (cost=0.12..4.91 rows=1 width=17)<br />
              -&gt;  Index Scan using t1_dml_queue_pse_poid_id0_idx on t1_dml_queue_pse q  (cost=0.12..4.91 rows=1 width=17)<br />
                    Index Cond: (poid_id0 IS NOT NULL)<br />
                    Filter: (((poid_type)::text = '/profile/serv_extrating'::text) AND (dml_ts &lt; ('2023-07-25 20:25:26.424726+00'::timestamp with time zone - '00:00:06'::interval)) AND (mod(poid_id0, '2'::numeric) = '1'::numeric))</td>
    <td align="left">SELECT DISTINCT	l.poid_id0<br />
	                  FROM		(<br />
				SELECT		q.id,<br />
						q.poid_id0<br />
				FROM		t1_dml_queue q<br />
				WHERE		q.poid_type = $1<br />
					AND	q.dml_ts &lt; $8 - ( $2 * INTERVAL '1 SECOND' )<br />
					AND	MOD( q.poid_id0, $4 ) = $3 - 1<br />
					AND	q.poid_id0 IS NOT NULL<br />
				ORDER BY	q.poid_id0<br />
				LIMIT		1<br />
			) l;</td>
  </tr>
  <tr valign="top">
    <td align="right">-988384570552081831</td>
    <td align="left">sms_us</td>
    <td align="right">603227856</td>
    <td align="right">-1134609233</td>
    <td align="left">t</td>
    <td align="left">Unapproved</td>
    <td align="right">10</td>
    <td align="left">2023-07-25</td>
    <td align="left">Unique  (cost=0.12..2559.17 rows=1 width=9)<br />
  -&gt;  Subquery Scan on l  (cost=0.12..2559.17 rows=1 width=9)<br />
        -&gt;  Limit  (cost=0.12..2559.16 rows=1 width=17)<br />
              -&gt;  Index Scan using t1_dml_queue_sul_poid_id0_idx on t1_dml_queue_sul q  (cost=0.12..2559.16 rows=1 width=17)<br />
                    Index Cond: (poid_id0 IS NOT NULL)<br />
                    Filter: (((poid_type)::text = '/service/universal_login'::text) AND (dml_ts &lt; ('2023-07-25 20:26:55.860022+00'::timestamp with time zone - '00:00:06'::interval)) AND (mod(poid_id0, '2'::numeric) = '1'::numeric))</td>
    <td align="left">SELECT DISTINCT	l.poid_id0<br />
	                  FROM		(<br />
				SELECT		q.id,<br />
						q.poid_id0<br />
				FROM		t1_dml_queue q<br />
				WHERE		q.poid_type = $1<br />
					AND	q.dml_ts &lt; $8 - ( $2 * INTERVAL '1 SECOND' )<br />
					AND	MOD( q.poid_id0, $4 ) = $3 - 1<br />
					AND	q.poid_id0 IS NOT NULL<br />
				ORDER BY	q.poid_id0<br />
				LIMIT		1<br />
			) l;</td>
  </tr>
  <tr valign="top">
    <td align="right">-988384570552081831</td>
    <td align="left">sms_us</td>
    <td align="right">603227856</td>
    <td align="right">1519559414</td>
    <td align="left">t</td>
    <td align="left">Unapproved</td>
    <td align="right">10</td>
    <td align="left">2023-07-25</td>
    <td align="left">Unique  (cost=0.12..3447.95 rows=1 width=12)<br />
  -&gt;  Subquery Scan on l  (cost=0.12..3447.95 rows=1 width=12)<br />
        -&gt;  Limit  (cost=0.12..3447.94 rows=1 width=20)<br />
              -&gt;  Index Scan using t1_dml_queue_ecp_poid_id0_idx on t1_dml_queue_ecp q  (cost=0.12..3447.94 rows=1 width=20)<br />
                    Index Cond: (poid_id0 IS NOT NULL)<br />
                    Filter: (((poid_type)::text = '/event/customer/password'::text) AND (dml_ts &lt; ('2023-07-25 20:35:09.933399+00'::timestamp with time zone - '00:00:06'::interval)) AND (mod(poid_id0, '2'::numeric) = '1'::numeric))</td>
    <td align="left">SELECT DISTINCT	l.poid_id0<br />
	                  FROM		(<br />
				SELECT		q.id,<br />
						q.poid_id0<br />
				FROM		t1_dml_queue q<br />
				WHERE		q.poid_type = $1<br />
					AND	q.dml_ts &lt; $8 - ( $2 * INTERVAL '1 SECOND' )<br />
					AND	MOD( q.poid_id0, $4 ) = $3 - 1<br />
					AND	q.poid_id0 IS NOT NULL<br />
				ORDER BY	q.poid_id0<br />
				LIMIT		1<br />
			) l;</td>
  </tr>
  <tr valign="top">
    <td align="right">-988384570552081831</td>
    <td align="left">sms_us</td>
    <td align="right">603227856</td>
    <td align="right">-1433230345</td>
    <td align="left">t</td>
    <td align="left">Unapproved</td>
    <td align="right">10</td>
    <td align="left">2023-07-25</td>
    <td align="left">Unique  (cost=0.12..6033.70 rows=1 width=12)<br />
  -&gt;  Subquery Scan on l  (cost=0.12..6033.70 rows=1 width=12)<br />
        -&gt;  Limit  (cost=0.12..6033.69 rows=1 width=20)<br />
              -&gt;  Index Scan using t1_dml_queue_ecn_poid_id0_idx on t1_dml_queue_ecn q  (cost=0.12..6033.69 rows=1 width=20)<br />
                    Index Cond: (poid_id0 IS NOT NULL)<br />
                    Filter: (((poid_type)::text = '/event/customer/nameinfo'::text) AND (dml_ts &lt; ('2023-07-25 20:35:09.8858+00'::timestamp with time zone - '00:00:06'::interval)) AND (mod(poid_id0, '2'::numeric) = '0'::numeric))</td>
    <td align="left">SELECT DISTINCT	l.poid_id0<br />
	                  FROM		(<br />
				SELECT		q.id,<br />
						q.poid_id0<br />
				FROM		t1_dml_queue q<br />
				WHERE		q.poid_type = $1<br />
					AND	q.dml_ts &lt; $8 - ( $2 * INTERVAL '1 SECOND' )<br />
					AND	MOD( q.poid_id0, $4 ) = $3 - 1<br />
					AND	q.poid_id0 IS NOT NULL<br />
				ORDER BY	q.poid_id0<br />
				LIMIT		1<br />
			) l;</td>
  </tr>
  <tr valign="top">
    <td align="right">-988384570552081831</td>
    <td align="left">sms_us</td>
    <td align="right">603227856</td>
    <td align="right">-2132873687</td>
    <td align="left">t</td>
    <td align="left">Unapproved</td>
    <td align="right">10</td>
    <td align="left">2023-07-25</td>
    <td align="left">Unique  (cost=0.01..0.03 rows=1 width=9)<br />
  -&gt;  Subquery Scan on l  (cost=0.01..0.03 rows=1 width=9)<br />
        -&gt;  Limit  (cost=0.01..0.02 rows=1 width=17)<br />
              -&gt;  Sort  (cost=0.01..0.02 rows=1 width=17)<br />
                    Sort Key: q.poid_id0<br />
                    -&gt;  Seq Scan on t1_dml_queue_pp3 q  (cost=0.00..0.00 rows=1 width=17)<br />
                          Filter: ((poid_id0 IS NOT NULL) AND ((poid_type)::text = '/purchased_product'::text) AND (dml_ts &lt; ('2023-07-25 20:26:03.737749+00'::timestamp with time zone - '00:00:06'::interval)) AND (mod(poid_id0, '2'::numeric) = '1'::numeric))</td>
    <td align="left">SELECT DISTINCT	l.poid_id0<br />
	                  FROM		(<br />
				SELECT		q.id,<br />
						q.poid_id0<br />
				FROM		t1_dml_queue q<br />
				WHERE		q.poid_type = $1<br />
					AND	q.dml_ts &lt; $8 - ( $2 * INTERVAL '1 SECOND' )<br />
					AND	MOD( q.poid_id0, $4 ) = $3 - 1<br />
					AND	q.poid_id0 IS NOT NULL<br />
				ORDER BY	q.poid_id0<br />
				LIMIT		1<br />
			) l;</td>
  </tr>
  <tr valign="top">
    <td align="right">-988384570552081831</td>
    <td align="left">sms_us</td>
    <td align="right">603227856</td>
    <td align="right">1112670334</td>
    <td align="left">t</td>
    <td align="left">Unapproved</td>
    <td align="right">10</td>
    <td align="left">2023-07-25</td>
    <td align="left">Unique  (cost=1526.11..1526.13 rows=1 width=9)<br />
  -&gt;  Subquery Scan on l  (cost=1526.11..1526.12 rows=1 width=9)<br />
        -&gt;  Limit  (cost=1526.11..1526.11 rows=1 width=17)<br />
              -&gt;  Sort  (cost=1526.11..1526.11 rows=1 width=17)<br />
                    Sort Key: q.poid_id0<br />
                    -&gt;  Seq Scan on t1_dml_queue_cas q  (cost=0.00..1526.10 rows=1 width=17)<br />
                          Filter: ((poid_id0 IS NOT NULL) AND ((poid_type)::text = '/collections_action/sirius'::text) AND (dml_ts &lt; ('2023-07-25 20:31:19.93761+00'::timestamp with time zone - '00:00:06'::interval)) AND (mod(poid_id0, '2'::numeric) = '1'::numeric))</td>
    <td align="left">SELECT DISTINCT	l.poid_id0<br />
	                  FROM		(<br />
				SELECT		q.id,<br />
						q.poid_id0<br />
				FROM		t1_dml_queue q<br />
				WHERE		q.poid_type = $1<br />
					AND	q.dml_ts &lt; $8 - ( $2 * INTERVAL '1 SECOND' )<br />
					AND	MOD( q.poid_id0, $4 ) = $3 - 1<br />
					AND	q.poid_id0 IS NOT NULL<br />
				ORDER BY	q.poid_id0<br />
				LIMIT		1<br />
			) l;</td>
  </tr>
  <tr valign="top">
    <td align="right">-988384570552081831</td>
    <td align="left">sms_us</td>
    <td align="right">603227856</td>
    <td align="right">-120477187</td>
    <td align="left">t</td>
    <td align="left">Unapproved</td>
    <td align="right">10</td>
    <td align="left">2023-07-25</td>
    <td align="left">Unique  (cost=415.72..415.74 rows=1 width=8)<br />
  -&gt;  Subquery Scan on l  (cost=415.72..415.74 rows=1 width=8)<br />
        -&gt;  Limit  (cost=415.72..415.73 rows=1 width=16)<br />
              -&gt;  Sort  (cost=415.72..415.73 rows=1 width=16)<br />
                    Sort Key: q.poid_id0<br />
                    -&gt;  Seq Scan on t1_dml_queue_cs q  (cost=0.00..415.71 rows=1 width=16)<br />
                          Filter: ((poid_id0 IS NOT NULL) AND ((poid_type)::text = '/collections_scenario'::text) AND (dml_ts &lt; ('2023-07-25 20:31:31.434989+00'::timestamp with time zone - '00:00:06'::interval)) AND (mod(poid_id0, '2'::numeric) = '1'::numeric))</td>
    <td align="left">SELECT DISTINCT	l.poid_id0<br />
	                  FROM		(<br />
				SELECT		q.id,<br />
						q.poid_id0<br />
				FROM		t1_dml_queue q<br />
				WHERE		q.poid_type = $1<br />
					AND	q.dml_ts &lt; $8 - ( $2 * INTERVAL '1 SECOND' )<br />
					AND	MOD( q.poid_id0, $4 ) = $3 - 1<br />
					AND	q.poid_id0 IS NOT NULL<br />
				ORDER BY	q.poid_id0<br />
				LIMIT		1<br />
			) l;</td>
  </tr>
  <tr valign="top">
    <td align="right">-988384570552081831</td>
    <td align="left">sms_us</td>
    <td align="right">603227856</td>
    <td align="right">-1144395719</td>
    <td align="left">t</td>
    <td align="left">Unapproved</td>
    <td align="right">11</td>
    <td align="left">2023-07-25</td>
    <td align="left">Unique  (cost=0.12..2.21 rows=1 width=9)<br />
  -&gt;  Subquery Scan on l  (cost=0.12..2.20 rows=1 width=9)<br />
        -&gt;  Limit  (cost=0.12..2.19 rows=1 width=17)<br />
              -&gt;  Index Scan using t1_dml_queue_cawb_poid_id0_idx on t1_dml_queue_cawb q  (cost=0.12..2.19 rows=1 width=17)<br />
                    Index Cond: (poid_id0 IS NOT NULL)<br />
                    Filter: (((poid_type)::text = '/collections_action/writeoff_billinfo'::text) AND (dml_ts &lt; ('2023-07-25 20:31:28.535914+00'::timestamp with time zone - '00:00:06'::interval)) AND (mod(poid_id0, '2'::numeric) = '1'::numeric))</td>
    <td align="left">SELECT DISTINCT	l.poid_id0<br />
	                  FROM		(<br />
				SELECT		q.id,<br />
						q.poid_id0<br />
				FROM		t1_dml_queue q<br />
				WHERE		q.poid_type = $1<br />
					AND	q.dml_ts &lt; $8 - ( $2 * INTERVAL '1 SECOND' )<br />
					AND	MOD( q.poid_id0, $4 ) = $3 - 1<br />
					AND	q.poid_id0 IS NOT NULL<br />
				ORDER BY	q.poid_id0<br />
				LIMIT		1<br />
			) l;</td>
  </tr>
  <tr valign="top">
    <td align="right">-988384570552081831</td>
    <td align="left">sms_us</td>
    <td align="right">603227856</td>
    <td align="right">-709757998</td>
    <td align="left">t</td>
    <td align="left">Unapproved</td>
    <td align="right">12</td>
    <td align="left">2023-07-25</td>
    <td align="left">Unique  (cost=0.12..2.61 rows=1 width=9)<br />
  -&gt;  Subquery Scan on l  (cost=0.12..2.61 rows=1 width=9)<br />
        -&gt;  Limit  (cost=0.12..2.60 rows=1 width=17)<br />
              -&gt;  Index Scan using t1_dml_queue_casis2_poid_id0_idx on t1_dml_queue_casis2 q  (cost=0.12..2.60 rows=1 width=17)<br />
                    Index Cond: (poid_id0 IS NOT NULL)<br />
                    Filter: (((poid_type)::text = '/collections_action/sirius/inactivate_serv'::text) AND (dml_ts &lt; ('2023-07-25 20:34:45.372844+00'::timestamp with time zone - '00:00:06'::interval)) AND (mod(poid_id0, '2'::numeric) = '1'::numeric))</td>
    <td align="left">SELECT DISTINCT	l.poid_id0<br />
	                  FROM		(<br />
				SELECT		q.id,<br />
						q.poid_id0<br />
				FROM		t1_dml_queue q<br />
				WHERE		q.poid_type = $1<br />
					AND	q.dml_ts &lt; $8 - ( $2 * INTERVAL '1 SECOND' )<br />
					AND	MOD( q.poid_id0, $4 ) = $3 - 1<br />
					AND	q.poid_id0 IS NOT NULL<br />
				ORDER BY	q.poid_id0<br />
				LIMIT		1<br />
			) l;</td>
  </tr>
  <tr valign="top">
    <td align="right">-988384570552081831</td>
    <td align="left">sms_us</td>
    <td align="right">603227856</td>
    <td align="right">1019798185</td>
    <td align="left">t</td>
    <td align="left">Unapproved</td>
    <td align="right">13</td>
    <td align="left">2023-07-25</td>
    <td align="left">Unique  (cost=2633.61..2633.63 rows=1 width=8)<br />
  -&gt;  Subquery Scan on l  (cost=2633.61..2633.63 rows=1 width=8)<br />
        -&gt;  Limit  (cost=2633.61..2633.62 rows=1 width=16)<br />
              -&gt;  Sort  (cost=2633.61..2633.62 rows=1 width=16)<br />
                    Sort Key: q.poid_id0<br />
                    -&gt;  Seq Scan on t1_dml_queue_b2 q  (cost=0.00..2633.60 rows=1 width=16)<br />
                          Filter: ((poid_id0 IS NOT NULL) AND ((poid_type)::text = '/bill'::text) AND (dml_ts &lt; ('2023-07-25 18:22:00.072729+00'::timestamp with time zone - '00:00:06'::interval)) AND (mod(poid_id0, '2'::numeric) = '1'::numeric))</td>
    <td align="left">SELECT DISTINCT	l.poid_id0<br />
	                  FROM		(<br />
				SELECT		q.id,<br />
						q.poid_id0<br />
				FROM		t1_dml_queue q<br />
				WHERE		q.poid_type = $1<br />
					AND	q.dml_ts &lt; $8 - ( $2 * INTERVAL '1 SECOND' )<br />
					AND	MOD( q.poid_id0, $4 ) = $3 - 1<br />
					AND	q.poid_id0 IS NOT NULL<br />
				ORDER BY	q.poid_id0<br />
				LIMIT		1<br />
			) l;</td>
  </tr>
  <tr valign="top">
    <td align="right">-988384570552081831</td>
    <td align="left">sms_us</td>
    <td align="right">603227856</td>
    <td align="right">-902672702</td>
    <td align="left">t</td>
    <td align="left">Unapproved</td>
    <td align="right">13</td>
    <td align="left">2023-07-25</td>
    <td align="left">Unique  (cost=1.01..1.03 rows=1 width=9)<br />
  -&gt;  Subquery Scan on l  (cost=1.01..1.02 rows=1 width=9)<br />
        -&gt;  Limit  (cost=1.01..1.01 rows=1 width=17)<br />
              -&gt;  Sort  (cost=1.01..1.01 rows=1 width=17)<br />
                    Sort Key: q.poid_id0<br />
                    -&gt;  Seq Scan on t1_dml_queue_bg q  (cost=0.00..1.00 rows=1 width=17)<br />
                          Filter: ((poid_id0 IS NOT NULL) AND ((poid_type)::text = '/balance_group'::text) AND (dml_ts &lt; ('2023-07-25 20:18:33.626499+00'::timestamp with time zone - '00:00:06'::interval)) AND (mod(poid_id0, '2'::numeric) = '1'::numeric))</td>
    <td align="left">SELECT DISTINCT	l.poid_id0<br />
	                  FROM		(<br />
				SELECT		q.id,<br />
						q.poid_id0<br />
				FROM		t1_dml_queue q<br />
				WHERE		q.poid_type = $1<br />
					AND	q.dml_ts &lt; $8 - ( $2 * INTERVAL '1 SECOND' )<br />
					AND	MOD( q.poid_id0, $4 ) = $3 - 1<br />
					AND	q.poid_id0 IS NOT NULL<br />
				ORDER BY	q.poid_id0<br />
				LIMIT		1<br />
			) l;</td>
  </tr>
  <tr valign="top">
    <td align="right">-988384570552081831</td>
    <td align="left">sms_us</td>
    <td align="right">603227856</td>
    <td align="right">754647559</td>
    <td align="left">t</td>
    <td align="left">Unapproved</td>
    <td align="right">13</td>
    <td align="left">2023-07-25</td>
    <td align="left">Unique  (cost=0.12..5.88 rows=1 width=9)<br />
  -&gt;  Subquery Scan on l  (cost=0.12..5.88 rows=1 width=9)<br />
        -&gt;  Limit  (cost=0.12..5.87 rows=1 width=17)<br />
              -&gt;  Index Scan using t1_dml_queue_cacb_poid_id0_idx on t1_dml_queue_cacb q  (cost=0.12..5.87 rows=1 width=17)<br />
                    Index Cond: (poid_id0 IS NOT NULL)<br />
                    Filter: (((poid_type)::text = '/collections_action/close_billinfo'::text) AND (dml_ts &lt; ('2023-07-25 20:18:33.294324+00'::timestamp with time zone - '00:00:06'::interval)) AND (mod(poid_id0, '2'::numeric) = '0'::numeric))</td>
    <td align="left">SELECT DISTINCT	l.poid_id0<br />
	                  FROM		(<br />
				SELECT		q.id,<br />
						q.poid_id0<br />
				FROM		t1_dml_queue q<br />
				WHERE		q.poid_type = $1<br />
					AND	q.dml_ts &lt; $8 - ( $2 * INTERVAL '1 SECOND' )<br />
					AND	MOD( q.poid_id0, $4 ) = $3 - 1<br />
					AND	q.poid_id0 IS NOT NULL<br />
				ORDER BY	q.poid_id0<br />
				LIMIT		1<br />
			) l;</td>
  </tr>
  <tr valign="top">
    <td align="right">-988384570552081831</td>
    <td align="left">sms_us</td>
    <td align="right">603227856</td>
    <td align="right">2055111350</td>
    <td align="left">t</td>
    <td align="left">Unapproved</td>
    <td align="right">13</td>
    <td align="left">2023-07-25</td>
    <td align="left">Unique  (cost=0.12..2.18 rows=1 width=9)<br />
  -&gt;  Subquery Scan on l  (cost=0.12..2.17 rows=1 width=9)<br />
        -&gt;  Limit  (cost=0.12..2.16 rows=1 width=17)<br />
              -&gt;  Index Scan using t1_dml_queue_dst_poid_id0_idx on t1_dml_queue_dst q  (cost=0.12..2.16 rows=1 width=17)<br />
                    Index Cond: (poid_id0 IS NOT NULL)<br />
                    Filter: (((poid_type)::text = '/device/sirius/tcu'::text) AND (dml_ts &lt; ('2023-07-25 20:24:09.596651+00'::timestamp with time zone - '00:00:06'::interval)) AND (mod(poid_id0, '2'::numeric) = '0'::numeric))</td>
    <td align="left">SELECT DISTINCT	l.poid_id0<br />
	                  FROM		(<br />
				SELECT		q.id,<br />
						q.poid_id0<br />
				FROM		t1_dml_queue q<br />
				WHERE		q.poid_type = $1<br />
					AND	q.dml_ts &lt; $8 - ( $2 * INTERVAL '1 SECOND' )<br />
					AND	MOD( q.poid_id0, $4 ) = $3 - 1<br />
					AND	q.poid_id0 IS NOT NULL<br />
				ORDER BY	q.poid_id0<br />
				LIMIT		1<br />
			) l;</td>
  </tr>
  <tr valign="top">
    <td align="right">-988384570552081831</td>
    <td align="left">sms_us</td>
    <td align="right">603227856</td>
    <td align="right">-1582094475</td>
    <td align="left">t</td>
    <td align="left">Unapproved</td>
    <td align="right">16834</td>
    <td align="left">2023-07-25</td>
    <td align="left">Unique  (cost=2633.61..2633.63 rows=1 width=8)<br />
  -&gt;  Subquery Scan on l  (cost=2633.61..2633.63 rows=1 width=8)<br />
        -&gt;  Limit  (cost=2633.61..2633.62 rows=1 width=16)<br />
              -&gt;  Sort  (cost=2633.61..2633.62 rows=1 width=16)<br />
                    Sort Key: q.poid_id0<br />
                    -&gt;  Seq Scan on t1_dml_queue_b2 q  (cost=0.00..2633.60 rows=1 width=16)<br />
                          Filter: ((poid_id0 IS NOT NULL) AND ((poid_type)::text = '/bill'::text) AND (dml_ts &lt; ('2023-07-25 20:44:47.599916+00'::timestamp with time zone - '00:00:06'::interval)) AND (mod(poid_id0, '2'::numeric) = '1'::numeric))</td>
    <td align="left">SELECT DISTINCT	l.poid_id0<br />
	                  FROM		(<br />
				SELECT		q.id,<br />
						q.poid_id0<br />
				FROM		t1_dml_queue q<br />
				WHERE		q.poid_type = $1<br />
					AND	q.dml_ts &lt; $8 - ( $2 * INTERVAL '1 SECOND' )<br />
					AND	MOD( q.poid_id0, $4 ) = $3 - 1<br />
					AND	q.poid_id0 IS NOT NULL<br />
				ORDER BY	q.poid_id0<br />
				LIMIT		1<br />
			) l;</td>
  </tr>
  <tr valign="top">
    <td align="right">-988384570552081831</td>
    <td align="left">sms_us</td>
    <td align="right">603227856</td>
    <td align="right">1892725068</td>
    <td align="left">t</td>
    <td align="left">Unapproved</td>
    <td align="right">10</td>
    <td align="left">2023-07-26</td>
    <td align="left">Unique  (cost=0.12..31.81 rows=1 width=9)<br />
  -&gt;  Subquery Scan on l  (cost=0.12..31.81 rows=1 width=9)<br />
        -&gt;  Limit  (cost=0.12..31.80 rows=1 width=17)<br />
              -&gt;  Index Scan using t1_dml_queue_gb_poid_id0_idx on t1_dml_queue_gb q  (cost=0.12..31.80 rows=1 width=17)<br />
                    Index Cond: (poid_id0 IS NOT NULL)<br />
                    Filter: (((poid_type)::text = '/group/billing'::text) AND (dml_ts &lt; ('2023-07-25 20:28:51.502846+00'::timestamp with time zone - '00:00:06'::interval)) AND (mod(poid_id0, '2'::numeric) = '1'::numeric))</td>
    <td align="left">SELECT DISTINCT	l.poid_id0<br />
	                  FROM		(<br />
				SELECT		q.id,<br />
						q.poid_id0<br />
				FROM		t1_dml_queue q<br />
				WHERE		q.poid_type = $1<br />
					AND	q.dml_ts &lt; $8 - ( $2 * INTERVAL '1 SECOND' )<br />
					AND	MOD( q.poid_id0, $4 ) = $3 - 1<br />
					AND	q.poid_id0 IS NOT NULL<br />
				ORDER BY	q.poid_id0<br />
				LIMIT		1<br />
			) l;</td>
  </tr>
  <tr valign="top">
    <td align="right">-988384570552081831</td>
    <td align="left">sms_us</td>
    <td align="right">603227856</td>
    <td align="right">1490121696</td>
    <td align="left">t</td>
    <td align="left">Unapproved</td>
    <td align="right">10</td>
    <td align="left">2023-07-26</td>
    <td align="left">Unique  (cost=1.01..1.03 rows=1 width=9)<br />
  -&gt;  Subquery Scan on l  (cost=1.01..1.02 rows=1 width=9)<br />
        -&gt;  Limit  (cost=1.01..1.01 rows=1 width=17)<br />
              -&gt;  Sort  (cost=1.01..1.01 rows=1 width=17)<br />
                    Sort Key: q.poid_id0<br />
                    -&gt;  Seq Scan on t1_dml_queue_bg q  (cost=0.00..1.00 rows=1 width=17)<br />
                          Filter: ((poid_id0 IS NOT NULL) AND ((poid_type)::text = '/balance_group'::text) AND (dml_ts &lt; ('2023-07-25 20:23:23.405173+00'::timestamp with time zone - '00:00:06'::interval)) AND (mod(poid_id0, '2'::numeric) = '1'::numeric))</td>
    <td align="left">SELECT DISTINCT	l.poid_id0<br />
	                  FROM		(<br />
				SELECT		q.id,<br />
						q.poid_id0<br />
				FROM		t1_dml_queue q<br />
				WHERE		q.poid_type = $1<br />
					AND	q.dml_ts &lt; $8 - ( $2 * INTERVAL '1 SECOND' )<br />
					AND	MOD( q.poid_id0, $4 ) = $3 - 1<br />
					AND	q.poid_id0 IS NOT NULL<br />
				ORDER BY	q.poid_id0<br />
				LIMIT		1<br />
			) l;</td>
  </tr>
  <tr valign="top">
    <td align="right">-988384570552081831</td>
    <td align="left">sms_us</td>
    <td align="right">603227856</td>
    <td align="right">-2132857275</td>
    <td align="left">t</td>
    <td align="left">Unapproved</td>
    <td align="right">10</td>
    <td align="left">2023-07-26</td>
    <td align="left">Unique  (cost=7.15..7.17 rows=1 width=9)<br />
  -&gt;  Subquery Scan on l  (cost=7.15..7.16 rows=1 width=9)<br />
        -&gt;  Limit  (cost=7.15..7.15 rows=1 width=17)<br />
              -&gt;  Sort  (cost=7.15..7.15 rows=1 width=17)<br />
                    Sort Key: q.poid_id0<br />
                    -&gt;  Seq Scan on t1_dml_queue_ip q  (cost=0.00..7.14 rows=1 width=17)<br />
                          Filter: ((poid_id0 IS NOT NULL) AND ((poid_type)::text = '/item/payment'::text) AND (dml_ts &lt; ('2023-07-26 13:32:53.101893+00'::timestamp with time zone - '00:00:06'::interval)) AND (mod(poid_id0, '2'::numeric) = '0'::numeric))</td>
    <td align="left">SELECT DISTINCT	l.poid_id0<br />
	                  FROM		(<br />
				SELECT		q.id,<br />
						q.poid_id0<br />
				FROM		t1_dml_queue q<br />
				WHERE		q.poid_type = $1<br />
					AND	q.dml_ts &lt; $8 - ( $2 * INTERVAL '1 SECOND' )<br />
					AND	MOD( q.poid_id0, $4 ) = $3 - 1<br />
					AND	q.poid_id0 IS NOT NULL<br />
				ORDER BY	q.poid_id0<br />
				LIMIT		1<br />
			) l;</td>
  </tr>
  <tr valign="top">
    <td align="right">-988384570552081831</td>
    <td align="left">sms_us</td>
    <td align="right">603227856</td>
    <td align="right">-226584265</td>
    <td align="left">t</td>
    <td align="left">Unapproved</td>
    <td align="right">10</td>
    <td align="left">2023-07-26</td>
    <td align="left">Unique  (cost=0.26..4131.94 rows=1 width=9)<br />
  -&gt;  Subquery Scan on l  (cost=0.26..4131.94 rows=1 width=9)<br />
        -&gt;  Limit  (cost=0.26..4131.93 rows=1 width=17)<br />
              -&gt;  Index Scan using t1_dml_queue_dse_poid_id0_idx on t1_dml_queue_dse q  (cost=0.26..4131.93 rows=1 width=17)<br />
                    Index Cond: (poid_id0 IS NOT NULL)<br />
                    Filter: (((poid_type)::text = '/device/sirius/esn'::text) AND (dml_ts &lt; ('2023-07-25 20:23:45.472671+00'::timestamp with time zone - '00:00:06'::interval)) AND (mod(poid_id0, '2'::numeric) = '0'::numeric))</td>
    <td align="left">SELECT DISTINCT	l.poid_id0<br />
	                  FROM		(<br />
				SELECT		q.id,<br />
						q.poid_id0<br />
				FROM		t1_dml_queue q<br />
				WHERE		q.poid_type = $1<br />
					AND	q.dml_ts &lt; $8 - ( $2 * INTERVAL '1 SECOND' )<br />
					AND	MOD( q.poid_id0, $4 ) = $3 - 1<br />
					AND	q.poid_id0 IS NOT NULL<br />
				ORDER BY	q.poid_id0<br />
				LIMIT		1<br />
			) l;</td>
  </tr>
  <tr valign="top">
    <td align="right">-988384570552081831</td>
    <td align="left">sms_us</td>
    <td align="right">603227856</td>
    <td align="right">148846276</td>
    <td align="left">t</td>
    <td align="left">Unapproved</td>
    <td align="right">10</td>
    <td align="left">2023-07-26</td>
    <td align="left">Unique  (cost=3.03..3.05 rows=1 width=8)<br />
  -&gt;  Subquery Scan on l  (cost=3.03..3.05 rows=1 width=8)<br />
        -&gt;  Limit  (cost=3.03..3.04 rows=1 width=16)<br />
              -&gt;  Sort  (cost=3.03..3.04 rows=1 width=16)<br />
                    Sort Key: q.poid_id0<br />
                    -&gt;  Seq Scan on t1_dml_queue_ia q  (cost=0.00..3.02 rows=1 width=16)<br />
                          Filter: ((poid_id0 IS NOT NULL) AND ((poid_type)::text = '/item/adjustment'::text) AND (dml_ts &lt; ('2023-07-26 13:39:35.524499+00'::timestamp with time zone - '00:00:06'::interval)) AND (mod(poid_id0, '2'::numeric) = '1'::numeric))</td>
    <td align="left">SELECT DISTINCT	l.poid_id0<br />
	                  FROM		(<br />
				SELECT		q.id,<br />
						q.poid_id0<br />
				FROM		t1_dml_queue q<br />
				WHERE		q.poid_type = $1<br />
					AND	q.dml_ts &lt; $8 - ( $2 * INTERVAL '1 SECOND' )<br />
					AND	MOD( q.poid_id0, $4 ) = $3 - 1<br />
					AND	q.poid_id0 IS NOT NULL<br />
				ORDER BY	q.poid_id0<br />
				LIMIT		1<br />
			) l;</td>
  </tr>
  <tr valign="top">
    <td align="right">-988384570552081831</td>
    <td align="left">sms_us</td>
    <td align="right">603227856</td>
    <td align="right">-317542409</td>
    <td align="left">t</td>
    <td align="left">Unapproved</td>
    <td align="right">10</td>
    <td align="left">2023-07-26</td>
    <td align="left">Unique  (cost=2014.11..2014.12 rows=1 width=8)<br />
  -&gt;  Subquery Scan on l  (cost=2014.11..2014.12 rows=1 width=8)<br />
        -&gt;  Limit  (cost=2014.11..2014.11 rows=1 width=16)<br />
              -&gt;  Sort  (cost=2014.11..2014.11 rows=1 width=16)<br />
                    Sort Key: q.poid_id0<br />
                    -&gt;  Seq Scan on t1_dml_queue_icf q  (cost=0.00..2014.10 rows=1 width=16)<br />
                          Filter: ((poid_id0 IS NOT NULL) AND ((poid_type)::text = '/item/cycle_forward'::text) AND (dml_ts &lt; ('2023-07-26 13:14:12.272825+00'::timestamp with time zone - '00:00:06'::interval)) AND (mod(poid_id0, '2'::numeric) = '0'::numeric))</td>
    <td align="left">SELECT DISTINCT	l.poid_id0<br />
	                  FROM		(<br />
				SELECT		q.id,<br />
						q.poid_id0<br />
				FROM		t1_dml_queue q<br />
				WHERE		q.poid_type = $1<br />
					AND	q.dml_ts &lt; $8 - ( $2 * INTERVAL '1 SECOND' )<br />
					AND	MOD( q.poid_id0, $4 ) = $3 - 1<br />
					AND	q.poid_id0 IS NOT NULL<br />
				ORDER BY	q.poid_id0<br />
				LIMIT		1<br />
			) l;</td>
  </tr>
  <tr valign="top">
    <td align="right">-988384570552081831</td>
    <td align="left">sms_us</td>
    <td align="right">603227856</td>
    <td align="right">-1681446299</td>
    <td align="left">t</td>
    <td align="left">Unapproved</td>
    <td align="right">11</td>
    <td align="left">2023-07-26</td>
    <td align="left">Unique  (cost=4329.06..4329.08 rows=1 width=8)<br />
  -&gt;  Subquery Scan on l  (cost=4329.06..4329.08 rows=1 width=8)<br />
        -&gt;  Limit  (cost=4329.06..4329.07 rows=1 width=16)<br />
              -&gt;  Sort  (cost=4329.06..4329.07 rows=1 width=16)<br />
                    Sort Key: q.poid_id0<br />
                    -&gt;  Seq Scan on t1_dml_queue_calf q  (cost=0.00..4329.05 rows=1 width=16)<br />
                          Filter: ((poid_id0 IS NOT NULL) AND ((poid_type)::text = '/collections_action/late_fee'::text) AND (dml_ts &lt; ('2023-07-26 13:09:15.954458+00'::timestamp with time zone - '00:00:06'::interval)) AND (mod(poid_id0, '2'::numeric) = '0'::numeric))</td>
    <td align="left">SELECT DISTINCT	l.poid_id0<br />
	                  FROM		(<br />
				SELECT		q.id,<br />
						q.poid_id0<br />
				FROM		t1_dml_queue q<br />
				WHERE		q.poid_type = $1<br />
					AND	q.dml_ts &lt; $8 - ( $2 * INTERVAL '1 SECOND' )<br />
					AND	MOD( q.poid_id0, $4 ) = $3 - 1<br />
					AND	q.poid_id0 IS NOT NULL<br />
				ORDER BY	q.poid_id0<br />
				LIMIT		1<br />
			) l;</td>
  </tr>
  <tr valign="top">
    <td align="right">-988384570552081831</td>
    <td align="left">sms_us</td>
    <td align="right">603227856</td>
    <td align="right">-1949766839</td>
    <td align="left">t</td>
    <td align="left">Unapproved</td>
    <td align="right">11</td>
    <td align="left">2023-07-26</td>
    <td align="left">Unique  (cost=6012.39..6012.41 rows=1 width=8)<br />
  -&gt;  Subquery Scan on l  (cost=6012.39..6012.41 rows=1 width=8)<br />
        -&gt;  Limit  (cost=6012.39..6012.40 rows=1 width=16)<br />
              -&gt;  Sort  (cost=6012.39..6012.40 rows=1 width=16)<br />
                    Sort Key: q.poid_id0<br />
                    -&gt;  Seq Scan on t1_dml_queue_casd1 q  (cost=0.00..6012.38 rows=1 width=16)<br />
                          Filter: ((poid_id0 IS NOT NULL) AND ((poid_type)::text = '/collections_action/sir_dunning1'::text) AND (dml_ts &lt; ('2023-07-26 13:10:22.536338+00'::timestamp with time zone - '00:00:06'::interval)) AND (mod(poid_id0, '2'::numeric) = '0'::numeric))</td>
    <td align="left">SELECT DISTINCT	l.poid_id0<br />
	                  FROM		(<br />
				SELECT		q.id,<br />
						q.poid_id0<br />
				FROM		t1_dml_queue q<br />
				WHERE		q.poid_type = $1<br />
					AND	q.dml_ts &lt; $8 - ( $2 * INTERVAL '1 SECOND' )<br />
					AND	MOD( q.poid_id0, $4 ) = $3 - 1<br />
					AND	q.poid_id0 IS NOT NULL<br />
				ORDER BY	q.poid_id0<br />
				LIMIT		1<br />
			) l;</td>
  </tr>
  <tr valign="top">
    <td align="right">-988384570552081831</td>
    <td align="left">sms_us</td>
    <td align="right">603227856</td>
    <td align="right">-197410964</td>
    <td align="left">t</td>
    <td align="left">Unapproved</td>
    <td align="right">11</td>
    <td align="left">2023-07-26</td>
    <td align="left">Unique  (cost=5235.12..5235.14 rows=1 width=9)<br />
  -&gt;  Subquery Scan on l  (cost=5235.12..5235.14 rows=1 width=9)<br />
        -&gt;  Limit  (cost=5235.12..5235.12 rows=1 width=17)<br />
              -&gt;  Sort  (cost=5235.12..5235.12 rows=1 width=17)<br />
                    Sort Key: q.poid_id0<br />
                    -&gt;  Seq Scan on t1_dml_queue_casisr q  (cost=0.00..5235.11 rows=1 width=17)<br />
                          Filter: ((poid_id0 IS NOT NULL) AND ((poid_type)::text = '/collections_action/sir_inactivate_serv_rb'::text) AND (dml_ts &lt; ('2023-07-25 20:31:19.941472+00'::timestamp with time zone - '00:00:06'::interval)) AND (mod(poid_id0, '2'::numeric) = '0'::numeric))</td>
    <td align="left">SELECT DISTINCT	l.poid_id0<br />
	                  FROM		(<br />
				SELECT		q.id,<br />
						q.poid_id0<br />
				FROM		t1_dml_queue q<br />
				WHERE		q.poid_type = $1<br />
					AND	q.dml_ts &lt; $8 - ( $2 * INTERVAL '1 SECOND' )<br />
					AND	MOD( q.poid_id0, $4 ) = $3 - 1<br />
					AND	q.poid_id0 IS NOT NULL<br />
				ORDER BY	q.poid_id0<br />
				LIMIT		1<br />
			) l;</td>
  </tr>
  <tr valign="top">
    <td align="right">-988384570552081831</td>
    <td align="left">sms_us</td>
    <td align="right">603227856</td>
    <td align="right">-620174749</td>
    <td align="left">t</td>
    <td align="left">Unapproved</td>
    <td align="right">11</td>
    <td align="left">2023-07-26</td>
    <td align="left">Unique  (cost=3084.72..3084.74 rows=1 width=8)<br />
  -&gt;  Subquery Scan on l  (cost=3084.72..3084.73 rows=1 width=8)<br />
        -&gt;  Limit  (cost=3084.72..3084.72 rows=1 width=16)<br />
              -&gt;  Sort  (cost=3084.72..3084.72 rows=1 width=16)<br />
                    Sort Key: q.poid_id0<br />
                    -&gt;  Seq Scan on t1_dml_queue_cascswr2 q  (cost=0.00..3084.71 rows=1 width=16)<br />
                          Filter: ((poid_id0 IS NOT NULL) AND ((poid_type)::text = '/collections_action/sirius/close_serv_writeoff_rb'::text) AND (dml_ts &lt; ('2023-07-25 20:34:45.373756+00'::timestamp with time zone - '00:00:06'::interval)) AND (mod(poid_id0, '2'::numeric) = '0'::numeric))</td>
    <td align="left">SELECT DISTINCT	l.poid_id0<br />
	                  FROM		(<br />
				SELECT		q.id,<br />
						q.poid_id0<br />
				FROM		t1_dml_queue q<br />
				WHERE		q.poid_type = $1<br />
					AND	q.dml_ts &lt; $8 - ( $2 * INTERVAL '1 SECOND' )<br />
					AND	MOD( q.poid_id0, $4 ) = $3 - 1<br />
					AND	q.poid_id0 IS NOT NULL<br />
				ORDER BY	q.poid_id0<br />
				LIMIT		1<br />
			) l;</td>
  </tr>
  <tr valign="top">
    <td align="right">-988384570552081831</td>
    <td align="left">sms_us</td>
    <td align="right">603227856</td>
    <td align="right">-1946438420</td>
    <td align="left">t</td>
    <td align="left">Unapproved</td>
    <td align="right">12</td>
    <td align="left">2023-07-26</td>
    <td align="left">Unique  (cost=0.12..2.17 rows=1 width=9)<br />
  -&gt;  Subquery Scan on l  (cost=0.12..2.17 rows=1 width=9)<br />
        -&gt;  Limit  (cost=0.12..2.16 rows=1 width=17)<br />
              -&gt;  Index Scan using t1_dml_queue_cascsw_poid_id0_idx on t1_dml_queue_cascsw q  (cost=0.12..2.16 rows=1 width=17)<br />
                    Index Cond: (poid_id0 IS NOT NULL)<br />
                    Filter: (((poid_type)::text = '/collections_action/sir_close_serv_writeoff'::text) AND (dml_ts &lt; ('2023-07-26 13:09:52.376504+00'::timestamp with time zone - '00:00:06'::interval)) AND (mod(poid_id0, '2'::numeric) = '0'::numeric))</td>
    <td align="left">SELECT DISTINCT	l.poid_id0<br />
	                  FROM		(<br />
				SELECT		q.id,<br />
						q.poid_id0<br />
				FROM		t1_dml_queue q<br />
				WHERE		q.poid_type = $1<br />
					AND	q.dml_ts &lt; $8 - ( $2 * INTERVAL '1 SECOND' )<br />
					AND	MOD( q.poid_id0, $4 ) = $3 - 1<br />
					AND	q.poid_id0 IS NOT NULL<br />
				ORDER BY	q.poid_id0<br />
				LIMIT		1<br />
			) l;</td>
  </tr>
  <tr valign="top">
    <td align="right">-988384570552081831</td>
    <td align="left">sms_us</td>
    <td align="right">603227856</td>
    <td align="right">1169287379</td>
    <td align="left">t</td>
    <td align="left">Unapproved</td>
    <td align="right">12</td>
    <td align="left">2023-07-26</td>
    <td align="left">Unique  (cost=0.12..2.17 rows=1 width=9)<br />
  -&gt;  Subquery Scan on l  (cost=0.12..2.17 rows=1 width=9)<br />
        -&gt;  Limit  (cost=0.12..2.16 rows=1 width=17)<br />
              -&gt;  Index Scan using t1_dml_queue_casia_poid_id0_idx on t1_dml_queue_casia q  (cost=0.12..2.16 rows=1 width=17)<br />
                    Index Cond: (poid_id0 IS NOT NULL)<br />
                    Filter: (((poid_type)::text = '/collections_action/sir_inactivate_account'::text) AND (dml_ts &lt; ('2023-07-26 13:11:17.198371+00'::timestamp with time zone - '00:00:06'::interval)) AND (mod(poid_id0, '2'::numeric) = '0'::numeric))</td>
    <td align="left">SELECT DISTINCT	l.poid_id0<br />
	                  FROM		(<br />
				SELECT		q.id,<br />
						q.poid_id0<br />
				FROM		t1_dml_queue q<br />
				WHERE		q.poid_type = $1<br />
					AND	q.dml_ts &lt; $8 - ( $2 * INTERVAL '1 SECOND' )<br />
					AND	MOD( q.poid_id0, $4 ) = $3 - 1<br />
					AND	q.poid_id0 IS NOT NULL<br />
				ORDER BY	q.poid_id0<br />
				LIMIT		1<br />
			) l;</td>
  </tr>
  <tr valign="top">
    <td align="right">-988384570552081831</td>
    <td align="left">sms_us</td>
    <td align="right">603227856</td>
    <td align="right">-1144723319</td>
    <td align="left">t</td>
    <td align="left">Unapproved</td>
    <td align="right">12</td>
    <td align="left">2023-07-26</td>
    <td align="left">Unique  (cost=0.12..5.88 rows=1 width=9)<br />
  -&gt;  Subquery Scan on l  (cost=0.12..5.88 rows=1 width=9)<br />
        -&gt;  Limit  (cost=0.12..5.87 rows=1 width=17)<br />
              -&gt;  Index Scan using t1_dml_queue_cacb_poid_id0_idx on t1_dml_queue_cacb q  (cost=0.12..5.87 rows=1 width=17)<br />
                    Index Cond: (poid_id0 IS NOT NULL)<br />
                    Filter: (((poid_type)::text = '/collections_action/close_billinfo'::text) AND (dml_ts &lt; ('2023-07-26 13:09:05.626521+00'::timestamp with time zone - '00:00:06'::interval)) AND (mod(poid_id0, '2'::numeric) = '0'::numeric))</td>
    <td align="left">SELECT DISTINCT	l.poid_id0<br />
	                  FROM		(<br />
				SELECT		q.id,<br />
						q.poid_id0<br />
				FROM		t1_dml_queue q<br />
				WHERE		q.poid_type = $1<br />
					AND	q.dml_ts &lt; $8 - ( $2 * INTERVAL '1 SECOND' )<br />
					AND	MOD( q.poid_id0, $4 ) = $3 - 1<br />
					AND	q.poid_id0 IS NOT NULL<br />
				ORDER BY	q.poid_id0<br />
				LIMIT		1<br />
			) l;</td>
  </tr>
  <tr valign="top">
    <td align="right">-988384570552081831</td>
    <td align="left">sms_us</td>
    <td align="right">603227856</td>
    <td align="right">-253810363</td>
    <td align="left">t</td>
    <td align="left">Unapproved</td>
    <td align="right">13</td>
    <td align="left">2023-07-26</td>
    <td align="left">Unique  (cost=0.12..10.60 rows=1 width=8)<br />
  -&gt;  Subquery Scan on l  (cost=0.12..10.60 rows=1 width=8)<br />
        -&gt;  Limit  (cost=0.12..10.59 rows=1 width=16)<br />
              -&gt;  Index Scan using t1_dml_queue_ir_poid_id0_idx on t1_dml_queue_ir q  (cost=0.12..10.59 rows=1 width=16)<br />
                    Index Cond: (poid_id0 IS NOT NULL)<br />
                    Filter: (((poid_type)::text = '/item/refund'::text) AND (dml_ts &lt; ('2023-07-26 13:34:05.488102+00'::timestamp with time zone - '00:00:06'::interval)) AND (mod(poid_id0, '2'::numeric) = '0'::numeric))</td>
    <td align="left">SELECT DISTINCT	l.poid_id0<br />
	                  FROM		(<br />
				SELECT		q.id,<br />
						q.poid_id0<br />
				FROM		t1_dml_queue q<br />
				WHERE		q.poid_type = $1<br />
					AND	q.dml_ts &lt; $8 - ( $2 * INTERVAL '1 SECOND' )<br />
					AND	MOD( q.poid_id0, $4 ) = $3 - 1<br />
					AND	q.poid_id0 IS NOT NULL<br />
				ORDER BY	q.poid_id0<br />
				LIMIT		1<br />
			) l;</td>
  </tr>
  <tr valign="top">
    <td align="right">-988384570552081831</td>
    <td align="left">sms_us</td>
    <td align="right">603227856</td>
    <td align="right">901774834</td>
    <td align="left">t</td>
    <td align="left">Unapproved</td>
    <td align="right">13</td>
    <td align="left">2023-07-26</td>
    <td align="left">Unique  (cost=0.12..6.23 rows=1 width=9)<br />
  -&gt;  Subquery Scan on l  (cost=0.12..6.23 rows=1 width=9)<br />
        -&gt;  Limit  (cost=0.12..6.22 rows=1 width=17)<br />
              -&gt;  Index Scan using t1_dml_queue_casaw_poid_id0_idx on t1_dml_queue_casaw q  (cost=0.12..6.22 rows=1 width=17)<br />
                    Index Cond: (poid_id0 IS NOT NULL)<br />
                    Filter: (((poid_type)::text = '/collections_action/sir_acct_writeoff'::text) AND (dml_ts &lt; ('2023-07-26 13:33:33.367269+00'::timestamp with time zone - '00:00:06'::interval)) AND (mod(poid_id0, '2'::numeric) = '1'::numeric))</td>
    <td align="left">SELECT DISTINCT	l.poid_id0<br />
	                  FROM		(<br />
				SELECT		q.id,<br />
						q.poid_id0<br />
				FROM		t1_dml_queue q<br />
				WHERE		q.poid_type = $1<br />
					AND	q.dml_ts &lt; $8 - ( $2 * INTERVAL '1 SECOND' )<br />
					AND	MOD( q.poid_id0, $4 ) = $3 - 1<br />
					AND	q.poid_id0 IS NOT NULL<br />
				ORDER BY	q.poid_id0<br />
				LIMIT		1<br />
			) l;</td>
  </tr>
  <tr valign="top">
    <td align="right">-988384570552081831</td>
    <td align="left">sms_us</td>
    <td align="right">603227856</td>
    <td align="right">-708938758</td>
    <td align="left">t</td>
    <td align="left">Unapproved</td>
    <td align="right">13</td>
    <td align="left">2023-07-26</td>
    <td align="left">Unique  (cost=0.12..5.51 rows=1 width=9)<br />
  -&gt;  Subquery Scan on l  (cost=0.12..5.51 rows=1 width=9)<br />
        -&gt;  Limit  (cost=0.12..5.50 rows=1 width=17)<br />
              -&gt;  Index Scan using t1_dml_queue_cascs_poid_id0_idx on t1_dml_queue_cascs q  (cost=0.12..5.50 rows=1 width=17)<br />
                    Index Cond: (poid_id0 IS NOT NULL)<br />
                    Filter: (((poid_type)::text = '/collections_action/sir_close_serv'::text) AND (dml_ts &lt; ('2023-07-26 13:34:18.470831+00'::timestamp with time zone - '00:00:06'::interval)) AND (mod(poid_id0, '2'::numeric) = '1'::numeric))</td>
    <td align="left">SELECT DISTINCT	l.poid_id0<br />
	                  FROM		(<br />
				SELECT		q.id,<br />
						q.poid_id0<br />
				FROM		t1_dml_queue q<br />
				WHERE		q.poid_type = $1<br />
					AND	q.dml_ts &lt; $8 - ( $2 * INTERVAL '1 SECOND' )<br />
					AND	MOD( q.poid_id0, $4 ) = $3 - 1<br />
					AND	q.poid_id0 IS NOT NULL<br />
				ORDER BY	q.poid_id0<br />
				LIMIT		1<br />
			) l;</td>
  </tr>
  <tr valign="top">
    <td align="right">-988384570552081831</td>
    <td align="left">sms_us</td>
    <td align="right">603227856</td>
    <td align="right">1170106619</td>
    <td align="left">t</td>
    <td align="left">Unapproved</td>
    <td align="right">14</td>
    <td align="left">2023-07-26</td>
    <td align="left">Unique  (cost=0.14..24.82 rows=1 width=9)<br />
  -&gt;  Subquery Scan on l  (cost=0.14..24.81 rows=1 width=9)<br />
        -&gt;  Limit  (cost=0.14..24.80 rows=1 width=17)<br />
              -&gt;  Index Scan using t1_dml_queue_casca_poid_id0_idx on t1_dml_queue_casca q  (cost=0.14..24.80 rows=1 width=17)<br />
                    Index Cond: (poid_id0 IS NOT NULL)<br />
                    Filter: (((poid_type)::text = '/collections_action/sir_close_account'::text) AND (dml_ts &lt; ('2023-07-26 13:34:02.266057+00'::timestamp with time zone - '00:00:06'::interval)) AND (mod(poid_id0, '2'::numeric) = '1'::numeric))</td>
    <td align="left">SELECT DISTINCT	l.poid_id0<br />
	                  FROM		(<br />
				SELECT		q.id,<br />
						q.poid_id0<br />
				FROM		t1_dml_queue q<br />
				WHERE		q.poid_type = $1<br />
					AND	q.dml_ts &lt; $8 - ( $2 * INTERVAL '1 SECOND' )<br />
					AND	MOD( q.poid_id0, $4 ) = $3 - 1<br />
					AND	q.poid_id0 IS NOT NULL<br />
				ORDER BY	q.poid_id0<br />
				LIMIT		1<br />
			) l;</td>
  </tr>
  <tr valign="top">
    <td align="right">-988384570552081831</td>
    <td align="left">sms_us</td>
    <td align="right">603227856</td>
    <td align="right">-316870709</td>
    <td align="left">t</td>
    <td align="left">Unapproved</td>
    <td align="right">18</td>
    <td align="left">2023-07-26</td>
    <td align="left">Unique  (cost=564.88..564.89 rows=1 width=9)<br />
  -&gt;  Subquery Scan on l  (cost=564.88..564.89 rows=1 width=9)<br />
        -&gt;  Limit  (cost=564.88..564.88 rows=1 width=17)<br />
              -&gt;  Sort  (cost=564.88..564.88 rows=1 width=17)<br />
                    Sort Key: q.poid_id0<br />
                    -&gt;  Seq Scan on t1_dml_queue_ilf q  (cost=0.00..564.87 rows=1 width=17)<br />
                          Filter: ((poid_id0 IS NOT NULL) AND ((poid_type)::text = '/item/late_fee'::text) AND (dml_ts &lt; ('2023-07-26 13:17:33.246914+00'::timestamp with time zone - '00:00:06'::interval)) AND (mod(poid_id0, '2'::numeric) = '1'::numeric))</td>
    <td align="left">SELECT DISTINCT	l.poid_id0<br />
	                  FROM		(<br />
				SELECT		q.id,<br />
						q.poid_id0<br />
				FROM		t1_dml_queue q<br />
				WHERE		q.poid_type = $1<br />
					AND	q.dml_ts &lt; $8 - ( $2 * INTERVAL '1 SECOND' )<br />
					AND	MOD( q.poid_id0, $4 ) = $3 - 1<br />
					AND	q.poid_id0 IS NOT NULL<br />
				ORDER BY	q.poid_id0<br />
				LIMIT		1<br />
			) l;</td>
  </tr>
  <tr valign="top">
    <td align="right">-988384570552081831</td>
    <td align="left">sms_us</td>
    <td align="right">603227856</td>
    <td align="right">1222587076</td>
    <td align="left">t</td>
    <td align="left">Unapproved</td>
    <td align="right">39</td>
    <td align="left">2023-07-26</td>
    <td align="left">Unique  (cost=0.12..2.94 rows=1 width=9)<br />
  -&gt;  Subquery Scan on l  (cost=0.12..2.93 rows=1 width=9)<br />
        -&gt;  Limit  (cost=0.12..2.92 rows=1 width=17)<br />
              -&gt;  Index Scan using t1_dml_queue_ii2_poid_id0_idx on t1_dml_queue_ii2 q  (cost=0.12..2.92 rows=1 width=17)<br />
                    Index Cond: (poid_id0 IS NOT NULL)<br />
                    Filter: (((poid_type)::text = '/item/installment'::text) AND (dml_ts &lt; ('2023-07-26 13:32:13.912646+00'::timestamp with time zone - '00:00:06'::interval)) AND (mod(poid_id0, '2'::numeric) = '0'::numeric))</td>
    <td align="left">SELECT DISTINCT	l.poid_id0<br />
	                  FROM		(<br />
				SELECT		q.id,<br />
						q.poid_id0<br />
				FROM		t1_dml_queue q<br />
				WHERE		q.poid_type = $1<br />
					AND	q.dml_ts &lt; $8 - ( $2 * INTERVAL '1 SECOND' )<br />
					AND	MOD( q.poid_id0, $4 ) = $3 - 1<br />
					AND	q.poid_id0 IS NOT NULL<br />
				ORDER BY	q.poid_id0<br />
				LIMIT		1<br />
			) l;</td>
  </tr>
  <tr valign="top">
    <td align="right">-988384570552081831</td>
    <td align="left">sms_us</td>
    <td align="right">603227856</td>
    <td align="right">-1907916898</td>
    <td align="left">t</td>
    <td align="left">Unapproved</td>
    <td align="right">61013</td>
    <td align="left">2023-07-26</td>
    <td align="left">Unique  (cost=0.55..1147826.75 rows=1 width=12)<br />
  -&gt;  Subquery Scan on l  (cost=0.55..1147826.75 rows=1 width=12)<br />
        -&gt;  Limit  (cost=0.55..1147826.74 rows=1 width=20)<br />
              -&gt;  Index Scan using t1_dml_queue_default_poid_id0_idx on t1_dml_queue_default q  (cost=0.55..1147826.74 rows=1 width=20)<br />
                    Index Cond: (poid_id0 IS NOT NULL)<br />
                    Filter: (((poid_type)::text = '/item/sponsor'::text) AND (dml_ts &lt; ('2023-07-26 13:34:11.374728+00'::timestamp with time zone - '00:00:06'::interval)) AND (mod(poid_id0, '2'::numeric) = '0'::numeric))</td>
    <td align="left">SELECT DISTINCT	l.poid_id0<br />
	                  FROM		(<br />
				SELECT		q.id,<br />
						q.poid_id0<br />
				FROM		t1_dml_queue q<br />
				WHERE		q.poid_type = $1<br />
					AND	q.dml_ts &lt; $8 - ( $2 * INTERVAL '1 SECOND' )<br />
					AND	MOD( q.poid_id0, $4 ) = $3 - 1<br />
					AND	q.poid_id0 IS NOT NULL<br />
				ORDER BY	q.poid_id0<br />
				LIMIT		1<br />
			) l;</td>
  </tr>
  <tr valign="top">
    <td align="right">-988384570552081831</td>
    <td align="left">sms_us</td>
    <td align="right">603227856</td>
    <td align="right">-1581619467</td>
    <td align="left">t</td>
    <td align="left">Unapproved</td>
    <td align="right">10</td>
    <td align="left">2023-07-27</td>
    <td align="left">Unique  (cost=0.01..0.03 rows=1 width=9)<br />
  -&gt;  Subquery Scan on l  (cost=0.01..0.03 rows=1 width=9)<br />
        -&gt;  Limit  (cost=0.01..0.02 rows=1 width=17)<br />
              -&gt;  Sort  (cost=0.01..0.02 rows=1 width=17)<br />
                    Sort Key: q.poid_id0<br />
                    -&gt;  Seq Scan on t1_dml_queue_b3 q  (cost=0.00..0.00 rows=1 width=17)<br />
                          Filter: ((poid_id0 IS NOT NULL) AND ((poid_type)::text = '/billinfo'::text) AND (dml_ts &lt; ('2023-07-25 20:23:32.720916+00'::timestamp with time zone - '00:00:06'::interval)) AND (mod(poid_id0, '2'::numeric) = '0'::numeric))</td>
    <td align="left">SELECT DISTINCT	l.poid_id0<br />
	                  FROM		(<br />
				SELECT		q.id,<br />
						q.poid_id0<br />
				FROM		t1_dml_queue q<br />
				WHERE		q.poid_type = $1<br />
					AND	q.dml_ts &lt; $8 - ( $2 * INTERVAL '1 SECOND' )<br />
					AND	MOD( q.poid_id0, $4 ) = $3 - 1<br />
					AND	q.poid_id0 IS NOT NULL<br />
				ORDER BY	q.poid_id0<br />
				LIMIT		1<br />
			) l;</td>
  </tr>
  <tr valign="top">
    <td align="right">-988384570552081831</td>
    <td align="left">sms_us</td>
    <td align="right">603227856</td>
    <td align="right">-378969896</td>
    <td align="left">t</td>
    <td align="left">Unapproved</td>
    <td align="right">66</td>
    <td align="left">2023-07-27</td>
    <td align="left">Unique  (cost=0.01..0.03 rows=1 width=8)<br />
  -&gt;  Subquery Scan on l  (cost=0.01..0.03 rows=1 width=8)<br />
        -&gt;  Limit  (cost=0.01..0.02 rows=1 width=16)<br />
              -&gt;  Sort  (cost=0.01..0.02 rows=1 width=16)<br />
                    Sort Key: q.poid_id0<br />
                    -&gt;  Seq Scan on t1_dml_queue_scnp q  (cost=0.00..0.00 rows=1 width=16)<br />
                          Filter: ((poid_id0 IS NOT NULL) AND ((poid_type)::text = '/sir_customer_notification/payinfo'::text) AND (dml_ts &lt; ('2023-07-25 20:23:02.918063+00'::timestamp with time zone - '00:00:06'::interval)) AND (mod(poid_id0, '2'::numeric) = '1'::numeric))</td>
    <td align="left">SELECT DISTINCT	l.poid_id0<br />
	                  FROM		(<br />
				SELECT		q.id,<br />
						q.poid_id0<br />
				FROM		t1_dml_queue q<br />
				WHERE		q.poid_type = $1<br />
					AND	q.dml_ts &lt; $8 - ( $2 * INTERVAL '1 SECOND' )<br />
					AND	MOD( q.poid_id0, $4 ) = $3 - 1<br />
					AND	q.poid_id0 IS NOT NULL<br />
				ORDER BY	q.poid_id0<br />
				LIMIT		1<br />
			) l;</td>
  </tr>
  <tr valign="top">
    <td align="right">-988384570552081831</td>
    <td align="left">sms_us</td>
    <td align="right">603227856</td>
    <td align="right">-1447403147</td>
    <td align="left">t</td>
    <td align="left">Unapproved</td>
    <td align="right">10</td>
    <td align="left">2023-08-08</td>
    <td align="left">Unique  (cost=1.19..1.21 rows=1 width=9)<br />
  -&gt;  Subquery Scan on l  (cost=1.19..1.20 rows=1 width=9)<br />
        -&gt;  Limit  (cost=1.19..1.19 rows=1 width=17)<br />
              -&gt;  Sort  (cost=1.19..1.19 rows=1 width=17)<br />
                    Sort Key: q.poid_id0<br />
                    -&gt;  Seq Scan on t1_dml_queue_a q  (cost=0.00..1.18 rows=1 width=17)<br />
                          Filter: ((poid_id0 IS NOT NULL) AND ((poid_type)::text = '/account'::text) AND (dml_ts &lt; ('2023-07-25 20:21:23.694462+00'::timestamp with time zone - '00:00:06'::interval)) AND (mod(poid_id0, '2'::numeric) = '0'::numeric))</td>
    <td align="left">SELECT DISTINCT	l.poid_id0<br />
	                  FROM		(<br />
				SELECT		q.id,<br />
						q.poid_id0<br />
				FROM		t1_dml_queue q<br />
				WHERE		q.poid_type = $1<br />
					AND	q.dml_ts &lt; $8 - ( $2 * INTERVAL '1 SECOND' )<br />
					AND	MOD( q.poid_id0, $4 ) = $3 - 1<br />
					AND	q.poid_id0 IS NOT NULL<br />
				ORDER BY	q.poid_id0<br />
				LIMIT		1<br />
			) l;</td>
  </tr>
  <tr valign="top">
    <td align="right">-988384570552081831</td>
    <td align="left">sms_us</td>
    <td align="right">603227856</td>
    <td align="right">1019798825</td>
    <td align="left">t</td>
    <td align="left">Unapproved</td>
    <td align="right">13</td>
    <td align="left">2023-08-16</td>
    <td align="left">Unique  (cost=1.19..1.21 rows=1 width=9)<br />
  -&gt;  Subquery Scan on l  (cost=1.19..1.20 rows=1 width=9)<br />
        -&gt;  Limit  (cost=1.19..1.19 rows=1 width=17)<br />
              -&gt;  Sort  (cost=1.19..1.19 rows=1 width=17)<br />
                    Sort Key: q.poid_id0<br />
                    -&gt;  Seq Scan on t1_dml_queue_a q  (cost=0.00..1.18 rows=1 width=17)<br />
                          Filter: ((poid_id0 IS NOT NULL) AND ((poid_type)::text = '/account'::text) AND (dml_ts &lt; ('2023-07-25 18:22:00.060036+00'::timestamp with time zone - '00:00:06'::interval)) AND (mod(poid_id0, '2'::numeric) = '1'::numeric))</td>
    <td align="left">SELECT DISTINCT	l.poid_id0<br />
	                  FROM		(<br />
				SELECT		q.id,<br />
						q.poid_id0<br />
				FROM		t1_dml_queue q<br />
				WHERE		q.poid_type = $1<br />
					AND	q.dml_ts &lt; $8 - ( $2 * INTERVAL '1 SECOND' )<br />
					AND	MOD( q.poid_id0, $4 ) = $3 - 1<br />
					AND	q.poid_id0 IS NOT NULL<br />
				ORDER BY	q.poid_id0<br />
				LIMIT		1<br />
			) l;</td>
  </tr>
  <tr valign="top">
    <td align="right">-811969459055416037</td>
    <td align="left">sms_us</td>
    <td align="right">&nbsp; </td>
    <td align="right">&nbsp; </td>
    <td align="left">&nbsp; </td>
    <td align="left">&nbsp; </td>
    <td align="right">&nbsp; </td>
    <td align="left">&nbsp; </td>
    <td align="left">&nbsp; </td>
    <td align="left"><br />
DO<br />
$$<br />
BEGIN<br />
	SET SEARCH_PATH = sms_us, public;<br />
	CALL t3_run_translation_prc( p_job_code =&gt; 'T3-ATLAS-FLAT', p_thread =&gt; 1 );<br />
END;<br />
$$ LANGUAGE plpgsql<br />
</td>
  </tr>
  <tr valign="top">
    <td align="right">-634738619207573858</td>
    <td align="left">sms_us</td>
    <td align="right">&nbsp; </td>
    <td align="right">&nbsp; </td>
    <td align="left">&nbsp; </td>
    <td align="left">&nbsp; </td>
    <td align="right">&nbsp; </td>
    <td align="left">&nbsp; </td>
    <td align="left">&nbsp; </td>
    <td align="left"><br />
DO<br />
$$<br />
BEGIN<br />
	SET SEARCH_PATH = sms_us, public;<br />
	CALL t2_run_translation_prc( p_job_code =&gt; 'T2-CORE', p_thread =&gt; 2 );<br />
END;<br />
$$ LANGUAGE plpgsql<br />
</td>
  </tr>
  <tr valign="top">
    <td align="right">440101247839410938</td>
    <td align="left">sms_ca</td>
    <td align="right">&nbsp; </td>
    <td align="right">&nbsp; </td>
    <td align="left">&nbsp; </td>
    <td align="left">&nbsp; </td>
    <td align="right">&nbsp; </td>
    <td align="left">&nbsp; </td>
    <td align="left">&nbsp; </td>
    <td align="left">SELECT PG_SLEEP( $1 )</td>
  </tr>
  <tr valign="top">
    <td align="right">440101247839410938</td>
    <td align="left">sms_us</td>
    <td align="right">&nbsp; </td>
    <td align="right">&nbsp; </td>
    <td align="left">&nbsp; </td>
    <td align="left">&nbsp; </td>
    <td align="right">&nbsp; </td>
    <td align="left">&nbsp; </td>
    <td align="left">&nbsp; </td>
    <td align="left">SELECT PG_SLEEP( $1 )</td>
  </tr>
  <tr valign="top">
    <td align="right">697798385485876175</td>
    <td align="left">rdsadmin</td>
    <td align="right">&nbsp; </td>
    <td align="right">&nbsp; </td>
    <td align="left">&nbsp; </td>
    <td align="left">&nbsp; </td>
    <td align="right">&nbsp; </td>
    <td align="left">&nbsp; </td>
    <td align="left">&nbsp; </td>
    <td align="left">INSERT INTO apg_plan_mgmt.plans  (sql_hash,         plan_hash,         enabled,      status,              environment_variables, plan_outline,   plan_created,     last_verified,     created_by,   compatibility_level, sql_text,              param_list,   queryId, stmt_name, origin, last_validated,    has_side_effects, estimated_startup_cost, estimated_total_cost, cardinality_error, last_used) VALUES  ($1,               $2,                $17,         $3,                  $4,                    $5,  current_timestamp, current_timestamp, $16,          $10,                 $6,                    $7,   $8,      $9,        $11,    current_timestamp, $12,              $13,                    $14,                  $18,              $15)</td>
  </tr>
  <tr valign="top">
    <td align="right">762360656030467831</td>
    <td align="left">sms_ca</td>
    <td align="right">-1200735710</td>
    <td align="right">-1977628679</td>
    <td align="left">t</td>
    <td align="left">Approved</td>
    <td align="right">0</td>
    <td align="left">2023-08-16</td>
    <td align="left">Insert on t3_translation_job_run_detail  (cost=0.00..0.01 rows=0 width=0)<br />
  -&gt;  Result  (cost=0.00..0.01 rows=1 width=608)</td>
    <td align="left">INSERT INTO	t3_translation_job_run_detail<br />
					(<br />
						run_id,<br />
						poid_type,<br />
						dequeue_duration,<br />
						translate_duration,<br />
						dequeue_count,<br />
						translate_count,<br />
						exception_count,<br />
						skip_count<br />
					)<br />
			VALUES		(<br />
						$12,<br />
						$52,<br />
						$14[ $60 ].dequeue_duration,<br />
						$14[ $60 ].translate_duration,<br />
						$14[ $60 ].dequeue_count,<br />
						$14[ $60 ].translate_count,<br />
						$14[ $60 ].exception_count,<br />
						$14[ $60 ].skip_count<br />
					);</td>
  </tr>
  <tr valign="top">
    <td align="right">1299638734432102255</td>
    <td align="left">sms_us</td>
    <td align="right">-331750863</td>
    <td align="right">-1979447047</td>
    <td align="left">t</td>
    <td align="left">Unapproved</td>
    <td align="right">0</td>
    <td align="left">2023-08-16</td>
    <td align="left">Insert on t4_translation_job_run_detail  (cost=0.00..0.01 rows=0 width=0)<br />
  -&gt;  Result  (cost=0.00..0.01 rows=1 width=608)</td>
    <td align="left">INSERT INTO	t4_translation_job_run_detail<br />
					(<br />
						run_id,<br />
						poid_type,<br />
						dequeue_duration,<br />
						translate_duration,<br />
						dequeue_count,<br />
						translate_count,<br />
						exception_count,<br />
						skip_count<br />
					)<br />
			VALUES		(<br />
						$12,<br />
						$52,<br />
						$14[ $60 ].dequeue_duration,<br />
						$14[ $60 ].translate_duration,<br />
						$14[ $60 ].dequeue_count,<br />
						$14[ $60 ].translate_count,<br />
						$14[ $60 ].exception_count,<br />
						$14[ $60 ].skip_count<br />
					);</td>
  </tr>
  <tr valign="top">
    <td align="right">1432308672322635048</td>
    <td align="left">sms_ca</td>
    <td align="right">&nbsp; </td>
    <td align="right">&nbsp; </td>
    <td align="left">&nbsp; </td>
    <td align="left">&nbsp; </td>
    <td align="right">&nbsp; </td>
    <td align="left">&nbsp; </td>
    <td align="left">&nbsp; </td>
    <td align="left"><br />
DO<br />
$$<br />
BEGIN<br />
	SET SEARCH_PATH = sms_ca, public;<br />
	CALL t4_run_translation_prc( p_job_code =&gt; 'T4-ATLAS-JSON', p_thread =&gt; 1 );<br />
END;<br />
$$ LANGUAGE plpgsql<br />
</td>
  </tr>
  <tr valign="top">
    <td align="right">1518133737782466899</td>
    <td align="left">postgres</td>
    <td align="right">-1127669633</td>
    <td align="right">1224777963</td>
    <td align="left">t</td>
    <td align="left">Approved</td>
    <td align="right">331163</td>
    <td align="left">2023-08-16</td>
    <td align="left">Limit  (cost=353736.83..353736.86 rows=10 width=280)<br />
  -&gt;  Sort  (cost=353736.83..353748.41 rows=4632 width=280)<br />
        Sort Key: ((pss.total_exec_time - COALESCE(hist_pg_stat_statements.total_exec_time, '0'::double precision))) DESC NULLS LAST<br />
        -&gt;  WindowAgg  (cost=352959.52..353636.74 rows=4632 width=280)<br />
              -&gt;  Merge Join  (cost=352959.52..353138.80 rows=4632 width=741)<br />
                    Merge Cond: (users.usesysid = pss.userid)<br />
                    -&gt;  Sort  (cost=257.93..257.98 rows=20 width=72)<br />
                          Sort Key: users.usesysid<br />
                          -&gt;  Seq Scan on hist_pg_users users  (cost=0.00..257.50 rows=20 width=72)<br />
                                Filter: (snap_id = 337)<br />
                    -&gt;  Materialize  (cost=352701.59..352823.33 rows=4653 width=685)<br />
                          -&gt;  Merge Left Join  (cost=352701.59..352811.70 rows=4653 width=685)<br />
                                Merge Cond: ((pss.userid = hist_pg_stat_statements.userid) AND (pss.dbid = hist_pg_stat_statements.dbid) AND (pss.queryid = hist_pg_stat_statements.queryid) AND (pss.toplevel = hist_pg_stat_statements.toplevel))<br />
                                -&gt;  Sort  (cost=176390.53..176402.17 rows=4653 width=642)<br />
                                      Sort Key: pss.userid, pss.dbid, pss.queryid, pss.toplevel<br />
                                      -&gt;  Seq Scan on hist_pg_stat_statements pss  (cost=0.00..176107.08 rows=4653 width=642)<br />
                                            Filter: (snap_id = 337)<br />
                                -&gt;  Sort  (cost=176311.06..176319.73 rows=3469 width=65)<br />
                                      Sort Key: hist_pg_stat_statements.userid, hist_pg_stat_statements.dbid, hist_pg_stat_statements.queryid, hist_pg_stat_statements.toplevel<br />
                                      -&gt;  Seq Scan on hist_pg_stat_statements  (cost=0.00..176107.08 rows=3469 width=65)<br />
                                            Filter: (snap_id = 335)</td>
    <td align="left">select<br />
        last_snap.queryid,<br />
        last_snap.usename,<br />
        to_char(((last_snap.total_exec_time-coalesce(first_snap.total_exec_time,0))/ sum((last_snap.total_exec_time-coalesce(first_snap.total_exec_time,0))) over()) * 100, 'FM90D0') || '%' as &quot;total_exec_time_%&quot;,<br />
        interval '1 millisecond' * (last_snap.total_exec_time-coalesce(first_snap.total_exec_time,0)) as total_exec_time,<br />
        to_char((last_snap.calls-coalesce(first_snap.calls,0)), 'FM999G999G999G990') as calls,<br />
        case<br />
                when last_snap.calls-coalesce(first_snap.calls, 0) &gt; 0 then round((((last_snap.total_exec_time-coalesce(first_snap.total_exec_time, 0))/ 1000)/(last_snap.calls-coalesce(first_snap.calls, 0)))::numeric, 1)<br />
                else 0<br />
        end as time_by_call_secs,<br />
        (last_snap.shared_blks_read + last_snap.shared_blks_written-coalesce(first_snap.shared_blks_read,0) - coalesce(first_snap.shared_blks_written,0)) as io_blks,<br />
                case<br />
                when last_snap.calls-coalesce(first_snap.calls, 0) &gt; 0 then round(((last_snap.shared_blks_read + last_snap.shared_blks_written-coalesce(first_snap.shared_blks_read,0) - coalesce(first_snap.shared_blks_written,0))<br />
                /(last_snap.calls-coalesce(first_snap.calls, 0)))::numeric, 1)<br />
                else 0<br />
        end as IO_blks_by_call,<br />
        interval '1 second' * (last_snap.blk_read_time + last_snap.blk_write_time - coalesce(first_snap.blk_read_time,0) - coalesce(first_snap.blk_write_time,0)) / 1000 as io_time,<br />
        substr(last_snap.query,1,80) as partial_query<br />
from<br />
        (<br />
        select<br />
                pss.*, users.usename<br />
        from<br />
                statspack.hist_pg_stat_statements pss join statspack.hist_pg_users users on pss.snap_id = users.snap_id and pss.userid = users.usesysid<br />
        where<br />
                pss.snap_id = 337 ) last_snap<br />
left join<br />
(<br />
        select<br />
                *<br />
        from<br />
                statspack.hist_pg_stat_statements<br />
        where<br />
                snap_id = 335 ) first_snap<br />
on<br />
        last_snap.userid = first_snap.userid<br />
        and last_snap.dbid = first_snap.dbid<br />
        and last_snap.queryid = first_snap.queryid<br />
        and last_snap.toplevel = first_snap.toplevel<br />
order by<br />
        (last_snap.total_exec_time-coalesce(first_snap.total_exec_time,0)) desc nulls last<br />
limit 10;</td>
  </tr>
  <tr valign="top">
    <td align="right">2552212419396369618</td>
    <td align="left">sms_us</td>
    <td align="right">&nbsp; </td>
    <td align="right">&nbsp; </td>
    <td align="left">&nbsp; </td>
    <td align="left">&nbsp; </td>
    <td align="right">&nbsp; </td>
    <td align="left">&nbsp; </td>
    <td align="left">&nbsp; </td>
    <td align="left"><br />
DO<br />
$$<br />
BEGIN<br />
	SET SEARCH_PATH = sms_us, public;<br />
	CALL t3_run_translation_prc( p_job_code =&gt; 'T3-ATLAS-FLAT', p_thread =&gt; 2 );<br />
END;<br />
$$ LANGUAGE plpgsql<br />
</td>
  </tr>
  <tr valign="top">
    <td align="right">2801495191357830112</td>
    <td align="left">rdsadmin</td>
    <td align="right">&nbsp; </td>
    <td align="right">&nbsp; </td>
    <td align="left">&nbsp; </td>
    <td align="left">&nbsp; </td>
    <td align="right">&nbsp; </td>
    <td align="left">&nbsp; </td>
    <td align="left">&nbsp; </td>
    <td align="left">update cron.job_run_details set job_pid = $1, status = $2, start_time = $3 where runid = $4</td>
  </tr>
  <tr valign="top">
    <td align="right">4627523901028341647</td>
    <td align="left">sms_ca</td>
    <td align="right">-771718601</td>
    <td align="right">-1978136583</td>
    <td align="left">t</td>
    <td align="left">Approved</td>
    <td align="right">0</td>
    <td align="left">2023-08-16</td>
    <td align="left">Insert on t2_translation_job_run_detail  (cost=0.00..0.01 rows=0 width=0)<br />
  -&gt;  Result  (cost=0.00..0.01 rows=1 width=608)</td>
    <td align="left">INSERT INTO	t2_translation_job_run_detail<br />
					(<br />
						run_id,<br />
						poid_type,<br />
						dequeue_duration,<br />
						translate_duration,<br />
						dequeue_count,<br />
						translate_count,<br />
						exception_count,<br />
						skip_count<br />
					)<br />
			VALUES		(<br />
						$12,<br />
						$50,<br />
						$14[ $58 ].dequeue_duration,<br />
						$14[ $58 ].translate_duration,<br />
						$14[ $58 ].dequeue_count,<br />
						$14[ $58 ].translate_count,<br />
						$14[ $58 ].exception_count,<br />
						$14[ $58 ].skip_count<br />
					);</td>
  </tr>
  <tr valign="top">
    <td align="right">4804003503374779990</td>
    <td align="left">postgres</td>
    <td align="right">&nbsp; </td>
    <td align="right">&nbsp; </td>
    <td align="left">&nbsp; </td>
    <td align="left">&nbsp; </td>
    <td align="right">&nbsp; </td>
    <td align="left">&nbsp; </td>
    <td align="left">&nbsp; </td>
    <td align="left">insert into statspack.hist_dba_plans<br />
SELECT v_snap_id, <br />
	dp.queryid ,<br />
	dp.sql_hash,<br />
	dp.plan_hash ,<br />
	dp.enabled ,<br />
	dp.status ,<br />
	dp.created_by,<br />
	dp.sql_text ,<br />
	dp.estimated_total_cost,<br />
	dp.plan_created ,<br />
	dp.last_verified ,<br />
	dp.last_validated ,<br />
	dp.last_used 	,<br />
	dp.plan_outline,<br />
	statspack.get_explain_plan(<br />
    dp.sql_hash,<br />
	dp.plan_hash) as explain_plan<br />
	from apg_plan_mgmt.dba_plans dp</td>
  </tr>
  <tr valign="top">
    <td align="right">6392317978859239093</td>
    <td align="left">rdsadmin</td>
    <td align="right">&nbsp; </td>
    <td align="right">&nbsp; </td>
    <td align="left">&nbsp; </td>
    <td align="left">&nbsp; </td>
    <td align="right">&nbsp; </td>
    <td align="left">&nbsp; </td>
    <td align="left">&nbsp; </td>
    <td align="left">DELETE FROM apg_plan_mgmt.dba_plans WHERE current_date - last_used &gt;= $1</td>
  </tr>
  <tr valign="top">
    <td align="right">6613247162391363827</td>
    <td align="left">sms_us</td>
    <td align="right">&nbsp; </td>
    <td align="right">&nbsp; </td>
    <td align="left">&nbsp; </td>
    <td align="left">&nbsp; </td>
    <td align="right">&nbsp; </td>
    <td align="left">&nbsp; </td>
    <td align="left">&nbsp; </td>
    <td align="left"><br />
DO<br />
$$<br />
BEGIN<br />
	SET SEARCH_PATH = sms_us, public;<br />
	CALL t4_run_translation_prc( p_job_code =&gt; 'T4-ATLAS-JSON', p_thread =&gt; 2 );<br />
END;<br />
$$ LANGUAGE plpgsql<br />
</td>
  </tr>
  <tr valign="top">
    <td align="right">6834680640648252241</td>
    <td align="left">postgres</td>
    <td align="right">1589171237</td>
    <td align="right">1465439425</td>
    <td align="left">t</td>
    <td align="left">Approved</td>
    <td align="right">1531969</td>
    <td align="left">2023-08-16</td>
    <td align="left">Sort  (cost=1531968.86..1531968.96 rows=41 width=491)<br />
  Sort Key: full_stmts.queryid, hdp.sql_hash, hdp.last_used, hdp.estimated_total_cost<br />
  -&gt;  Hash Right Join  (cost=1414512.08..1531967.76 rows=41 width=491)<br />
        Hash Cond: ((hdp.queryid = full_stmts.queryid) AND (hdp.snap_id = full_stmts.snap_id) AND ((hdp.created_by)::text = full_stmts.usename))<br />
        -&gt;  Seq Scan on hist_dba_plans hdp  (cost=0.00..110144.09 rows=649909 width=769)<br />
        -&gt;  Hash  (cost=1414511.36..1414511.36 rows=41 width=108)<br />
              -&gt;  Subquery Scan on full_stmts  (cost=1414510.54..1414511.36 rows=41 width=108)<br />
                    -&gt;  HashAggregate  (cost=1414510.54..1414510.95 rows=41 width=108)<br />
                          Group Key: &quot;*SELECT* 1&quot;.queryid, &quot;*SELECT* 1&quot;.usename, &quot;*SELECT* 1&quot;.snap_id, &quot;*SELECT* 1&quot;.query<br />
                          -&gt;  Append  (cost=353107.97..1414510.13 rows=41 width=108)<br />
                                -&gt;  Subquery Scan on &quot;*SELECT* 1&quot;  (cost=353107.97..353108.10 rows=10 width=649)<br />
                                      -&gt;  Limit  (cost=353107.97..353108.00 rows=10 width=657)<br />
                                            -&gt;  Sort  (cost=353107.97..353116.61 rows=3453 width=657)<br />
                                                  Sort Key: ((hist_pg_stat_statements.total_exec_time - COALESCE(hist_pg_stat_statements_1.total_exec_time, '0'::double precision))) DESC NULLS LAST<br />
                                                  -&gt;  Merge Join  (cost=352880.05..353033.36 rows=3453 width=657)<br />
                                                        Merge Cond: (pu.usesysid = hist_pg_stat_statements.userid)<br />
                                                        -&gt;  Sort  (cost=257.93..257.98 rows=20 width=72)<br />
                                                              Sort Key: pu.usesysid<br />
                                                              -&gt;  Seq Scan on hist_pg_users pu  (cost=0.00..257.50 rows=20 width=72)<br />
                                                                    Filter: (snap_id = 575)<br />
                                                        -&gt;  Materialize  (cost=352622.11..352723.90 rows=3469 width=605)<br />
                                                              -&gt;  Merge Left Join  (cost=352622.11..352715.23 rows=3469 width=605)<br />
                                                                    Merge Cond: ((hist_pg_stat_statements.userid = hist_pg_stat_statements_1.userid) AND (hist_pg_stat_statements.dbid = hist_pg_stat_statements_1.dbid) AND (hist_pg_stat_statements.queryid = hist_pg_stat_statements_1.queryid) AND (hist_pg_stat_statements.toplevel = hist_pg_stat_statements_1.toplevel))<br />
                                                                    -&gt;  Sort  (cost=176311.06..176319.73 rows=3469 width=602)<br />
                                                                          Sort Key: hist_pg_stat_statements.userid, hist_pg_stat_statements.dbid, hist_pg_stat_statements.queryid, hist_pg_stat_statements.toplevel<br />
                                                                          -&gt;  Seq Scan on hist_pg_stat_statements  (cost=0.00..176107.08 rows=3469 width=602)<br />
                                                                                Filter: (snap_id = 575)<br />
                                                                    -&gt;  Sort  (cost=176311.06..176319.73 rows=3469 width=25)<br />
                                                                          Sort Key: hist_pg_stat_statements_1.userid, hist_pg_stat_statements_1.dbid, hist_pg_stat_statements_1.queryid, hist_pg_stat_statements_1.toplevel<br />
                                                                          -&gt;  Seq Scan on hist_pg_stat_statements hist_pg_stat_statements_1  (cost=0.00..176107.08 rows=3469 width=25)<br />
                                                                                Filter: (snap_id = 574)<br />
                                -&gt;  Subquery Scan on &quot;*SELECT* 2&quot;  (cost=353185.67..353185.79 rows=10 width=649)<br />
                                      -&gt;  Limit  (cost=353185.67..353185.69 rows=10 width=689)<br />
                                            -&gt;  Sort  (cost=353185.67..353194.30 rows=3453 width=689)<br />
                                                  Sort Key: (CASE WHEN ((hist_pg_stat_statements_2.calls - COALESCE(hist_pg_stat_statements_3.calls, '0'::bigint)) &gt; 0) THEN round(((((hist_pg_stat_statements_2.total_exec_time - COALESCE(hist_pg_stat_statements_3.total_exec_time, '0'::double precision)) / '1000'::double precision) / ((hist_pg_stat_statements_2.calls - COALESCE(hist_pg_stat_statements_3.calls, '0'::bigint)))::double precision))::numeric, 1) ELSE '0'::numeric END) DESC NULLS LAST, ((hist_pg_stat_statements_2.calls - COALESCE(hist_pg_stat_statements_3.calls, '0'::bigint))) DESC NULLS LAST<br />
                                                  -&gt;  Merge Join  (cost=352880.05..353111.05 rows=3453 width=689)<br />
                                                        Merge Cond: (pu_1.usesysid = hist_pg_stat_statements_2.userid)<br />
                                                        -&gt;  Sort  (cost=257.93..257.98 rows=20 width=72)<br />
                                                              Sort Key: pu_1.usesysid<br />
                                                              -&gt;  Seq Scan on hist_pg_users pu_1  (cost=0.00..257.50 rows=20 width=72)<br />
                                                                    Filter: (snap_id = 575)<br />
                                                        -&gt;  Materialize  (cost=352622.11..352723.90 rows=3469 width=621)<br />
                                                              -&gt;  Merge Left Join  (cost=352622.11..352715.23 rows=3469 width=621)<br />
                                                                    Merge Cond: ((hist_pg_stat_statements_2.userid = hist_pg_stat_statements_3.userid) AND (hist_pg_stat_statements_2.dbid = hist_pg_stat_statements_3.dbid) AND (hist_pg_stat_statements_2.queryid = hist_pg_stat_statements_3.queryid) AND (hist_pg_stat_statements_2.toplevel = hist_pg_stat_statements_3.toplevel))<br />
                                                                    -&gt;  Sort  (cost=176311.06..176319.73 rows=3469 width=610)<br />
                                                                          Sort Key: hist_pg_stat_statements_2.userid, hist_pg_stat_statements_2.dbid, hist_pg_stat_statements_2.queryid, hist_pg_stat_statements_2.toplevel<br />
                                                                          -&gt;  Seq Scan on hist_pg_stat_statements hist_pg_stat_statements_2  (cost=0.00..176107.08 rows=3469 width=610)<br />
                                                                                Filter: (snap_id = 575)<br />
                                                                    -&gt;  Sort  (cost=176311.06..176319.73 rows=3469 width=33)<br />
                                                                          Sort Key: hist_pg_stat_statements_3.userid, hist_pg_stat_statements_3.dbid, hist_pg_stat_statements_3.queryid, hist_pg_stat_statements_3.toplevel<br />
                                                                          -&gt;  Seq Scan on hist_pg_stat_statements hist_pg_stat_statements_3  (cost=0.00..176107.08 rows=3469 width=33)<br />
                                                                                Filter: (snap_id = 574)<br />
                                -&gt;  Subquery Scan on &quot;*SELECT* 3&quot;  (cost=353177.03..353177.16 rows=10 width=649)<br />
                                      -&gt;  Limit  (cost=353177.03..353177.06 rows=10 width=681)<br />
                                            -&gt;  Sort  (cost=353177.03..353185.67 rows=3453 width=681)<br />
                                                  Sort Key: (CASE WHEN ((hist_pg_stat_statements_4.calls - COALESCE(hist_pg_stat_statements_5.calls, '0'::bigint)) &gt; 0) THEN round((((((hist_pg_stat_statements_4.shared_blks_read + hist_pg_stat_statements_4.shared_blks_written) - COALESCE(hist_pg_stat_statements_5.shared_blks_read, '0'::bigint)) - COALESCE(hist_pg_stat_statements_5.shared_blks_written, '0'::bigint)) / (hist_pg_stat_statements_4.calls - COALESCE(hist_pg_stat_statements_5.calls, '0'::bigint))))::numeric, 1) ELSE '0'::numeric END) DESC NULLS LAST<br />
                                                  -&gt;  Merge Join  (cost=352880.05..353102.42 rows=3453 width=681)<br />
                                                        Merge Cond: (pu_2.usesysid = hist_pg_stat_statements_4.userid)<br />
                                                        -&gt;  Sort  (cost=257.93..257.98 rows=20 width=72)<br />
                                                              Sort Key: pu_2.usesysid<br />
                                                              -&gt;  Seq Scan on hist_pg_users pu_2  (cost=0.00..257.50 rows=20 width=72)<br />
                                                                    Filter: (snap_id = 575)<br />
                                                        -&gt;  Materialize  (cost=352622.11..352723.90 rows=3469 width=637)<br />
                                                              -&gt;  Merge Left Join  (cost=352622.11..352715.23 rows=3469 width=637)<br />
                                                                    Merge Cond: ((hist_pg_stat_statements_4.userid = hist_pg_stat_statements_5.userid) AND (hist_pg_stat_statements_4.dbid = hist_pg_stat_statements_5.dbid) AND (hist_pg_stat_statements_4.queryid = hist_pg_stat_statements_5.queryid) AND (hist_pg_stat_statements_4.toplevel = hist_pg_stat_statements_5.toplevel))<br />
                                                                    -&gt;  Sort  (cost=176311.06..176319.73 rows=3469 width=618)<br />
                                                                          Sort Key: hist_pg_stat_statements_4.userid, hist_pg_stat_statements_4.dbid, hist_pg_stat_statements_4.queryid, hist_pg_stat_statements_4.toplevel<br />
                                                                          -&gt;  Seq Scan on hist_pg_stat_statements hist_pg_stat_statements_4  (cost=0.00..176107.08 rows=3469 width=618)<br />
                                                                                Filter: (snap_id = 575)<br />
                                                                    -&gt;  Sort  (cost=176311.06..176319.73 rows=3469 width=41)<br />
                                                                          Sort Key: hist_pg_stat_statements_5.userid, hist_pg_stat_statements_5.dbid, hist_pg_stat_statements_5.queryid, hist_pg_stat_statements_5.toplevel<br />
                                                                          -&gt;  Seq Scan on hist_pg_stat_statements hist_pg_stat_statements_5  (cost=0.00..176107.08 rows=3469 width=41)<br />
                                                                                Filter: (snap_id = 574)<br />
                                -&gt;  Subquery Scan on &quot;*SELECT* 4&quot;  (cost=353125.24..353125.36 rows=10 width=649)<br />
                                      -&gt;  Limit  (cost=353125.24..353125.26 rows=10 width=657)<br />
                                            -&gt;  Sort  (cost=353125.24..353133.87 rows=3453 width=657)<br />
                                                  Sort Key: ((((hist_pg_stat_statements_6.shared_blks_read + hist_pg_stat_statements_6.shared_blks_written) - COALESCE(hist_pg_stat_statements_7.shared_blks_read, '0'::bigint)) - COALESCE(hist_pg_stat_statements_7.shared_blks_written, '0'::bigint))) DESC NULLS LAST<br />
                                                  -&gt;  Merge Join  (cost=352880.05..353050.62 rows=3453 width=657)<br />
                                                        Merge Cond: (pu_3.usesysid = hist_pg_stat_statements_6.userid)<br />
                                                        -&gt;  Sort  (cost=257.93..257.98 rows=20 width=72)<br />
                                                              Sort Key: pu_3.usesysid<br />
                                                              -&gt;  Seq Scan on hist_pg_users pu_3  (cost=0.00..257.50 rows=20 width=72)<br />
                                                                    Filter: (snap_id = 575)<br />
                                                        -&gt;  Materialize  (cost=352622.11..352723.90 rows=3469 width=621)<br />
                                                              -&gt;  Merge Left Join  (cost=352622.11..352715.23 rows=3469 width=621)<br />
                                                                    Merge Cond: ((hist_pg_stat_statements_6.userid = hist_pg_stat_statements_7.userid) AND (hist_pg_stat_statements_6.dbid = hist_pg_stat_statements_7.dbid) AND (hist_pg_stat_statements_6.queryid = hist_pg_stat_statements_7.queryid) AND (hist_pg_stat_statements_6.toplevel = hist_pg_stat_statements_7.toplevel))<br />
                                                                    -&gt;  Sort  (cost=176311.06..176319.73 rows=3469 width=610)<br />
                                                                          Sort Key: hist_pg_stat_statements_6.userid, hist_pg_stat_statements_6.dbid, hist_pg_stat_statements_6.queryid, hist_pg_stat_statements_6.toplevel<br />
                                                                          -&gt;  Seq Scan on hist_pg_stat_statements hist_pg_stat_statements_6  (cost=0.00..176107.08 rows=3469 width=610)<br />
                                                                                Filter: (snap_id = 575)<br />
                                                                    -&gt;  Sort  (cost=176311.06..176319.73 rows=3469 width=33)<br />
                                                                          Sort Key: hist_pg_stat_statements_7.userid, hist_pg_stat_statements_7.dbid, hist_pg_stat_statements_7.queryid, hist_pg_stat_statements_7.toplevel<br />
                                                                          -&gt;  Seq Scan on hist_pg_stat_statements hist_pg_stat_statements_7  (cost=0.00..176107.08 rows=3469 width=33)<br />
                                                                                Filter: (snap_id = 574)<br />
                                -&gt;  Seq Scan on hist_active_sessions_waits  (cost=0.00..1913.51 rows=1 width=219)<br />
                                      Filter: ((snap_id = 575) AND (current_wait_type = wait_type) AND (current_wait_event = wait_event))</td>
    <td align="left">select<br />
	full_stmts.queryid,<br />
	full_stmts.usename,<br />
	hdp.sql_hash ,<br />
	hdp.plan_hash ,<br />
	hdp.enabled ,<br />
	hdp.status ,<br />
	round(hdp.estimated_total_cost,0) as estimated_total_cost,<br />
	hdp.last_used ,<br />
	hdp.explain_plan,<br />
	coalesce(hdp.sql_text,full_stmts.query) full_query<br />
from<br />
	(<br />
	(<br />
	select<br />
		last_snap.queryid,<br />
		pu.usename ,<br />
		last_snap.snap_id,<br />
                last_snap.query<br />
	from<br />
		(<br />
		select<br />
			*<br />
		from<br />
			statspack.hist_pg_stat_statements<br />
		where<br />
			snap_id = 575 ) last_snap<br />
	join statspack.hist_pg_users pu on<br />
		last_snap.userid = pu.usesysid<br />
		and pu.snap_id = last_snap.snap_id<br />
	left join<br />
(<br />
		select<br />
			*<br />
		from<br />
			statspack.hist_pg_stat_statements<br />
		where<br />
			snap_id = 574 ) first_snap<br />
on<br />
		last_snap.userid = first_snap.userid<br />
		and last_snap.dbid = first_snap.dbid<br />
		and last_snap.queryid = first_snap.queryid<br />
                and last_snap.toplevel = first_snap.toplevel<br />
	order by<br />
		(last_snap.total_exec_time-coalesce(first_snap.total_exec_time,<br />
		0)) desc nulls last<br />
	limit 10)<br />
union <br />
	(<br />
select<br />
	last_snap.queryid,<br />
	pu.usename ,<br />
	last_snap.snap_id,<br />
        last_snap.query<br />
from<br />
	(<br />
	select<br />
		*<br />
	from<br />
		statspack.hist_pg_stat_statements<br />
	where<br />
		snap_id = 575 ) last_snap<br />
join statspack.hist_pg_users pu on<br />
	last_snap.userid = pu.usesysid<br />
	and pu.snap_id = last_snap.snap_id<br />
left join<br />
(<br />
	select<br />
		*<br />
	from<br />
		statspack.hist_pg_stat_statements<br />
	where<br />
		snap_id = 574 ) first_snap<br />
on<br />
	last_snap.userid = first_snap.userid<br />
	and last_snap.dbid = first_snap.dbid<br />
	and last_snap.queryid = first_snap.queryid<br />
        and last_snap.toplevel = first_snap.toplevel<br />
order by<br />
	case<br />
		when last_snap.calls-coalesce(first_snap.calls,<br />
		0) &gt; 0 then round((((last_snap.total_exec_time-coalesce(first_snap.total_exec_time,<br />
		0))/ 1000)/(last_snap.calls-coalesce(first_snap.calls,<br />
		0)))::numeric,<br />
		1)<br />
		else 0<br />
	end desc nulls last,<br />
	(last_snap.calls-COALESCE(first_snap.calls,0)) desc nulls last<br />
limit 10)<br />
union <br />
	(<br />
select<br />
	last_snap.queryid,<br />
	pu.usename ,<br />
	last_snap.snap_id,<br />
        last_snap.query<br />
from<br />
	(<br />
select<br />
		*<br />
from<br />
		statspack.hist_pg_stat_statements<br />
where<br />
		snap_id = 575 ) last_snap<br />
join statspack.hist_pg_users pu on<br />
	last_snap.userid = pu.usesysid<br />
and pu.snap_id = last_snap.snap_id<br />
left join<br />
(<br />
select<br />
		*<br />
from<br />
		statspack.hist_pg_stat_statements<br />
where<br />
		snap_id = 574 ) first_snap<br />
on<br />
	last_snap.userid = first_snap.userid<br />
and last_snap.dbid = first_snap.dbid<br />
and last_snap.queryid = first_snap.queryid<br />
and last_snap.toplevel = first_snap.toplevel<br />
order by<br />
                case<br />
	when last_snap.calls-coalesce(first_snap.calls,<br />
	0) &gt; 0 then round(((last_snap.shared_blks_read + last_snap.shared_blks_written-coalesce(first_snap.shared_blks_read,0)-coalesce(first_snap.shared_blks_written,0))<br />
                /(last_snap.calls-coalesce(first_snap.calls,<br />
	0)))::numeric,<br />
	1)<br />
	else 0<br />
end desc nulls last<br />
limit 10)<br />
union <br />
	(<br />
select<br />
	last_snap.queryid,<br />
	pu.usename ,<br />
	last_snap.snap_id,<br />
        last_snap.query<br />
from<br />
	(<br />
select<br />
		*<br />
from<br />
		statspack.hist_pg_stat_statements<br />
where<br />
		snap_id = 575 ) last_snap<br />
join statspack.hist_pg_users pu on<br />
	last_snap.userid = pu.usesysid<br />
and pu.snap_id = last_snap.snap_id<br />
left join<br />
(<br />
select<br />
		*<br />
from<br />
		statspack.hist_pg_stat_statements<br />
where<br />
		snap_id = 574 ) first_snap<br />
on<br />
	last_snap.userid = first_snap.userid<br />
and last_snap.dbid = first_snap.dbid<br />
and last_snap.queryid = first_snap.queryid<br />
and last_snap.toplevel = first_snap.toplevel<br />
order by<br />
                (last_snap.shared_blks_read + last_snap.shared_blks_written - coalesce(first_snap.shared_blks_read,<br />
0) - coalesce(first_snap.shared_blks_written,<br />
0)) desc nulls last<br />
limit 10)<br />
union<br />
(SELECT query_id as queryid,<br />
	usename ,<br />
	snap_id,<br />
        query<br />
        from statspack.hist_active_sessions_waits where snap_id = 575 and current_wait_type = wait_type and current_wait_event = wait_event<br />
)<br />
         ) full_stmts<br />
left join statspack.hist_dba_plans hdp<br />
on<br />
	full_stmts.queryid = hdp.queryid<br />
	and full_stmts.snap_id = hdp.snap_id<br />
	and full_stmts.usename = hdp.created_by<br />
order by<br />
	full_stmts.queryid ,<br />
	hdp.sql_hash ,<br />
	hdp.last_used,<br />
	hdp.estimated_total_cost;</td>
  </tr>
  <tr valign="top">
    <td align="right">7606751258115491132</td>
    <td align="left">sms_ca</td>
    <td align="right">&nbsp; </td>
    <td align="right">&nbsp; </td>
    <td align="left">&nbsp; </td>
    <td align="left">&nbsp; </td>
    <td align="right">&nbsp; </td>
    <td align="left">&nbsp; </td>
    <td align="left">&nbsp; </td>
    <td align="left"><br />
DO<br />
$$<br />
BEGIN<br />
	SET SEARCH_PATH = sms_ca, public;<br />
	CALL t3_run_translation_prc( p_job_code =&gt; 'T3-ATLAS-FLAT', p_thread =&gt; 2 );<br />
END;<br />
$$ LANGUAGE plpgsql<br />
</td>
  </tr>
  <tr valign="top">
    <td align="right">7888358965784332252</td>
    <td align="left">sms_ca</td>
    <td align="right">&nbsp; </td>
    <td align="right">&nbsp; </td>
    <td align="left">&nbsp; </td>
    <td align="left">&nbsp; </td>
    <td align="right">&nbsp; </td>
    <td align="left">&nbsp; </td>
    <td align="left">&nbsp; </td>
    <td align="left"><br />
DO<br />
$$<br />
BEGIN<br />
	SET SEARCH_PATH = sms_ca, public;<br />
	CALL t2_run_translation_prc( p_job_code =&gt; 'T2-CORE', p_thread =&gt; 2 );<br />
END;<br />
$$ LANGUAGE plpgsql<br />
</td>
  </tr>
  <tr valign="top">
    <td align="right">8433306728127622968</td>
    <td align="left">postgres</td>
    <td align="right">-942249169</td>
    <td align="right">684455886</td>
    <td align="left">t</td>
    <td align="left">Approved</td>
    <td align="right">4891361</td>
    <td align="left">2023-08-16</td>
    <td align="left">Limit  (cost=5889234.94..5889234.97 rows=10 width=168)<br />
  -&gt;  Sort  (cost=5889234.94..5889267.64 rows=13081 width=168)<br />
        Sort Key: (((100 * (COALESCE(hist_pg_stat_all_tables.idx_scan, '0'::bigint) - COALESCE(hist_pg_stat_all_tables_1.idx_scan, '0'::bigint))) / ((hist_pg_stat_all_tables.seq_scan - COALESCE(hist_pg_stat_all_tables_1.seq_scan, '0'::bigint)) + (COALESCE(hist_pg_stat_all_tables.idx_scan, '0'::bigint) - COALESCE(hist_pg_stat_all_tables_1.idx_scan, '0'::bigint))))), (((hist_pg_stat_all_tables.seq_scan - COALESCE(hist_pg_stat_all_tables_1.seq_scan, '0'::bigint)) * hist_pg_stat_all_tables.n_live_tup)) DESC, ((COALESCE(hist_pg_stat_all_tables.idx_scan, '0'::bigint) - COALESCE(hist_pg_stat_all_tables_1.idx_scan, '0'::bigint))), hist_pg_stat_all_tables.n_live_tup DESC<br />
        -&gt;  Hash Left Join  (cost=2861395.65..5888952.27 rows=13081 width=168)<br />
              Hash Cond: ((hist_pg_stat_all_tables.schemaname = hist_pg_stat_all_tables_1.schemaname) AND (hist_pg_stat_all_tables.relname = hist_pg_stat_all_tables_1.relname))<br />
              Filter: (((hist_pg_stat_all_tables.seq_scan - COALESCE(hist_pg_stat_all_tables_1.seq_scan, '0'::bigint)) &gt; 0) OR ((hist_pg_stat_all_tables.idx_scan - COALESCE(hist_pg_stat_all_tables_1.idx_scan, '0'::bigint)) &gt; 0))<br />
              -&gt;  Seq Scan on hist_pg_stat_all_tables  (cost=0.00..2992660.90 rows=23546 width=152)<br />
                    Filter: ((n_live_tup &gt; 0) AND (snap_id = 337))<br />
              -&gt;  Hash  (cost=2859235.75..2859235.75 rows=143993 width=144)<br />
                    -&gt;  Seq Scan on hist_pg_stat_all_tables hist_pg_stat_all_tables_1  (cost=0.00..2859235.75 rows=143993 width=144)<br />
                          Filter: (snap_id = 335)</td>
    <td align="left">select<br />
        last_snap.schemaname as schema_name,<br />
        last_snap.relname as table_name,<br />
        (last_snap.seq_scan -coalesce(first_snap.seq_scan,0)) as seq_scan,<br />
        coalesce(last_snap.idx_scan, 0)-coalesce(first_snap.idx_scan, 0) as idx_scan ,<br />
        (100 * (coalesce(last_snap.idx_scan, 0)-coalesce(first_snap.idx_scan, 0)) / ((last_snap.seq_scan-coalesce(first_snap.seq_scan,0)) + (coalesce(last_snap.idx_scan, 0)-coalesce(first_snap.idx_scan, 0))))<br />
        percent_of_times_index_used,<br />
        last_snap.n_live_tup rows_in_table<br />
from<br />
        (<br />
        select<br />
                *<br />
        from<br />
                statspack.hist_pg_stat_all_tables<br />
        where<br />
                snap_id = 337 ) last_snap<br />
left join<br />
(<br />
        select<br />
                *<br />
        from<br />
                statspack.hist_pg_stat_all_tables<br />
        where<br />
                snap_id = 335 ) first_snap<br />
                on<br />
        last_snap.schemaname = first_snap.schemaname<br />
        and last_snap.relname = first_snap.relname<br />
where<br />
        ((last_snap.seq_scan-coalesce(first_snap.seq_scan,0)) &gt;0<br />
                or last_snap.idx_scan-coalesce(first_snap.idx_scan,0)&gt;0)<br />
        and last_snap.n_live_tup &gt; 0<br />
order by<br />
        percent_of_times_index_used asc,<br />
        (last_snap.seq_scan-coalesce(first_snap.seq_scan,0)) * last_snap.n_live_tup desc,<br />
        coalesce(last_snap.idx_scan, 0)-coalesce(first_snap.idx_scan, 0) asc,<br />
        last_snap.n_live_tup desc<br />
limit 10;</td>
  </tr>
  <tr valign="top">
    <td align="right">&nbsp; </td>
    <td align="left">sms_ca</td>
    <td align="right">&nbsp; </td>
    <td align="right">&nbsp; </td>
    <td align="left">&nbsp; </td>
    <td align="left">&nbsp; </td>
    <td align="right">&nbsp; </td>
    <td align="left">&nbsp; </td>
    <td align="left">&nbsp; </td>
    <td align="left">START_REPLICATION SLOT &quot;vd62r54bwsqwvvwu_00014717_df9fe198_914a_4e34_bd96_3f0eff1a2fd3&quot; LOGICAL 00000068/D17BC040 (&quot;include-timestamp&quot; 'on')</td>
  </tr>
  <tr valign="top">
    <td align="right">&nbsp; </td>
    <td align="left">sms_us</td>
    <td align="right">&nbsp; </td>
    <td align="right">&nbsp; </td>
    <td align="left">&nbsp; </td>
    <td align="left">&nbsp; </td>
    <td align="right">&nbsp; </td>
    <td align="left">&nbsp; </td>
    <td align="left">&nbsp; </td>
    <td align="left">START_REPLICATION SLOT &quot;bergu43ygfzpaku2_00014717_03c0ae28_bfcd_484b_9251_7adc7bd0b660&quot; LOGICAL 00000068/D17BC040 (&quot;include-timestamp&quot; 'on')</td>
  </tr>
</table>

<table border="0">
  <tr valign="top">
    <td align="left">&nbsp; </td>
  </tr>
</table>

<h2>PG installed extensions</h2>
<table border="1">
  <tr>
    <th align="center">extension_name</th>
    <th align="center">installed_version</th>
    <th align="center">available_version</th>
  </tr>
  <tr valign="top">
    <td align="left">apg_plan_mgmt</td>
    <td align="left">2.4</td>
    <td align="left">2.4</td>
  </tr>
  <tr valign="top">
    <td align="left">aws_commons</td>
    <td align="left">1.2</td>
    <td align="left">1.2</td>
  </tr>
  <tr valign="top">
    <td align="left">aws_s3</td>
    <td align="left">1.1</td>
    <td align="left">1.1</td>
  </tr>
  <tr valign="top">
    <td align="left">dblink</td>
    <td align="left">1.2</td>
    <td align="left">1.2</td>
  </tr>
  <tr valign="top">
    <td align="left">log_fdw</td>
    <td align="left">1.3</td>
    <td align="left">1.3</td>
  </tr>
  <tr valign="top">
    <td align="left">oracle_fdw</td>
    <td align="left">1.2</td>
    <td align="left">1.2</td>
  </tr>
  <tr valign="top">
    <td align="left">orafce</td>
    <td align="left">4.0</td>
    <td align="left">4.0</td>
  </tr>
  <tr valign="top">
    <td align="left">pg_buffercache</td>
    <td align="left">1.3</td>
    <td align="left">1.3</td>
  </tr>
  <tr valign="top">
    <td align="left">pg_cron</td>
    <td align="left">1.4-1</td>
    <td align="left">1.4-1</td>
  </tr>
  <tr valign="top">
    <td align="left">pg_hint_plan</td>
    <td align="left">1.4.1</td>
    <td align="left">1.4.1</td>
  </tr>
  <tr valign="top">
    <td align="left">pg_partman</td>
    <td align="left">4.6.0</td>
    <td align="left">4.6.0</td>
  </tr>
  <tr valign="top">
    <td align="left">pg_prewarm</td>
    <td align="left">1.2</td>
    <td align="left">1.2</td>
  </tr>
  <tr valign="top">
    <td align="left">pg_stat_statements</td>
    <td align="left">1.9</td>
    <td align="left">1.9</td>
  </tr>
  <tr valign="top">
    <td align="left">pgaudit</td>
    <td align="left">1.6.1</td>
    <td align="left">1.6.1</td>
  </tr>
  <tr valign="top">
    <td align="left">pgstattuple</td>
    <td align="left">1.5</td>
    <td align="left">1.5</td>
  </tr>
  <tr valign="top">
    <td align="left">plpgsql</td>
    <td align="left">1.0</td>
    <td align="left">1.0</td>
  </tr>
  <tr valign="top">
    <td align="left">postgres_fdw</td>
    <td align="left">1.1</td>
    <td align="left">1.1</td>
  </tr>
</table>

<table border="0">
  <tr valign="top">
    <td align="left">&nbsp; </td>
  </tr>
</table>

<h2>DB Parameter changes</h2>
<table border="1">
  <tr>
    <th align="center">parameter_name</th>
    <th align="center">current_value</th>
    <th align="center">current_unit</th>
    <th align="center">old_value</th>
    <th align="center">old_unit</th>
  </tr>
</table>

<table border="1">
  <tr valign="top">
    <td align="left">No DB parameter changes detected.</td>
  </tr>
</table>

<table border="0">
  <tr valign="top">
    <td align="left">&nbsp; </td>
  </tr>
</table>

<h2>Full list of DB parameters</h2>
<table border="1">
  <tr>
    <th align="center">parameter_name</th>
    <th align="center">setting</th>
    <th align="center">unit</th>
  </tr>
  <tr valign="top">
    <td align="left">allow_in_place_tablespaces</td>
    <td align="left">off</td>
    <td align="left">&nbsp; </td>
  </tr>
  <tr valign="top">
    <td align="left">allow_system_table_mods</td>
    <td align="left">off</td>
    <td align="left">&nbsp; </td>
  </tr>
  <tr valign="top">
    <td align="left">ansi_constraint_trigger_ordering</td>
    <td align="left">off</td>
    <td align="left">&nbsp; </td>
  </tr>
  <tr valign="top">
    <td align="left">ansi_force_foreign_key_checks</td>
    <td align="left">off</td>
    <td align="left">&nbsp; </td>
  </tr>
  <tr valign="top">
    <td align="left">ansi_qualified_update_set_target</td>
    <td align="left">off</td>
    <td align="left">&nbsp; </td>
  </tr>
  <tr valign="top">
    <td align="left">apg_buffer_invalid_lookup_strategy</td>
    <td align="left">on</td>
    <td align="left">&nbsp; </td>
  </tr>
  <tr valign="top">
    <td align="left">apg_enable_batch_mode_function_execution</td>
    <td align="left">on</td>
    <td align="left">&nbsp; </td>
  </tr>
  <tr valign="top">
    <td align="left">apg_enable_correlated_any_transform</td>
    <td align="left">off</td>
    <td align="left">&nbsp; </td>
  </tr>
  <tr valign="top">
    <td align="left">apg_enable_function_migration</td>
    <td align="left">on</td>
    <td align="left">&nbsp; </td>
  </tr>
  <tr valign="top">
    <td align="left">apg_enable_logical_skip_aborted_txn</td>
    <td align="left">on</td>
    <td align="left">&nbsp; </td>
  </tr>
  <tr valign="top">
    <td align="left">apg_enable_not_in_transform</td>
    <td align="left">on</td>
    <td align="left">&nbsp; </td>
  </tr>
  <tr valign="top">
    <td align="left">apg_enable_remove_redundant_inner_joins</td>
    <td align="left">off</td>
    <td align="left">&nbsp; </td>
  </tr>
  <tr valign="top">
    <td align="left">apg_enable_semijoin_push_down</td>
    <td align="left">off</td>
    <td align="left">&nbsp; </td>
  </tr>
  <tr valign="top">
    <td align="left">apg_force_full_key_semijoin</td>
    <td align="left">off</td>
    <td align="left">&nbsp; </td>
  </tr>
  <tr valign="top">
    <td align="left">apg_force_semijoin_push_down</td>
    <td align="left">off</td>
    <td align="left">&nbsp; </td>
  </tr>
  <tr valign="top">
    <td align="left">apg_force_single_key_semijoin</td>
    <td align="left">off</td>
    <td align="left">&nbsp; </td>
  </tr>
  <tr valign="top">
    <td align="left">apg_plan_mgmt.avg_cardinality_error</td>
    <td align="left">0</td>
    <td align="left">&nbsp; </td>
  </tr>
  <tr valign="top">
    <td align="left">apg_plan_mgmt.capture_plan_baselines</td>
    <td align="left">automatic</td>
    <td align="left">&nbsp; </td>
  </tr>
  <tr valign="top">
    <td align="left">apg_plan_mgmt.enable_autonomous_commit</td>
    <td align="left">on</td>
    <td align="left">&nbsp; </td>
  </tr>
  <tr valign="top">
    <td align="left">apg_plan_mgmt.evolve_plan_history</td>
    <td align="left">off</td>
    <td align="left">&nbsp; </td>
  </tr>
  <tr valign="top">
    <td align="left">apg_plan_mgmt.ignore_plan_mismatch</td>
    <td align="left">off</td>
    <td align="left">&nbsp; </td>
  </tr>
  <tr valign="top">
    <td align="left">apg_plan_mgmt.max_databases</td>
    <td align="left">10</td>
    <td align="left">&nbsp; </td>
  </tr>
  <tr valign="top">
    <td align="left">apg_plan_mgmt.max_plans</td>
    <td align="left">50000</td>
    <td align="left">&nbsp; </td>
  </tr>
  <tr valign="top">
    <td align="left">apg_plan_mgmt.message_level</td>
    <td align="left">info</td>
    <td align="left">&nbsp; </td>
  </tr>
  <tr valign="top">
    <td align="left">apg_plan_mgmt.plan_hash_version</td>
    <td align="left">1</td>
    <td align="left">&nbsp; </td>
  </tr>
  <tr valign="top">
    <td align="left">apg_plan_mgmt.plan_retention_period</td>
    <td align="left">32</td>
    <td align="left">&nbsp; </td>
  </tr>
  <tr valign="top">
    <td align="left">apg_plan_mgmt.plans_update_interval</td>
    <td align="left">3600</td>
    <td align="left">&nbsp; </td>
  </tr>
  <tr valign="top">
    <td align="left">apg_plan_mgmt.unapproved_plan_execution_threshold</td>
    <td align="left">0</td>
    <td align="left">&nbsp; </td>
  </tr>
  <tr valign="top">
    <td align="left">apg_plan_mgmt.update_last_used</td>
    <td align="left">on</td>
    <td align="left">&nbsp; </td>
  </tr>
  <tr valign="top">
    <td align="left">apg_plan_mgmt.use_plan_baselines</td>
    <td align="left">off</td>
    <td align="left">&nbsp; </td>
  </tr>
  <tr valign="top">
    <td align="left">apg_plan_mgmt.verify_plan_hash</td>
    <td align="left">0</td>
    <td align="left">&nbsp; </td>
  </tr>
  <tr valign="top">
    <td align="left">apg_plan_mgmt.verify_sql_hash</td>
    <td align="left">0</td>
    <td align="left">&nbsp; </td>
  </tr>
  <tr valign="top">
    <td align="left">application_name</td>
    <td align="left">&nbsp; </td>
    <td align="left">&nbsp; </td>
  </tr>
  <tr valign="top">
    <td align="left">archive_cleanup_command</td>
    <td align="left">&nbsp; </td>
    <td align="left">&nbsp; </td>
  </tr>
  <tr valign="top">
    <td align="left">archive_command</td>
    <td align="left">(disabled)</td>
    <td align="left">&nbsp; </td>
  </tr>
  <tr valign="top">
    <td align="left">archive_mode</td>
    <td align="left">off</td>
    <td align="left">&nbsp; </td>
  </tr>
  <tr valign="top">
    <td align="left">archive_timeout</td>
    <td align="left">300</td>
    <td align="left">s</td>
  </tr>
  <tr valign="top">
    <td align="left">array_nulls</td>
    <td align="left">on</td>
    <td align="left">&nbsp; </td>
  </tr>
  <tr valign="top">
    <td align="left">async_notifications_cache_size</td>
    <td align="left">8</td>
    <td align="left">&nbsp; </td>
  </tr>
  <tr valign="top">
    <td align="left">authentication_timeout</td>
    <td align="left">60</td>
    <td align="left">s</td>
  </tr>
  <tr valign="top">
    <td align="left">auto_explain.log_analyze</td>
    <td align="left">off</td>
    <td align="left">&nbsp; </td>
  </tr>
  <tr valign="top">
    <td align="left">auto_explain.log_buffers</td>
    <td align="left">off</td>
    <td align="left">&nbsp; </td>
  </tr>
  <tr valign="top">
    <td align="left">auto_explain.log_format</td>
    <td align="left">text</td>
    <td align="left">&nbsp; </td>
  </tr>
  <tr valign="top">
    <td align="left">auto_explain.log_level</td>
    <td align="left">log</td>
    <td align="left">&nbsp; </td>
  </tr>
  <tr valign="top">
    <td align="left">auto_explain.log_min_duration</td>
    <td align="left">60000</td>
    <td align="left">ms</td>
  </tr>
  <tr valign="top">
    <td align="left">auto_explain.log_nested_statements</td>
    <td align="left">off</td>
    <td align="left">&nbsp; </td>
  </tr>
  <tr valign="top">
    <td align="left">auto_explain.log_settings</td>
    <td align="left">off</td>
    <td align="left">&nbsp; </td>
  </tr>
  <tr valign="top">
    <td align="left">auto_explain.log_timing</td>
    <td align="left">on</td>
    <td align="left">&nbsp; </td>
  </tr>
  <tr valign="top">
    <td align="left">auto_explain.log_triggers</td>
    <td align="left">off</td>
    <td align="left">&nbsp; </td>
  </tr>
  <tr valign="top">
    <td align="left">auto_explain.log_verbose</td>
    <td align="left">off</td>
    <td align="left">&nbsp; </td>
  </tr>
  <tr valign="top">
    <td align="left">auto_explain.log_wal</td>
    <td align="left">off</td>
    <td align="left">&nbsp; </td>
  </tr>
  <tr valign="top">
    <td align="left">auto_explain.sample_rate</td>
    <td align="left">1</td>
    <td align="left">&nbsp; </td>
  </tr>
  <tr valign="top">
    <td align="left">autovacuum</td>
    <td align="left">on</td>
    <td align="left">&nbsp; </td>
  </tr>
  <tr valign="top">
    <td align="left">autovacuum_analyze_scale_factor</td>
    <td align="left">0.05</td>
    <td align="left">&nbsp; </td>
  </tr>
  <tr valign="top">
    <td align="left">autovacuum_analyze_threshold</td>
    <td align="left">50</td>
    <td align="left">&nbsp; </td>
  </tr>
  <tr valign="top">
    <td align="left">autovacuum_freeze_max_age</td>
    <td align="left">200000000</td>
    <td align="left">&nbsp; </td>
  </tr>
  <tr valign="top">
    <td align="left">autovacuum_max_workers</td>
    <td align="left">6</td>
    <td align="left">&nbsp; </td>
  </tr>
  <tr valign="top">
    <td align="left">autovacuum_multixact_freeze_max_age</td>
    <td align="left">400000000</td>
    <td align="left">&nbsp; </td>
  </tr>
  <tr valign="top">
    <td align="left">autovacuum_naptime</td>
    <td align="left">5</td>
    <td align="left">s</td>
  </tr>
  <tr valign="top">
    <td align="left">autovacuum_vacuum_cost_delay</td>
    <td align="left">5</td>
    <td align="left">ms</td>
  </tr>
  <tr valign="top">
    <td align="left">autovacuum_vacuum_cost_limit</td>
    <td align="left">1800</td>
    <td align="left">&nbsp; </td>
  </tr>
  <tr valign="top">
    <td align="left">autovacuum_vacuum_insert_scale_factor</td>
    <td align="left">0.2</td>
    <td align="left">&nbsp; </td>
  </tr>
  <tr valign="top">
    <td align="left">autovacuum_vacuum_insert_threshold</td>
    <td align="left">1000</td>
    <td align="left">&nbsp; </td>
  </tr>
  <tr valign="top">
    <td align="left">autovacuum_vacuum_scale_factor</td>
    <td align="left">0.1</td>
    <td align="left">&nbsp; </td>
  </tr>
  <tr valign="top">
    <td align="left">autovacuum_vacuum_threshold</td>
    <td align="left">50</td>
    <td align="left">&nbsp; </td>
  </tr>
  <tr valign="top">
    <td align="left">autovacuum_work_mem</td>
    <td align="left">4068400</td>
    <td align="left">kB</td>
  </tr>
  <tr valign="top">
    <td align="left">backend_flush_after</td>
    <td align="left">0</td>
    <td align="left">8kB</td>
  </tr>
  <tr valign="top">
    <td align="left">backslash_quote</td>
    <td align="left">safe_encoding</td>
    <td align="left">&nbsp; </td>
  </tr>
  <tr valign="top">
    <td align="left">backtrace_functions</td>
    <td align="left">&nbsp; </td>
    <td align="left">&nbsp; </td>
  </tr>
  <tr valign="top">
    <td align="left">bgwriter_delay</td>
    <td align="left">200</td>
    <td align="left">ms</td>
  </tr>
  <tr valign="top">
    <td align="left">bgwriter_flush_after</td>
    <td align="left">64</td>
    <td align="left">8kB</td>
  </tr>
  <tr valign="top">
    <td align="left">bgwriter_lru_maxpages</td>
    <td align="left">100</td>
    <td align="left">&nbsp; </td>
  </tr>
  <tr valign="top">
    <td align="left">bgwriter_lru_multiplier</td>
    <td align="left">2</td>
    <td align="left">&nbsp; </td>
  </tr>
  <tr valign="top">
    <td align="left">block_size</td>
    <td align="left">8192</td>
    <td align="left">&nbsp; </td>
  </tr>
  <tr valign="top">
    <td align="left">bonjour</td>
    <td align="left">off</td>
    <td align="left">&nbsp; </td>
  </tr>
  <tr valign="top">
    <td align="left">bonjour_name</td>
    <td align="left">&nbsp; </td>
    <td align="left">&nbsp; </td>
  </tr>
  <tr valign="top">
    <td align="left">bt_scan_multipage_prefetch_max_pages</td>
    <td align="left">64</td>
    <td align="left">&nbsp; </td>
  </tr>
  <tr valign="top">
    <td align="left">buffer_cache_mode</td>
    <td align="left">dynamic</td>
    <td align="left">&nbsp; </td>
  </tr>
  <tr valign="top">
    <td align="left">buffer_table_mode</td>
    <td align="left">fixed</td>
    <td align="left">&nbsp; </td>
  </tr>
  <tr valign="top">
    <td align="left">bytea_output</td>
    <td align="left">hex</td>
    <td align="left">&nbsp; </td>
  </tr>
  <tr valign="top">
    <td align="left">check_function_bodies</td>
    <td align="left">on</td>
    <td align="left">&nbsp; </td>
  </tr>
  <tr valign="top">
    <td align="left">checkpoint_completion_target</td>
    <td align="left">0.9</td>
    <td align="left">&nbsp; </td>
  </tr>
  <tr valign="top">
    <td align="left">checkpoint_flush_after</td>
    <td align="left">32</td>
    <td align="left">8kB</td>
  </tr>
  <tr valign="top">
    <td align="left">checkpoint_timeout</td>
    <td align="left">60</td>
    <td align="left">s</td>
  </tr>
  <tr valign="top">
    <td align="left">checkpoint_warning</td>
    <td align="left">30</td>
    <td align="left">s</td>
  </tr>
  <tr valign="top">
    <td align="left">client_connection_check_interval</td>
    <td align="left">0</td>
    <td align="left">ms</td>
  </tr>
  <tr valign="top">
    <td align="left">client_encoding</td>
    <td align="left">UTF8</td>
    <td align="left">&nbsp; </td>
  </tr>
  <tr valign="top">
    <td align="left">client_min_messages</td>
    <td align="left">notice</td>
    <td align="left">&nbsp; </td>
  </tr>
  <tr valign="top">
    <td align="left">cluster_name</td>
    <td align="left">&nbsp; </td>
    <td align="left">&nbsp; </td>
  </tr>
  <tr valign="top">
    <td align="left">commit_delay</td>
    <td align="left">0</td>
    <td align="left">&nbsp; </td>
  </tr>
  <tr valign="top">
    <td align="left">commit_siblings</td>
    <td align="left">5</td>
    <td align="left">&nbsp; </td>
  </tr>
  <tr valign="top">
    <td align="left">commit_timestamp_cache_size</td>
    <td align="left">16</td>
    <td align="left">&nbsp; </td>
  </tr>
  <tr valign="top">
    <td align="left">compute_query_id</td>
    <td align="left">auto</td>
    <td align="left">&nbsp; </td>
  </tr>
  <tr valign="top">
    <td align="left">config_file</td>
    <td align="left">/rdsdbdata/config/postgresql.conf</td>
    <td align="left">&nbsp; </td>
  </tr>
  <tr valign="top">
    <td align="left">constraint_exclusion</td>
    <td align="left">partition</td>
    <td align="left">&nbsp; </td>
  </tr>
  <tr valign="top">
    <td align="left">cpu_index_tuple_cost</td>
    <td align="left">0.005</td>
    <td align="left">&nbsp; </td>
  </tr>
  <tr valign="top">
    <td align="left">cpu_operator_cost</td>
    <td align="left">0.0025</td>
    <td align="left">&nbsp; </td>
  </tr>
  <tr valign="top">
    <td align="left">cpu_tuple_cost</td>
    <td align="left">0.01</td>
    <td align="left">&nbsp; </td>
  </tr>
  <tr valign="top">
    <td align="left">cron.database_name</td>
    <td align="left">postgres</td>
    <td align="left">&nbsp; </td>
  </tr>
  <tr valign="top">
    <td align="left">cron.enable_superuser_jobs</td>
    <td align="left">on</td>
    <td align="left">&nbsp; </td>
  </tr>
  <tr valign="top">
    <td align="left">cron.host</td>
    <td align="left">localhost</td>
    <td align="left">&nbsp; </td>
  </tr>
  <tr valign="top">
    <td align="left">cron.log_min_messages</td>
    <td align="left">fatal</td>
    <td align="left">&nbsp; </td>
  </tr>
  <tr valign="top">
    <td align="left">cron.log_run</td>
    <td align="left">on</td>
    <td align="left">&nbsp; </td>
  </tr>
  <tr valign="top">
    <td align="left">cron.log_statement</td>
    <td align="left">on</td>
    <td align="left">&nbsp; </td>
  </tr>
  <tr valign="top">
    <td align="left">cron.max_running_jobs</td>
    <td align="left">100</td>
    <td align="left">&nbsp; </td>
  </tr>
  <tr valign="top">
    <td align="left">cron.use_background_workers</td>
    <td align="left">on</td>
    <td align="left">&nbsp; </td>
  </tr>
  <tr valign="top">
    <td align="left">cursor_tuple_fraction</td>
    <td align="left">0.1</td>
    <td align="left">&nbsp; </td>
  </tr>
  <tr valign="top">
    <td align="left">database_instance_type</td>
    <td align="left">provisioned</td>
    <td align="left">&nbsp; </td>
  </tr>
  <tr valign="top">
    <td align="left">data_checksums</td>
    <td align="left">off</td>
    <td align="left">&nbsp; </td>
  </tr>
  <tr valign="top">
    <td align="left">data_directory</td>
    <td align="left">/rdsdbdata/db</td>
    <td align="left">&nbsp; </td>
  </tr>
  <tr valign="top">
    <td align="left">data_directory_mode</td>
    <td align="left">0700</td>
    <td align="left">&nbsp; </td>
  </tr>
  <tr valign="top">
    <td align="left">data_sync_retry</td>
    <td align="left">off</td>
    <td align="left">&nbsp; </td>
  </tr>
  <tr valign="top">
    <td align="left">DateStyle</td>
    <td align="left">ISO, MDY</td>
    <td align="left">&nbsp; </td>
  </tr>
  <tr valign="top">
    <td align="left">db_user_namespace</td>
    <td align="left">off</td>
    <td align="left">&nbsp; </td>
  </tr>
  <tr valign="top">
    <td align="left">deadlock_timeout</td>
    <td align="left">1000</td>
    <td align="left">ms</td>
  </tr>
  <tr valign="top">
    <td align="left">debug_assertions</td>
    <td align="left">off</td>
    <td align="left">&nbsp; </td>
  </tr>
  <tr valign="top">
    <td align="left">debug_discard_caches</td>
    <td align="left">0</td>
    <td align="left">&nbsp; </td>
  </tr>
  <tr valign="top">
    <td align="left">debug_pretty_print</td>
    <td align="left">on</td>
    <td align="left">&nbsp; </td>
  </tr>
  <tr valign="top">
    <td align="left">debug_print_parse</td>
    <td align="left">off</td>
    <td align="left">&nbsp; </td>
  </tr>
  <tr valign="top">
    <td align="left">debug_print_plan</td>
    <td align="left">off</td>
    <td align="left">&nbsp; </td>
  </tr>
  <tr valign="top">
    <td align="left">debug_print_rewritten</td>
    <td align="left">off</td>
    <td align="left">&nbsp; </td>
  </tr>
  <tr valign="top">
    <td align="left">default_statistics_target</td>
    <td align="left">100</td>
    <td align="left">&nbsp; </td>
  </tr>
  <tr valign="top">
    <td align="left">default_table_access_method</td>
    <td align="left">heap</td>
    <td align="left">&nbsp; </td>
  </tr>
  <tr valign="top">
    <td align="left">default_tablespace</td>
    <td align="left">&nbsp; </td>
    <td align="left">&nbsp; </td>
  </tr>
  <tr valign="top">
    <td align="left">default_text_search_config</td>
    <td align="left">pg_catalog.simple</td>
    <td align="left">&nbsp; </td>
  </tr>
  <tr valign="top">
    <td align="left">default_toast_compression</td>
    <td align="left">pglz</td>
    <td align="left">&nbsp; </td>
  </tr>
  <tr valign="top">
    <td align="left">default_transaction_deferrable</td>
    <td align="left">off</td>
    <td align="left">&nbsp; </td>
  </tr>
  <tr valign="top">
    <td align="left">default_transaction_isolation</td>
    <td align="left">read committed</td>
    <td align="left">&nbsp; </td>
  </tr>
  <tr valign="top">
    <td align="left">default_transaction_read_only</td>
    <td align="left">off</td>
    <td align="left">&nbsp; </td>
  </tr>
  <tr valign="top">
    <td align="left">dynamic_library_path</td>
    <td align="left">$libdir</td>
    <td align="left">&nbsp; </td>
  </tr>
  <tr valign="top">
    <td align="left">dynamic_shared_memory_type</td>
    <td align="left">posix</td>
    <td align="left">&nbsp; </td>
  </tr>
  <tr valign="top">
    <td align="left">effective_cache_size</td>
    <td align="left">11024373</td>
    <td align="left">8kB</td>
  </tr>
  <tr valign="top">
    <td align="left">effective_io_concurrency</td>
    <td align="left">256</td>
    <td align="left">&nbsp; </td>
  </tr>
  <tr valign="top">
    <td align="left">enable_async_append</td>
    <td align="left">on</td>
    <td align="left">&nbsp; </td>
  </tr>
  <tr valign="top">
    <td align="left">enable_bitmapscan</td>
    <td align="left">on</td>
    <td align="left">&nbsp; </td>
  </tr>
  <tr valign="top">
    <td align="left">enable_gathermerge</td>
    <td align="left">on</td>
    <td align="left">&nbsp; </td>
  </tr>
  <tr valign="top">
    <td align="left">enable_hashagg</td>
    <td align="left">on</td>
    <td align="left">&nbsp; </td>
  </tr>
  <tr valign="top">
    <td align="left">enable_hashjoin</td>
    <td align="left">on</td>
    <td align="left">&nbsp; </td>
  </tr>
  <tr valign="top">
    <td align="left">enable_incremental_sort</td>
    <td align="left">on</td>
    <td align="left">&nbsp; </td>
  </tr>
  <tr valign="top">
    <td align="left">enable_indexonlyscan</td>
    <td align="left">on</td>
    <td align="left">&nbsp; </td>
  </tr>
  <tr valign="top">
    <td align="left">enable_indexscan</td>
    <td align="left">on</td>
    <td align="left">&nbsp; </td>
  </tr>
  <tr valign="top">
    <td align="left">enable_material</td>
    <td align="left">on</td>
    <td align="left">&nbsp; </td>
  </tr>
  <tr valign="top">
    <td align="left">enable_memoize</td>
    <td align="left">on</td>
    <td align="left">&nbsp; </td>
  </tr>
  <tr valign="top">
    <td align="left">enable_mergejoin</td>
    <td align="left">on</td>
    <td align="left">&nbsp; </td>
  </tr>
  <tr valign="top">
    <td align="left">enable_nestloop</td>
    <td align="left">on</td>
    <td align="left">&nbsp; </td>
  </tr>
  <tr valign="top">
    <td align="left">enable_parallel_append</td>
    <td align="left">on</td>
    <td align="left">&nbsp; </td>
  </tr>
  <tr valign="top">
    <td align="left">enable_parallel_hash</td>
    <td align="left">on</td>
    <td align="left">&nbsp; </td>
  </tr>
  <tr valign="top">
    <td align="left">enable_partition_pruning</td>
    <td align="left">on</td>
    <td align="left">&nbsp; </td>
  </tr>
  <tr valign="top">
    <td align="left">enable_partitionwise_aggregate</td>
    <td align="left">off</td>
    <td align="left">&nbsp; </td>
  </tr>
  <tr valign="top">
    <td align="left">enable_partitionwise_join</td>
    <td align="left">off</td>
    <td align="left">&nbsp; </td>
  </tr>
  <tr valign="top">
    <td align="left">enable_seqscan</td>
    <td align="left">on</td>
    <td align="left">&nbsp; </td>
  </tr>
  <tr valign="top">
    <td align="left">enable_sort</td>
    <td align="left">on</td>
    <td align="left">&nbsp; </td>
  </tr>
  <tr valign="top">
    <td align="left">enable_tidscan</td>
    <td align="left">on</td>
    <td align="left">&nbsp; </td>
  </tr>
  <tr valign="top">
    <td align="left">escape_string_warning</td>
    <td align="left">on</td>
    <td align="left">&nbsp; </td>
  </tr>
  <tr valign="top">
    <td align="left">eventpoints_mode</td>
    <td align="left">off</td>
    <td align="left">&nbsp; </td>
  </tr>
  <tr valign="top">
    <td align="left">event_source</td>
    <td align="left">PostgreSQL</td>
    <td align="left">&nbsp; </td>
  </tr>
  <tr valign="top">
    <td align="left">exit_on_error</td>
    <td align="left">off</td>
    <td align="left">&nbsp; </td>
  </tr>
  <tr valign="top">
    <td align="left">external_pid_file</td>
    <td align="left">&nbsp; </td>
    <td align="left">&nbsp; </td>
  </tr>
  <tr valign="top">
    <td align="left">extra_float_digits</td>
    <td align="left">1</td>
    <td align="left">&nbsp; </td>
  </tr>
  <tr valign="top">
    <td align="left">force_parallel_mode</td>
    <td align="left">off</td>
    <td align="left">&nbsp; </td>
  </tr>
  <tr valign="top">
    <td align="left">from_collapse_limit</td>
    <td align="left">8</td>
    <td align="left">&nbsp; </td>
  </tr>
  <tr valign="top">
    <td align="left">fsync</td>
    <td align="left">on</td>
    <td align="left">&nbsp; </td>
  </tr>
  <tr valign="top">
    <td align="left">full_page_writes</td>
    <td align="left">off</td>
    <td align="left">&nbsp; </td>
  </tr>
  <tr valign="top">
    <td align="left">geqo</td>
    <td align="left">on</td>
    <td align="left">&nbsp; </td>
  </tr>
  <tr valign="top">
    <td align="left">geqo_effort</td>
    <td align="left">5</td>
    <td align="left">&nbsp; </td>
  </tr>
  <tr valign="top">
    <td align="left">geqo_generations</td>
    <td align="left">0</td>
    <td align="left">&nbsp; </td>
  </tr>
  <tr valign="top">
    <td align="left">geqo_pool_size</td>
    <td align="left">0</td>
    <td align="left">&nbsp; </td>
  </tr>
  <tr valign="top">
    <td align="left">geqo_seed</td>
    <td align="left">0</td>
    <td align="left">&nbsp; </td>
  </tr>
  <tr valign="top">
    <td align="left">geqo_selection_bias</td>
    <td align="left">2</td>
    <td align="left">&nbsp; </td>
  </tr>
  <tr valign="top">
    <td align="left">geqo_threshold</td>
    <td align="left">12</td>
    <td align="left">&nbsp; </td>
  </tr>
  <tr valign="top">
    <td align="left">gin_fuzzy_search_limit</td>
    <td align="left">0</td>
    <td align="left">&nbsp; </td>
  </tr>
  <tr valign="top">
    <td align="left">gin_pending_list_limit</td>
    <td align="left">4096</td>
    <td align="left">kB</td>
  </tr>
  <tr valign="top">
    <td align="left">hash_mem_multiplier</td>
    <td align="left">1</td>
    <td align="left">&nbsp; </td>
  </tr>
  <tr valign="top">
    <td align="left">hba_file</td>
    <td align="left">/rdsdbdata/config/pg_hba.conf</td>
    <td align="left">&nbsp; </td>
  </tr>
  <tr valign="top">
    <td align="left">hot_standby</td>
    <td align="left">off</td>
    <td align="left">&nbsp; </td>
  </tr>
  <tr valign="top">
    <td align="left">hot_standby_feedback</td>
    <td align="left">on</td>
    <td align="left">&nbsp; </td>
  </tr>
  <tr valign="top">
    <td align="left">huge_pages</td>
    <td align="left">on</td>
    <td align="left">&nbsp; </td>
  </tr>
  <tr valign="top">
    <td align="left">huge_page_size</td>
    <td align="left">0</td>
    <td align="left">kB</td>
  </tr>
  <tr valign="top">
    <td align="left">ident_file</td>
    <td align="left">/rdsdbdata/config/pg_ident.conf</td>
    <td align="left">&nbsp; </td>
  </tr>
  <tr valign="top">
    <td align="left">idle_in_transaction_session_timeout</td>
    <td align="left">86400000</td>
    <td align="left">ms</td>
  </tr>
  <tr valign="top">
    <td align="left">idle_session_timeout</td>
    <td align="left">0</td>
    <td align="left">ms</td>
  </tr>
  <tr valign="top">
    <td align="left">ignore_checksum_failure</td>
    <td align="left">off</td>
    <td align="left">&nbsp; </td>
  </tr>
  <tr valign="top">
    <td align="left">ignore_invalid_pages</td>
    <td align="left">off</td>
    <td align="left">&nbsp; </td>
  </tr>
  <tr valign="top">
    <td align="left">ignore_system_indexes</td>
    <td align="left">off</td>
    <td align="left">&nbsp; </td>
  </tr>
  <tr valign="top">
    <td align="left">in_hot_standby</td>
    <td align="left">off</td>
    <td align="left">&nbsp; </td>
  </tr>
  <tr valign="top">
    <td align="left">integer_datetimes</td>
    <td align="left">on</td>
    <td align="left">&nbsp; </td>
  </tr>
  <tr valign="top">
    <td align="left">IntervalStyle</td>
    <td align="left">postgres</td>
    <td align="left">&nbsp; </td>
  </tr>
  <tr valign="top">
    <td align="left">jit</td>
    <td align="left">off</td>
    <td align="left">&nbsp; </td>
  </tr>
  <tr valign="top">
    <td align="left">jit_above_cost</td>
    <td align="left">100000</td>
    <td align="left">&nbsp; </td>
  </tr>
  <tr valign="top">
    <td align="left">jit_debugging_support</td>
    <td align="left">off</td>
    <td align="left">&nbsp; </td>
  </tr>
  <tr valign="top">
    <td align="left">jit_dump_bitcode</td>
    <td align="left">off</td>
    <td align="left">&nbsp; </td>
  </tr>
  <tr valign="top">
    <td align="left">jit_expressions</td>
    <td align="left">on</td>
    <td align="left">&nbsp; </td>
  </tr>
  <tr valign="top">
    <td align="left">jit_inline_above_cost</td>
    <td align="left">500000</td>
    <td align="left">&nbsp; </td>
  </tr>
  <tr valign="top">
    <td align="left">jit_optimize_above_cost</td>
    <td align="left">500000</td>
    <td align="left">&nbsp; </td>
  </tr>
  <tr valign="top">
    <td align="left">jit_profiling_support</td>
    <td align="left">off</td>
    <td align="left">&nbsp; </td>
  </tr>
  <tr valign="top">
    <td align="left">jit_provider</td>
    <td align="left">llvmjit</td>
    <td align="left">&nbsp; </td>
  </tr>
  <tr valign="top">
    <td align="left">jit_tuple_deforming</td>
    <td align="left">on</td>
    <td align="left">&nbsp; </td>
  </tr>
  <tr valign="top">
    <td align="left">join_collapse_limit</td>
    <td align="left">8</td>
    <td align="left">&nbsp; </td>
  </tr>
  <tr valign="top">
    <td align="left">krb_caseins_users</td>
    <td align="left">off</td>
    <td align="left">&nbsp; </td>
  </tr>
  <tr valign="top">
    <td align="left">krb_server_keyfile</td>
    <td align="left">/rdsdbdata/config/keytab</td>
    <td align="left">&nbsp; </td>
  </tr>
  <tr valign="top">
    <td align="left">lc_collate</td>
    <td align="left">en_US.UTF-8</td>
    <td align="left">&nbsp; </td>
  </tr>
  <tr valign="top">
    <td align="left">lc_ctype</td>
    <td align="left">en_US.UTF-8</td>
    <td align="left">&nbsp; </td>
  </tr>
  <tr valign="top">
    <td align="left">lc_messages</td>
    <td align="left">&nbsp; </td>
    <td align="left">&nbsp; </td>
  </tr>
  <tr valign="top">
    <td align="left">lc_monetary</td>
    <td align="left">C</td>
    <td align="left">&nbsp; </td>
  </tr>
  <tr valign="top">
    <td align="left">lc_numeric</td>
    <td align="left">C</td>
    <td align="left">&nbsp; </td>
  </tr>
  <tr valign="top">
    <td align="left">lc_time</td>
    <td align="left">C</td>
    <td align="left">&nbsp; </td>
  </tr>
  <tr valign="top">
    <td align="left">listen_addresses</td>
    <td align="left">*</td>
    <td align="left">&nbsp; </td>
  </tr>
  <tr valign="top">
    <td align="left">local_preload_libraries</td>
    <td align="left">&nbsp; </td>
    <td align="left">&nbsp; </td>
  </tr>
  <tr valign="top">
    <td align="left">lock_timeout</td>
    <td align="left">0</td>
    <td align="left">ms</td>
  </tr>
  <tr valign="top">
    <td align="left">lo_compat_privileges</td>
    <td align="left">off</td>
    <td align="left">&nbsp; </td>
  </tr>
  <tr valign="top">
    <td align="left">log_autovacuum_min_duration</td>
    <td align="left">10000</td>
    <td align="left">ms</td>
  </tr>
  <tr valign="top">
    <td align="left">log_checkpoints</td>
    <td align="left">off</td>
    <td align="left">&nbsp; </td>
  </tr>
  <tr valign="top">
    <td align="left">log_connections</td>
    <td align="left">off</td>
    <td align="left">&nbsp; </td>
  </tr>
  <tr valign="top">
    <td align="left">log_destination</td>
    <td align="left">stderr</td>
    <td align="left">&nbsp; </td>
  </tr>
  <tr valign="top">
    <td align="left">log_directory</td>
    <td align="left">/rdsdbdata/log/error</td>
    <td align="left">&nbsp; </td>
  </tr>
  <tr valign="top">
    <td align="left">log_disconnections</td>
    <td align="left">off</td>
    <td align="left">&nbsp; </td>
  </tr>
  <tr valign="top">
    <td align="left">log_duration</td>
    <td align="left">off</td>
    <td align="left">&nbsp; </td>
  </tr>
  <tr valign="top">
    <td align="left">log_error_verbosity</td>
    <td align="left">default</td>
    <td align="left">&nbsp; </td>
  </tr>
  <tr valign="top">
    <td align="left">log_executor_stats</td>
    <td align="left">off</td>
    <td align="left">&nbsp; </td>
  </tr>
  <tr valign="top">
    <td align="left">log_file_mode</td>
    <td align="left">0644</td>
    <td align="left">&nbsp; </td>
  </tr>
  <tr valign="top">
    <td align="left">log_filename</td>
    <td align="left">postgresql.log.%Y-%m-%d-%H%M</td>
    <td align="left">&nbsp; </td>
  </tr>
  <tr valign="top">
    <td align="left">logging_collector</td>
    <td align="left">on</td>
    <td align="left">&nbsp; </td>
  </tr>
  <tr valign="top">
    <td align="left">log_hostname</td>
    <td align="left">off</td>
    <td align="left">&nbsp; </td>
  </tr>
  <tr valign="top">
    <td align="left">logical_decoding_work_mem</td>
    <td align="left">65536</td>
    <td align="left">kB</td>
  </tr>
  <tr valign="top">
    <td align="left">log_line_prefix</td>
    <td align="left">%t:%r:%u@%d:[%p]:</td>
    <td align="left">&nbsp; </td>
  </tr>
  <tr valign="top">
    <td align="left">log_lock_waits</td>
    <td align="left">off</td>
    <td align="left">&nbsp; </td>
  </tr>
  <tr valign="top">
    <td align="left">log_min_duration_sample</td>
    <td align="left">-1</td>
    <td align="left">ms</td>
  </tr>
  <tr valign="top">
    <td align="left">log_min_duration_statement</td>
    <td align="left">-1</td>
    <td align="left">ms</td>
  </tr>
  <tr valign="top">
    <td align="left">log_min_error_statement</td>
    <td align="left">error</td>
    <td align="left">&nbsp; </td>
  </tr>
  <tr valign="top">
    <td align="left">log_min_messages</td>
    <td align="left">warning</td>
    <td align="left">&nbsp; </td>
  </tr>
  <tr valign="top">
    <td align="left">log_parameter_max_length</td>
    <td align="left">-1</td>
    <td align="left">B</td>
  </tr>
  <tr valign="top">
    <td align="left">log_parameter_max_length_on_error</td>
    <td align="left">0</td>
    <td align="left">B</td>
  </tr>
  <tr valign="top">
    <td align="left">log_parser_stats</td>
    <td align="left">off</td>
    <td align="left">&nbsp; </td>
  </tr>
  <tr valign="top">
    <td align="left">log_planner_stats</td>
    <td align="left">off</td>
    <td align="left">&nbsp; </td>
  </tr>
  <tr valign="top">
    <td align="left">log_replication_commands</td>
    <td align="left">off</td>
    <td align="left">&nbsp; </td>
  </tr>
  <tr valign="top">
    <td align="left">log_rotation_age</td>
    <td align="left">60</td>
    <td align="left">min</td>
  </tr>
  <tr valign="top">
    <td align="left">log_rotation_size</td>
    <td align="left">100000</td>
    <td align="left">kB</td>
  </tr>
  <tr valign="top">
    <td align="left">log_statement</td>
    <td align="left">none</td>
    <td align="left">&nbsp; </td>
  </tr>
  <tr valign="top">
    <td align="left">log_statement_sample_rate</td>
    <td align="left">1</td>
    <td align="left">&nbsp; </td>
  </tr>
  <tr valign="top">
    <td align="left">log_statement_stats</td>
    <td align="left">off</td>
    <td align="left">&nbsp; </td>
  </tr>
  <tr valign="top">
    <td align="left">log_temp_files</td>
    <td align="left">1024</td>
    <td align="left">kB</td>
  </tr>
  <tr valign="top">
    <td align="left">log_timezone</td>
    <td align="left">UTC</td>
    <td align="left">&nbsp; </td>
  </tr>
  <tr valign="top">
    <td align="left">log_transaction_sample_rate</td>
    <td align="left">0</td>
    <td align="left">&nbsp; </td>
  </tr>
  <tr valign="top">
    <td align="left">log_truncate_on_rotation</td>
    <td align="left">off</td>
    <td align="left">&nbsp; </td>
  </tr>
  <tr valign="top">
    <td align="left">maintenance_io_concurrency</td>
    <td align="left">1</td>
    <td align="left">&nbsp; </td>
  </tr>
  <tr valign="top">
    <td align="left">maintenance_work_mem</td>
    <td align="left">3355443</td>
    <td align="left">kB</td>
  </tr>
  <tr valign="top">
    <td align="left">max_connections</td>
    <td align="left">5000</td>
    <td align="left">&nbsp; </td>
  </tr>
  <tr valign="top">
    <td align="left">max_files_per_process</td>
    <td align="left">1000</td>
    <td align="left">&nbsp; </td>
  </tr>
  <tr valign="top">
    <td align="left">max_function_args</td>
    <td align="left">100</td>
    <td align="left">&nbsp; </td>
  </tr>
  <tr valign="top">
    <td align="left">max_identifier_length</td>
    <td align="left">63</td>
    <td align="left">&nbsp; </td>
  </tr>
  <tr valign="top">
    <td align="left">max_index_keys</td>
    <td align="left">32</td>
    <td align="left">&nbsp; </td>
  </tr>
  <tr valign="top">
    <td align="left">max_locks_per_transaction</td>
    <td align="left">1024</td>
    <td align="left">&nbsp; </td>
  </tr>
  <tr valign="top">
    <td align="left">max_logical_replication_workers</td>
    <td align="left">4</td>
    <td align="left">&nbsp; </td>
  </tr>
  <tr valign="top">
    <td align="left">max_parallel_maintenance_workers</td>
    <td align="left">16</td>
    <td align="left">&nbsp; </td>
  </tr>
  <tr valign="top">
    <td align="left">max_parallel_workers</td>
    <td align="left">128</td>
    <td align="left">&nbsp; </td>
  </tr>
  <tr valign="top">
    <td align="left">max_parallel_workers_per_gather</td>
    <td align="left">0</td>
    <td align="left">&nbsp; </td>
  </tr>
  <tr valign="top">
    <td align="left">max_pred_locks_per_page</td>
    <td align="left">2</td>
    <td align="left">&nbsp; </td>
  </tr>
  <tr valign="top">
    <td align="left">max_pred_locks_per_relation</td>
    <td align="left">-2</td>
    <td align="left">&nbsp; </td>
  </tr>
  <tr valign="top">
    <td align="left">max_pred_locks_per_transaction</td>
    <td align="left">64</td>
    <td align="left">&nbsp; </td>
  </tr>
  <tr valign="top">
    <td align="left">max_prepared_transactions</td>
    <td align="left">0</td>
    <td align="left">&nbsp; </td>
  </tr>
  <tr valign="top">
    <td align="left">max_replication_slots</td>
    <td align="left">20</td>
    <td align="left">&nbsp; </td>
  </tr>
  <tr valign="top">
    <td align="left">max_slot_wal_keep_size</td>
    <td align="left">-1</td>
    <td align="left">MB</td>
  </tr>
  <tr valign="top">
    <td align="left">max_stack_depth</td>
    <td align="left">6144</td>
    <td align="left">kB</td>
  </tr>
  <tr valign="top">
    <td align="left">max_standby_archive_delay</td>
    <td align="left">30000</td>
    <td align="left">ms</td>
  </tr>
  <tr valign="top">
    <td align="left">max_standby_streaming_delay</td>
    <td align="left">14000</td>
    <td align="left">ms</td>
  </tr>
  <tr valign="top">
    <td align="left">max_sync_workers_per_subscription</td>
    <td align="left">2</td>
    <td align="left">&nbsp; </td>
  </tr>
  <tr valign="top">
    <td align="left">max_wal_senders</td>
    <td align="left">20</td>
    <td align="left">&nbsp; </td>
  </tr>
  <tr valign="top">
    <td align="left">max_wal_size</td>
    <td align="left">1024</td>
    <td align="left">MB</td>
  </tr>
  <tr valign="top">
    <td align="left">max_worker_processes</td>
    <td align="left">110</td>
    <td align="left">&nbsp; </td>
  </tr>
  <tr valign="top">
    <td align="left">min_dynamic_shared_memory</td>
    <td align="left">0</td>
    <td align="left">MB</td>
  </tr>
  <tr valign="top">
    <td align="left">min_parallel_index_scan_size</td>
    <td align="left">64</td>
    <td align="left">8kB</td>
  </tr>
  <tr valign="top">
    <td align="left">min_parallel_table_scan_size</td>
    <td align="left">1024</td>
    <td align="left">8kB</td>
  </tr>
  <tr valign="top">
    <td align="left">min_wal_size</td>
    <td align="left">512</td>
    <td align="left">MB</td>
  </tr>
  <tr valign="top">
    <td align="left">multixact_members_cache_size</td>
    <td align="left">16</td>
    <td align="left">&nbsp; </td>
  </tr>
  <tr valign="top">
    <td align="left">multixact_offsets_cache_size</td>
    <td align="left">8</td>
    <td align="left">&nbsp; </td>
  </tr>
  <tr valign="top">
    <td align="left">old_snapshot_threshold</td>
    <td align="left">-1</td>
    <td align="left">min</td>
  </tr>
  <tr valign="top">
    <td align="left">orafce.nls_date_format</td>
    <td align="left">&nbsp; </td>
    <td align="left">&nbsp; </td>
  </tr>
  <tr valign="top">
    <td align="left">orafce.timezone</td>
    <td align="left">GMT</td>
    <td align="left">&nbsp; </td>
  </tr>
  <tr valign="top">
    <td align="left">orafce.varchar2_null_safe_concat</td>
    <td align="left">off</td>
    <td align="left">&nbsp; </td>
  </tr>
  <tr valign="top">
    <td align="left">parallel_leader_participation</td>
    <td align="left">on</td>
    <td align="left">&nbsp; </td>
  </tr>
  <tr valign="top">
    <td align="left">parallel_setup_cost</td>
    <td align="left">1000</td>
    <td align="left">&nbsp; </td>
  </tr>
  <tr valign="top">
    <td align="left">parallel_tuple_cost</td>
    <td align="left">0.1</td>
    <td align="left">&nbsp; </td>
  </tr>
  <tr valign="top">
    <td align="left">password_encryption</td>
    <td align="left">scram-sha-256</td>
    <td align="left">&nbsp; </td>
  </tr>
  <tr valign="top">
    <td align="left">pgaudit.log</td>
    <td align="left">none</td>
    <td align="left">&nbsp; </td>
  </tr>
  <tr valign="top">
    <td align="left">pgaudit.log_catalog</td>
    <td align="left">on</td>
    <td align="left">&nbsp; </td>
  </tr>
  <tr valign="top">
    <td align="left">pgaudit.log_client</td>
    <td align="left">off</td>
    <td align="left">&nbsp; </td>
  </tr>
  <tr valign="top">
    <td align="left">pgaudit.log_level</td>
    <td align="left">log</td>
    <td align="left">&nbsp; </td>
  </tr>
  <tr valign="top">
    <td align="left">pgaudit.log_parameter</td>
    <td align="left">off</td>
    <td align="left">&nbsp; </td>
  </tr>
  <tr valign="top">
    <td align="left">pgaudit.log_relation</td>
    <td align="left">off</td>
    <td align="left">&nbsp; </td>
  </tr>
  <tr valign="top">
    <td align="left">pgaudit.log_rows</td>
    <td align="left">off</td>
    <td align="left">&nbsp; </td>
  </tr>
  <tr valign="top">
    <td align="left">pgaudit.log_statement</td>
    <td align="left">on</td>
    <td align="left">&nbsp; </td>
  </tr>
  <tr valign="top">
    <td align="left">pgaudit.log_statement_once</td>
    <td align="left">off</td>
    <td align="left">&nbsp; </td>
  </tr>
  <tr valign="top">
    <td align="left">pgaudit.role</td>
    <td align="left">rds_pgaudit</td>
    <td align="left">&nbsp; </td>
  </tr>
  <tr valign="top">
    <td align="left">pg_hint_plan.debug_print</td>
    <td align="left">off</td>
    <td align="left">&nbsp; </td>
  </tr>
  <tr valign="top">
    <td align="left">pg_hint_plan.enable_hint</td>
    <td align="left">on</td>
    <td align="left">&nbsp; </td>
  </tr>
  <tr valign="top">
    <td align="left">pg_hint_plan.enable_hint_table</td>
    <td align="left">off</td>
    <td align="left">&nbsp; </td>
  </tr>
  <tr valign="top">
    <td align="left">pg_hint_plan.hints_anywhere</td>
    <td align="left">off</td>
    <td align="left">&nbsp; </td>
  </tr>
  <tr valign="top">
    <td align="left">pg_hint_plan.message_level</td>
    <td align="left">log</td>
    <td align="left">&nbsp; </td>
  </tr>
  <tr valign="top">
    <td align="left">pg_hint_plan.parse_messages</td>
    <td align="left">info</td>
    <td align="left">&nbsp; </td>
  </tr>
  <tr valign="top">
    <td align="left">pglogical.batch_inserts</td>
    <td align="left">on</td>
    <td align="left">&nbsp; </td>
  </tr>
  <tr valign="top">
    <td align="left">pglogical.conflict_log_level</td>
    <td align="left">log</td>
    <td align="left">&nbsp; </td>
  </tr>
  <tr valign="top">
    <td align="left">pglogical.conflict_resolution</td>
    <td align="left">apply_remote</td>
    <td align="left">&nbsp; </td>
  </tr>
  <tr valign="top">
    <td align="left">pglogical.extra_connection_options</td>
    <td align="left">&nbsp; </td>
    <td align="left">&nbsp; </td>
  </tr>
  <tr valign="top">
    <td align="left">pglogical.synchronous_commit</td>
    <td align="left">off</td>
    <td align="left">&nbsp; </td>
  </tr>
  <tr valign="top">
    <td align="left">pglogical.temp_directory</td>
    <td align="left">&nbsp; </td>
    <td align="left">&nbsp; </td>
  </tr>
  <tr valign="top">
    <td align="left">pglogical.use_spi</td>
    <td align="left">off</td>
    <td align="left">&nbsp; </td>
  </tr>
  <tr valign="top">
    <td align="left">pg_prewarm.autoprewarm</td>
    <td align="left">on</td>
    <td align="left">&nbsp; </td>
  </tr>
  <tr valign="top">
    <td align="left">pg_prewarm.autoprewarm_interval</td>
    <td align="left">300</td>
    <td align="left">s</td>
  </tr>
  <tr valign="top">
    <td align="left">pg_similarity.block_is_normalized</td>
    <td align="left">on</td>
    <td align="left">&nbsp; </td>
  </tr>
  <tr valign="top">
    <td align="left">pg_similarity.block_threshold</td>
    <td align="left">0.7</td>
    <td align="left">&nbsp; </td>
  </tr>
  <tr valign="top">
    <td align="left">pg_similarity.block_tokenizer</td>
    <td align="left">alnum</td>
    <td align="left">&nbsp; </td>
  </tr>
  <tr valign="top">
    <td align="left">pg_similarity.cosine_is_normalized</td>
    <td align="left">on</td>
    <td align="left">&nbsp; </td>
  </tr>
  <tr valign="top">
    <td align="left">pg_similarity.cosine_threshold</td>
    <td align="left">0.7</td>
    <td align="left">&nbsp; </td>
  </tr>
  <tr valign="top">
    <td align="left">pg_similarity.cosine_tokenizer</td>
    <td align="left">alnum</td>
    <td align="left">&nbsp; </td>
  </tr>
  <tr valign="top">
    <td align="left">pg_similarity.dice_is_normalized</td>
    <td align="left">on</td>
    <td align="left">&nbsp; </td>
  </tr>
  <tr valign="top">
    <td align="left">pg_similarity.dice_threshold</td>
    <td align="left">0.7</td>
    <td align="left">&nbsp; </td>
  </tr>
  <tr valign="top">
    <td align="left">pg_similarity.dice_tokenizer</td>
    <td align="left">alnum</td>
    <td align="left">&nbsp; </td>
  </tr>
  <tr valign="top">
    <td align="left">pg_similarity.euclidean_is_normalized</td>
    <td align="left">on</td>
    <td align="left">&nbsp; </td>
  </tr>
  <tr valign="top">
    <td align="left">pg_similarity.euclidean_threshold</td>
    <td align="left">0.7</td>
    <td align="left">&nbsp; </td>
  </tr>
  <tr valign="top">
    <td align="left">pg_similarity.euclidean_tokenizer</td>
    <td align="left">alnum</td>
    <td align="left">&nbsp; </td>
  </tr>
  <tr valign="top">
    <td align="left">pg_similarity.hamming_is_normalized</td>
    <td align="left">on</td>
    <td align="left">&nbsp; </td>
  </tr>
  <tr valign="top">
    <td align="left">pg_similarity.hamming_threshold</td>
    <td align="left">0.7</td>
    <td align="left">&nbsp; </td>
  </tr>
  <tr valign="top">
    <td align="left">pg_similarity.jaccard_is_normalized</td>
    <td align="left">on</td>
    <td align="left">&nbsp; </td>
  </tr>
  <tr valign="top">
    <td align="left">pg_similarity.jaccard_threshold</td>
    <td align="left">0.7</td>
    <td align="left">&nbsp; </td>
  </tr>
  <tr valign="top">
    <td align="left">pg_similarity.jaccard_tokenizer</td>
    <td align="left">alnum</td>
    <td align="left">&nbsp; </td>
  </tr>
  <tr valign="top">
    <td align="left">pg_similarity.jaro_is_normalized</td>
    <td align="left">on</td>
    <td align="left">&nbsp; </td>
  </tr>
  <tr valign="top">
    <td align="left">pg_similarity.jaro_threshold</td>
    <td align="left">0.7</td>
    <td align="left">&nbsp; </td>
  </tr>
  <tr valign="top">
    <td align="left">pg_similarity.jarowinkler_is_normalized</td>
    <td align="left">on</td>
    <td align="left">&nbsp; </td>
  </tr>
  <tr valign="top">
    <td align="left">pg_similarity.jarowinkler_threshold</td>
    <td align="left">0.7</td>
    <td align="left">&nbsp; </td>
  </tr>
  <tr valign="top">
    <td align="left">pg_similarity.levenshtein_is_normalized</td>
    <td align="left">on</td>
    <td align="left">&nbsp; </td>
  </tr>
  <tr valign="top">
    <td align="left">pg_similarity.levenshtein_threshold</td>
    <td align="left">0.7</td>
    <td align="left">&nbsp; </td>
  </tr>
  <tr valign="top">
    <td align="left">pg_similarity.matching_is_normalized</td>
    <td align="left">on</td>
    <td align="left">&nbsp; </td>
  </tr>
  <tr valign="top">
    <td align="left">pg_similarity.matching_threshold</td>
    <td align="left">0.7</td>
    <td align="left">&nbsp; </td>
  </tr>
  <tr valign="top">
    <td align="left">pg_similarity.matching_tokenizer</td>
    <td align="left">alnum</td>
    <td align="left">&nbsp; </td>
  </tr>
  <tr valign="top">
    <td align="left">pg_similarity.mongeelkan_is_normalized</td>
    <td align="left">on</td>
    <td align="left">&nbsp; </td>
  </tr>
  <tr valign="top">
    <td align="left">pg_similarity.mongeelkan_threshold</td>
    <td align="left">0.7</td>
    <td align="left">&nbsp; </td>
  </tr>
  <tr valign="top">
    <td align="left">pg_similarity.mongeelkan_tokenizer</td>
    <td align="left">alnum</td>
    <td align="left">&nbsp; </td>
  </tr>
  <tr valign="top">
    <td align="left">pg_similarity.nw_gap_penalty</td>
    <td align="left">-5</td>
    <td align="left">&nbsp; </td>
  </tr>
  <tr valign="top">
    <td align="left">pg_similarity.nw_is_normalized</td>
    <td align="left">on</td>
    <td align="left">&nbsp; </td>
  </tr>
  <tr valign="top">
    <td align="left">pg_similarity.nw_threshold</td>
    <td align="left">0.7</td>
    <td align="left">&nbsp; </td>
  </tr>
  <tr valign="top">
    <td align="left">pg_similarity.overlap_is_normalized</td>
    <td align="left">on</td>
    <td align="left">&nbsp; </td>
  </tr>
  <tr valign="top">
    <td align="left">pg_similarity.overlap_threshold</td>
    <td align="left">0.7</td>
    <td align="left">&nbsp; </td>
  </tr>
  <tr valign="top">
    <td align="left">pg_similarity.overlap_tokenizer</td>
    <td align="left">alnum</td>
    <td align="left">&nbsp; </td>
  </tr>
  <tr valign="top">
    <td align="left">pg_similarity.qgram_is_normalized</td>
    <td align="left">on</td>
    <td align="left">&nbsp; </td>
  </tr>
  <tr valign="top">
    <td align="left">pg_similarity.qgram_threshold</td>
    <td align="left">0.7</td>
    <td align="left">&nbsp; </td>
  </tr>
  <tr valign="top">
    <td align="left">pg_similarity.qgram_tokenizer</td>
    <td align="left">gram</td>
    <td align="left">&nbsp; </td>
  </tr>
  <tr valign="top">
    <td align="left">pg_similarity.swg_is_normalized</td>
    <td align="left">on</td>
    <td align="left">&nbsp; </td>
  </tr>
  <tr valign="top">
    <td align="left">pg_similarity.swg_threshold</td>
    <td align="left">0.7</td>
    <td align="left">&nbsp; </td>
  </tr>
  <tr valign="top">
    <td align="left">pg_similarity.sw_is_normalized</td>
    <td align="left">on</td>
    <td align="left">&nbsp; </td>
  </tr>
  <tr valign="top">
    <td align="left">pg_similarity.sw_threshold</td>
    <td align="left">0.7</td>
    <td align="left">&nbsp; </td>
  </tr>
  <tr valign="top">
    <td align="left">pg_stat_statements.max</td>
    <td align="left">50000</td>
    <td align="left">&nbsp; </td>
  </tr>
  <tr valign="top">
    <td align="left">pg_stat_statements.save</td>
    <td align="left">on</td>
    <td align="left">&nbsp; </td>
  </tr>
  <tr valign="top">
    <td align="left">pg_stat_statements.track</td>
    <td align="left">all</td>
    <td align="left">&nbsp; </td>
  </tr>
  <tr valign="top">
    <td align="left">pg_stat_statements.track_planning</td>
    <td align="left">off</td>
    <td align="left">&nbsp; </td>
  </tr>
  <tr valign="top">
    <td align="left">pg_stat_statements.track_utility</td>
    <td align="left">off</td>
    <td align="left">&nbsp; </td>
  </tr>
  <tr valign="top">
    <td align="left">plan_cache_mode</td>
    <td align="left">auto</td>
    <td align="left">&nbsp; </td>
  </tr>
  <tr valign="top">
    <td align="left">plpgsql.check_asserts</td>
    <td align="left">on</td>
    <td align="left">&nbsp; </td>
  </tr>
  <tr valign="top">
    <td align="left">plpgsql.extra_errors</td>
    <td align="left">none</td>
    <td align="left">&nbsp; </td>
  </tr>
  <tr valign="top">
    <td align="left">plpgsql.extra_warnings</td>
    <td align="left">none</td>
    <td align="left">&nbsp; </td>
  </tr>
  <tr valign="top">
    <td align="left">plpgsql.print_strict_params</td>
    <td align="left">off</td>
    <td align="left">&nbsp; </td>
  </tr>
  <tr valign="top">
    <td align="left">plpgsql.variable_conflict</td>
    <td align="left">error</td>
    <td align="left">&nbsp; </td>
  </tr>
  <tr valign="top">
    <td align="left">plprofiler.max_callgraphs</td>
    <td align="left">20000</td>
    <td align="left">&nbsp; </td>
  </tr>
  <tr valign="top">
    <td align="left">plprofiler.max_functions</td>
    <td align="left">2000</td>
    <td align="left">&nbsp; </td>
  </tr>
  <tr valign="top">
    <td align="left">plprofiler.max_lines</td>
    <td align="left">200000</td>
    <td align="left">&nbsp; </td>
  </tr>
  <tr valign="top">
    <td align="left">port</td>
    <td align="left">5432</td>
    <td align="left">&nbsp; </td>
  </tr>
  <tr valign="top">
    <td align="left">post_auth_delay</td>
    <td align="left">0</td>
    <td align="left">s</td>
  </tr>
  <tr valign="top">
    <td align="left">pre_auth_delay</td>
    <td align="left">0</td>
    <td align="left">s</td>
  </tr>
  <tr valign="top">
    <td align="left">primary_slot_name</td>
    <td align="left">&nbsp; </td>
    <td align="left">&nbsp; </td>
  </tr>
  <tr valign="top">
    <td align="left">promote_trigger_file</td>
    <td align="left">&nbsp; </td>
    <td align="left">&nbsp; </td>
  </tr>
  <tr valign="top">
    <td align="left">quote_all_identifiers</td>
    <td align="left">off</td>
    <td align="left">&nbsp; </td>
  </tr>
  <tr valign="top">
    <td align="left">random_page_cost</td>
    <td align="left">1</td>
    <td align="left">&nbsp; </td>
  </tr>
  <tr valign="top">
    <td align="left">rds.allowed_extensions</td>
    <td align="left">*</td>
    <td align="left">&nbsp; </td>
  </tr>
  <tr valign="top">
    <td align="left">rds.check_execution_context</td>
    <td align="left">on</td>
    <td align="left">&nbsp; </td>
  </tr>
  <tr valign="top">
    <td align="left">rds.check_extension_connections</td>
    <td align="left">on</td>
    <td align="left">&nbsp; </td>
  </tr>
  <tr valign="top">
    <td align="left">rds.enable_delayed_hot_standby_locking</td>
    <td align="left">on</td>
    <td align="left">&nbsp; </td>
  </tr>
  <tr valign="top">
    <td align="left">rds.enable_global_db_rpo</td>
    <td align="left">on</td>
    <td align="left">&nbsp; </td>
  </tr>
  <tr valign="top">
    <td align="left">rds.enable_global_db_rpo_abort_commits_at_rpo_limit</td>
    <td align="left">off</td>
    <td align="left">&nbsp; </td>
  </tr>
  <tr valign="top">
    <td align="left">rds.enable_rsdl_counters</td>
    <td align="left">on</td>
    <td align="left">&nbsp; </td>
  </tr>
  <tr valign="top">
    <td align="left">rds.extensions</td>
    <td align="left">address_standardizer, address_standardizer_data_us, amcheck, apg_plan_mgmt, aurora_stat_utils, autoinc, aws_commons, aws_lambda, aws_ml, aws_s3, babelfishpg_common, babelfishpg_money, babelfishpg_tds, babelfishpg_telemetry, babelfishpg_tsql, bloom, bool_plperl, btree_gin, btree_gist, citext, cube, dblink, dict_int, dict_xsyn, earthdistance, fuzzystrmatch, hll, hstore, hstore_plperl, insert_username, intagg, intarray, ip4r, isn, jsonb_plperl, lo, log_fdw, ltree, moddatetime, old_snapshot, oracle_fdw, orafce, pg_bigm, pg_buffercache, pg_cron, pg_freespacemap, pg_hint_plan, pg_partman, pg_prewarm, pg_proctab, pg_repack, pg_similarity, pg_stat_statements, pg_tle, pg_trgm, pg_visibility, pgaudit, pgcrypto, pglogical, pglogical_origin, pgrouting, pgrowlocks, pgstattuple, pgtap, plcoffee, plls, plperl, plpgsql, plprofiler, pltcl, plv8, postgis, postgis_raster, postgis_tiger_geocoder, postgis_topology, postgres_fdw, prefix, rdkit, rds_activity_stream, rds_tools, refint, seg, sslinfo, tablefunc, tcn, tds_fdw, tsm_system_rows, tsm_system_time, unaccent, uuid-ossp</td>
    <td align="left">&nbsp; </td>
  </tr>
  <tr valign="top">
    <td align="left">rds.fast_forward_test_lock_all_overlay</td>
    <td align="left">off</td>
    <td align="left">&nbsp; </td>
  </tr>
  <tr valign="top">
    <td align="left">rds.force_admin_logging_level</td>
    <td align="left">disabled</td>
    <td align="left">&nbsp; </td>
  </tr>
  <tr valign="top">
    <td align="left">rds.force_autovacuum_logging_level</td>
    <td align="left">warning</td>
    <td align="left">&nbsp; </td>
  </tr>
  <tr valign="top">
    <td align="left">rds.global_db_rpo</td>
    <td align="left">-1</td>
    <td align="left">&nbsp; </td>
  </tr>
  <tr valign="top">
    <td align="left">rds.internal_databases</td>
    <td align="left">rdsadmin</td>
    <td align="left">&nbsp; </td>
  </tr>
  <tr valign="top">
    <td align="left">rds.local_volume_spill_enabled</td>
    <td align="left">on</td>
    <td align="left">&nbsp; </td>
  </tr>
  <tr valign="top">
    <td align="left">rds.logical_decoding_work_disk</td>
    <td align="left">-1</td>
    <td align="left">kB</td>
  </tr>
  <tr valign="top">
    <td align="left">rds.logically_replicate_unlogged_tables</td>
    <td align="left">on</td>
    <td align="left">&nbsp; </td>
  </tr>
  <tr valign="top">
    <td align="left">rds.logical_replication</td>
    <td align="left">on</td>
    <td align="left">&nbsp; </td>
  </tr>
  <tr valign="top">
    <td align="left">rds.logical_slot_prefetch_max</td>
    <td align="left">32</td>
    <td align="left">8kB</td>
  </tr>
  <tr valign="top">
    <td align="left">rds.logical_wal_cache</td>
    <td align="left">2048</td>
    <td align="left">8kB</td>
  </tr>
  <tr valign="top">
    <td align="left">rds.max_rsdl_counters_entries</td>
    <td align="left">5000</td>
    <td align="left">&nbsp; </td>
  </tr>
  <tr valign="top">
    <td align="left">rds.max_stored_credentials</td>
    <td align="left">10</td>
    <td align="left">&nbsp; </td>
  </tr>
  <tr valign="top">
    <td align="left">rds.memory_allocation_guard</td>
    <td align="left">off</td>
    <td align="left">&nbsp; </td>
  </tr>
  <tr valign="top">
    <td align="left">rds.persist_standby_wal</td>
    <td align="left">off</td>
    <td align="left">&nbsp; </td>
  </tr>
  <tr valign="top">
    <td align="left">rds.rdsadmin_max_connections</td>
    <td align="left">100</td>
    <td align="left">&nbsp; </td>
  </tr>
  <tr valign="top">
    <td align="left">rds.rds_superuser_reserved_connections</td>
    <td align="left">2</td>
    <td align="left">&nbsp; </td>
  </tr>
  <tr valign="top">
    <td align="left">rds.restrict_logical_slot_creation</td>
    <td align="left">off</td>
    <td align="left">&nbsp; </td>
  </tr>
  <tr valign="top">
    <td align="left">rds.restrict_password_commands</td>
    <td align="left">off</td>
    <td align="left">&nbsp; </td>
  </tr>
  <tr valign="top">
    <td align="left">rds.rsdl_counters_dealloc_percent</td>
    <td align="left">5</td>
    <td align="left">&nbsp; </td>
  </tr>
  <tr valign="top">
    <td align="left">rds.standby_resource_conflict_probe_delay</td>
    <td align="left">40000</td>
    <td align="left">ms</td>
  </tr>
  <tr valign="top">
    <td align="left">rds_stat_connections.max</td>
    <td align="left">5000</td>
    <td align="left">&nbsp; </td>
  </tr>
  <tr valign="top">
    <td align="left">rds_stat_connections.max_sl</td>
    <td align="left">1000</td>
    <td align="left">&nbsp; </td>
  </tr>
  <tr valign="top">
    <td align="left">rds.superuser_variables</td>
    <td align="left">session_replication_role</td>
    <td align="left">&nbsp; </td>
  </tr>
  <tr valign="top">
    <td align="left">rds.survivable_readers</td>
    <td align="left">on</td>
    <td align="left">&nbsp; </td>
  </tr>
  <tr valign="top">
    <td align="left">rds.survivable_readers_stale_replica_reconnect</td>
    <td align="left">on</td>
    <td align="left">&nbsp; </td>
  </tr>
  <tr valign="top">
    <td align="left">rds.tablespace_path_prefix</td>
    <td align="left">/rdsdbdata/db/base/tablespace</td>
    <td align="left">&nbsp; </td>
  </tr>
  <tr valign="top">
    <td align="left">rds.temp_tablespaces</td>
    <td align="left">rds_temp_tablespace</td>
    <td align="left">&nbsp; </td>
  </tr>
  <tr valign="top">
    <td align="left">rds.tidal_htap_support</td>
    <td align="left">off</td>
    <td align="left">&nbsp; </td>
  </tr>
  <tr valign="top">
    <td align="left">recovery_end_command</td>
    <td align="left">&nbsp; </td>
    <td align="left">&nbsp; </td>
  </tr>
  <tr valign="top">
    <td align="left">recovery_init_sync_method</td>
    <td align="left">syncfs</td>
    <td align="left">&nbsp; </td>
  </tr>
  <tr valign="top">
    <td align="left">recovery_min_apply_delay</td>
    <td align="left">0</td>
    <td align="left">ms</td>
  </tr>
  <tr valign="top">
    <td align="left">recovery_target</td>
    <td align="left">&nbsp; </td>
    <td align="left">&nbsp; </td>
  </tr>
  <tr valign="top">
    <td align="left">recovery_target_action</td>
    <td align="left">pause</td>
    <td align="left">&nbsp; </td>
  </tr>
  <tr valign="top">
    <td align="left">recovery_target_inclusive</td>
    <td align="left">on</td>
    <td align="left">&nbsp; </td>
  </tr>
  <tr valign="top">
    <td align="left">recovery_target_lsn</td>
    <td align="left">&nbsp; </td>
    <td align="left">&nbsp; </td>
  </tr>
  <tr valign="top">
    <td align="left">recovery_target_name</td>
    <td align="left">&nbsp; </td>
    <td align="left">&nbsp; </td>
  </tr>
  <tr valign="top">
    <td align="left">recovery_target_time</td>
    <td align="left">&nbsp; </td>
    <td align="left">&nbsp; </td>
  </tr>
  <tr valign="top">
    <td align="left">recovery_target_timeline</td>
    <td align="left">latest</td>
    <td align="left">&nbsp; </td>
  </tr>
  <tr valign="top">
    <td align="left">recovery_target_xid</td>
    <td align="left">&nbsp; </td>
    <td align="left">&nbsp; </td>
  </tr>
  <tr valign="top">
    <td align="left">remove_temp_files_after_crash</td>
    <td align="left">off</td>
    <td align="left">&nbsp; </td>
  </tr>
  <tr valign="top">
    <td align="left">restart_after_crash</td>
    <td align="left">on</td>
    <td align="left">&nbsp; </td>
  </tr>
  <tr valign="top">
    <td align="left">restore_command</td>
    <td align="left">&nbsp; </td>
    <td align="left">&nbsp; </td>
  </tr>
  <tr valign="top">
    <td align="left">row_security</td>
    <td align="left">on</td>
    <td align="left">&nbsp; </td>
  </tr>
  <tr valign="top">
    <td align="left">search_path</td>
    <td align="left">&quot;$user&quot;, public</td>
    <td align="left">&nbsp; </td>
  </tr>
  <tr valign="top">
    <td align="left">segment_size</td>
    <td align="left">131072</td>
    <td align="left">8kB</td>
  </tr>
  <tr valign="top">
    <td align="left">seq_page_cost</td>
    <td align="left">1</td>
    <td align="left">&nbsp; </td>
  </tr>
  <tr valign="top">
    <td align="left">server_encoding</td>
    <td align="left">UTF8</td>
    <td align="left">&nbsp; </td>
  </tr>
  <tr valign="top">
    <td align="left">server_version</td>
    <td align="left">14.7</td>
    <td align="left">&nbsp; </td>
  </tr>
  <tr valign="top">
    <td align="left">server_version_num</td>
    <td align="left">140007</td>
    <td align="left">&nbsp; </td>
  </tr>
  <tr valign="top">
    <td align="left">session_preload_libraries</td>
    <td align="left">&nbsp; </td>
    <td align="left">&nbsp; </td>
  </tr>
  <tr valign="top">
    <td align="left">session_replication_role</td>
    <td align="left">origin</td>
    <td align="left">&nbsp; </td>
  </tr>
  <tr valign="top">
    <td align="left">shared_buffers</td>
    <td align="left">11024373</td>
    <td align="left">8kB</td>
  </tr>
  <tr valign="top">
    <td align="left">shared_memory_type</td>
    <td align="left">mmap</td>
    <td align="left">&nbsp; </td>
  </tr>
  <tr valign="top">
    <td align="left">shared_preload_libraries</td>
    <td align="left">rdsutils,auto_explain,orafce,pgaudit,pg_similarity,pg_stat_statements,pg_hint_plan,pg_prewarm,plprofiler,pglogical,pg_cron,apg_plan_mgmt</td>
    <td align="left">&nbsp; </td>
  </tr>
  <tr valign="top">
    <td align="left">slru_cache_mode</td>
    <td align="left">on</td>
    <td align="left">&nbsp; </td>
  </tr>
  <tr valign="top">
    <td align="left">ssl</td>
    <td align="left">on</td>
    <td align="left">&nbsp; </td>
  </tr>
  <tr valign="top">
    <td align="left">ssl_ca_file</td>
    <td align="left">/rdsdbdata/rds-metadata/ca-cert.pem</td>
    <td align="left">&nbsp; </td>
  </tr>
  <tr valign="top">
    <td align="left">ssl_cert_file</td>
    <td align="left">/rdsdbdata/rds-metadata/server-cert.pem</td>
    <td align="left">&nbsp; </td>
  </tr>
  <tr valign="top">
    <td align="left">ssl_ciphers</td>
    <td align="left">TLS_RSA_WITH_AES_128_CBC_SHA256:TLS_RSA_WITH_AES_128_GCM_SHA256:ECDHE-RSA-AES128-SHA:DHE-RSA-AES256-GCM-SHA384:TLS_RSA_WITH_AES_256_GCM_SHA384:DHE-RSA-AES128-GCM-SHA256:TLS_ECDHE_RSA_WITH_AES_128_CBC_SHA:ECDHE-RSA-AES256-SHA384:TLS_RSA_WITH_AES_256_CBC_SHA:ECDHE-RSA-AES128-GCM-SHA256:ECDHE-RSA-AES128-SHA256:DHE-RSA-AES256-SHA:TLS_ECDHE_RSA_WITH_AES_128_CBC_SHA256:DHE-RSA-AES128-SHA256:TLS_ECDHE_RSA_WITH_CHACHA20_POLY1305_SHA256:TLS_RSA_WITH_AES_128_CBC_SHA:DHE-RSA-AES128-SHA:TLS_AES_128_GCM_SHA256:TLS_AES_256_GCM_SHA384:DHE-RSA-AES256-SHA256:TLS_ECDHE_RSA_WITH_AES_128_GCM_SHA256:ECDHE-RSA-AES256-GCM-SHA384:TLS_ECDHE_RSA_WITH_AES_256_CBC_SHA:ECDHE-RSA-AES256-SHA:TLS_ECDHE_RSA_WITH_AES_256_GCM_SHA384</td>
    <td align="left">&nbsp; </td>
  </tr>
  <tr valign="top">
    <td align="left">ssl_crl_dir</td>
    <td align="left">/rdsdbdata/rds-metadata/ssl_crl_dir/</td>
    <td align="left">&nbsp; </td>
  </tr>
  <tr valign="top">
    <td align="left">ssl_crl_file</td>
    <td align="left">&nbsp; </td>
    <td align="left">&nbsp; </td>
  </tr>
  <tr valign="top">
    <td align="left">ssl_dh_params_file</td>
    <td align="left">&nbsp; </td>
    <td align="left">&nbsp; </td>
  </tr>
  <tr valign="top">
    <td align="left">ssl_ecdh_curve</td>
    <td align="left">prime256v1</td>
    <td align="left">&nbsp; </td>
  </tr>
  <tr valign="top">
    <td align="left">ssl_key_file</td>
    <td align="left">/rdsdbdata/rds-metadata/server-key.pem</td>
    <td align="left">&nbsp; </td>
  </tr>
  <tr valign="top">
    <td align="left">ssl_library</td>
    <td align="left">OpenSSL</td>
    <td align="left">&nbsp; </td>
  </tr>
  <tr valign="top">
    <td align="left">ssl_max_protocol_version</td>
    <td align="left">TLSv1.2</td>
    <td align="left">&nbsp; </td>
  </tr>
  <tr valign="top">
    <td align="left">ssl_min_protocol_version</td>
    <td align="left">TLSv1.2</td>
    <td align="left">&nbsp; </td>
  </tr>
  <tr valign="top">
    <td align="left">ssl_passphrase_command</td>
    <td align="left">&nbsp; </td>
    <td align="left">&nbsp; </td>
  </tr>
  <tr valign="top">
    <td align="left">ssl_passphrase_command_supports_reload</td>
    <td align="left">off</td>
    <td align="left">&nbsp; </td>
  </tr>
  <tr valign="top">
    <td align="left">ssl_prefer_server_ciphers</td>
    <td align="left">on</td>
    <td align="left">&nbsp; </td>
  </tr>
  <tr valign="top">
    <td align="left">standard_conforming_strings</td>
    <td align="left">on</td>
    <td align="left">&nbsp; </td>
  </tr>
  <tr valign="top">
    <td align="left">statement_timeout</td>
    <td align="left">0</td>
    <td align="left">ms</td>
  </tr>
  <tr valign="top">
    <td align="left">stats_temp_directory</td>
    <td align="left">/rdsdbdata/db/pg_stat_tmp</td>
    <td align="left">&nbsp; </td>
  </tr>
  <tr valign="top">
    <td align="left">subtrans_cache_size</td>
    <td align="left">32</td>
    <td align="left">&nbsp; </td>
  </tr>
  <tr valign="top">
    <td align="left">superuser_reserved_connections</td>
    <td align="left">3</td>
    <td align="left">&nbsp; </td>
  </tr>
  <tr valign="top">
    <td align="left">survivable_cache_mode</td>
    <td align="left">on</td>
    <td align="left">&nbsp; </td>
  </tr>
  <tr valign="top">
    <td align="left">synchronize_seqscans</td>
    <td align="left">on</td>
    <td align="left">&nbsp; </td>
  </tr>
  <tr valign="top">
    <td align="left">synchronous_commit</td>
    <td align="left">on</td>
    <td align="left">&nbsp; </td>
  </tr>
  <tr valign="top">
    <td align="left">synchronous_standby_names</td>
    <td align="left">&nbsp; </td>
    <td align="left">&nbsp; </td>
  </tr>
  <tr valign="top">
    <td align="left">syslog_facility</td>
    <td align="left">local0</td>
    <td align="left">&nbsp; </td>
  </tr>
  <tr valign="top">
    <td align="left">syslog_ident</td>
    <td align="left">postgres</td>
    <td align="left">&nbsp; </td>
  </tr>
  <tr valign="top">
    <td align="left">syslog_sequence_numbers</td>
    <td align="left">on</td>
    <td align="left">&nbsp; </td>
  </tr>
  <tr valign="top">
    <td align="left">syslog_split_messages</td>
    <td align="left">on</td>
    <td align="left">&nbsp; </td>
  </tr>
  <tr valign="top">
    <td align="left">tcp_keepalives_count</td>
    <td align="left">0</td>
    <td align="left">&nbsp; </td>
  </tr>
  <tr valign="top">
    <td align="left">tcp_keepalives_idle</td>
    <td align="left">0</td>
    <td align="left">s</td>
  </tr>
  <tr valign="top">
    <td align="left">tcp_keepalives_interval</td>
    <td align="left">0</td>
    <td align="left">s</td>
  </tr>
  <tr valign="top">
    <td align="left">tcp_user_timeout</td>
    <td align="left">0</td>
    <td align="left">ms</td>
  </tr>
  <tr valign="top">
    <td align="left">temp_buffers</td>
    <td align="left">131072</td>
    <td align="left">8kB</td>
  </tr>
  <tr valign="top">
    <td align="left">temp_file_limit</td>
    <td align="left">-1</td>
    <td align="left">kB</td>
  </tr>
  <tr valign="top">
    <td align="left">temp_tablespaces</td>
    <td align="left">&nbsp; </td>
    <td align="left">&nbsp; </td>
  </tr>
  <tr valign="top">
    <td align="left">TimeZone</td>
    <td align="left">UTC</td>
    <td align="left">&nbsp; </td>
  </tr>
  <tr valign="top">
    <td align="left">timezone_abbreviations</td>
    <td align="left">Default</td>
    <td align="left">&nbsp; </td>
  </tr>
  <tr valign="top">
    <td align="left">trace_notify</td>
    <td align="left">off</td>
    <td align="left">&nbsp; </td>
  </tr>
  <tr valign="top">
    <td align="left">trace_recovery_messages</td>
    <td align="left">log</td>
    <td align="left">&nbsp; </td>
  </tr>
  <tr valign="top">
    <td align="left">trace_sort</td>
    <td align="left">off</td>
    <td align="left">&nbsp; </td>
  </tr>
  <tr valign="top">
    <td align="left">track_activities</td>
    <td align="left">on</td>
    <td align="left">&nbsp; </td>
  </tr>
  <tr valign="top">
    <td align="left">track_activity_query_size</td>
    <td align="left">20480</td>
    <td align="left">B</td>
  </tr>
  <tr valign="top">
    <td align="left">track_commit_timestamp</td>
    <td align="left">off</td>
    <td align="left">&nbsp; </td>
  </tr>
  <tr valign="top">
    <td align="left">track_counts</td>
    <td align="left">on</td>
    <td align="left">&nbsp; </td>
  </tr>
  <tr valign="top">
    <td align="left">track_functions</td>
    <td align="left">pl</td>
    <td align="left">&nbsp; </td>
  </tr>
  <tr valign="top">
    <td align="left">track_io_timing</td>
    <td align="left">on</td>
    <td align="left">&nbsp; </td>
  </tr>
  <tr valign="top">
    <td align="left">track_wal_io_timing</td>
    <td align="left">off</td>
    <td align="left">&nbsp; </td>
  </tr>
  <tr valign="top">
    <td align="left">transaction_deferrable</td>
    <td align="left">off</td>
    <td align="left">&nbsp; </td>
  </tr>
  <tr valign="top">
    <td align="left">transaction_isolation</td>
    <td align="left">read committed</td>
    <td align="left">&nbsp; </td>
  </tr>
  <tr valign="top">
    <td align="left">transaction_read_only</td>
    <td align="left">off</td>
    <td align="left">&nbsp; </td>
  </tr>
  <tr valign="top">
    <td align="left">transform_null_equals</td>
    <td align="left">off</td>
    <td align="left">&nbsp; </td>
  </tr>
  <tr valign="top">
    <td align="left">unix_socket_directories</td>
    <td align="left">/tmp</td>
    <td align="left">&nbsp; </td>
  </tr>
  <tr valign="top">
    <td align="left">unix_socket_group</td>
    <td align="left">rdsdb</td>
    <td align="left">&nbsp; </td>
  </tr>
  <tr valign="top">
    <td align="left">unix_socket_permissions</td>
    <td align="left">0706</td>
    <td align="left">&nbsp; </td>
  </tr>
  <tr valign="top">
    <td align="left">update_process_title</td>
    <td align="left">on</td>
    <td align="left">&nbsp; </td>
  </tr>
  <tr valign="top">
    <td align="left">vacuum_cost_delay</td>
    <td align="left">0</td>
    <td align="left">ms</td>
  </tr>
  <tr valign="top">
    <td align="left">vacuum_cost_limit</td>
    <td align="left">200</td>
    <td align="left">&nbsp; </td>
  </tr>
  <tr valign="top">
    <td align="left">vacuum_cost_page_dirty</td>
    <td align="left">20</td>
    <td align="left">&nbsp; </td>
  </tr>
  <tr valign="top">
    <td align="left">vacuum_cost_page_hit</td>
    <td align="left">1</td>
    <td align="left">&nbsp; </td>
  </tr>
  <tr valign="top">
    <td align="left">vacuum_cost_page_miss</td>
    <td align="left">0</td>
    <td align="left">&nbsp; </td>
  </tr>
  <tr valign="top">
    <td align="left">vacuum_defer_cleanup_age</td>
    <td align="left">0</td>
    <td align="left">&nbsp; </td>
  </tr>
  <tr valign="top">
    <td align="left">vacuum_failsafe_age</td>
    <td align="left">1200000000</td>
    <td align="left">&nbsp; </td>
  </tr>
  <tr valign="top">
    <td align="left">vacuum_freeze_min_age</td>
    <td align="left">50000000</td>
    <td align="left">&nbsp; </td>
  </tr>
  <tr valign="top">
    <td align="left">vacuum_freeze_table_age</td>
    <td align="left">150000000</td>
    <td align="left">&nbsp; </td>
  </tr>
  <tr valign="top">
    <td align="left">vacuum_multixact_failsafe_age</td>
    <td align="left">1200000000</td>
    <td align="left">&nbsp; </td>
  </tr>
  <tr valign="top">
    <td align="left">vacuum_multixact_freeze_min_age</td>
    <td align="left">5000000</td>
    <td align="left">&nbsp; </td>
  </tr>
  <tr valign="top">
    <td align="left">vacuum_multixact_freeze_table_age</td>
    <td align="left">150000000</td>
    <td align="left">&nbsp; </td>
  </tr>
  <tr valign="top">
    <td align="left">wal_block_size</td>
    <td align="left">8192</td>
    <td align="left">&nbsp; </td>
  </tr>
  <tr valign="top">
    <td align="left">wal_buffers</td>
    <td align="left">-1</td>
    <td align="left">8kB</td>
  </tr>
  <tr valign="top">
    <td align="left">wal_compression</td>
    <td align="left">off</td>
    <td align="left">&nbsp; </td>
  </tr>
  <tr valign="top">
    <td align="left">wal_consistency_checking</td>
    <td align="left">&nbsp; </td>
    <td align="left">&nbsp; </td>
  </tr>
  <tr valign="top">
    <td align="left">wal_init_zero</td>
    <td align="left">on</td>
    <td align="left">&nbsp; </td>
  </tr>
  <tr valign="top">
    <td align="left">wal_keep_size</td>
    <td align="left">0</td>
    <td align="left">MB</td>
  </tr>
  <tr valign="top">
    <td align="left">wal_level</td>
    <td align="left">logical</td>
    <td align="left">&nbsp; </td>
  </tr>
  <tr valign="top">
    <td align="left">wal_log_hints</td>
    <td align="left">off</td>
    <td align="left">&nbsp; </td>
  </tr>
  <tr valign="top">
    <td align="left">wal_receiver_create_temp_slot</td>
    <td align="left">off</td>
    <td align="left">&nbsp; </td>
  </tr>
  <tr valign="top">
    <td align="left">wal_receiver_status_interval</td>
    <td align="left">10</td>
    <td align="left">s</td>
  </tr>
  <tr valign="top">
    <td align="left">wal_receiver_timeout</td>
    <td align="left">30000</td>
    <td align="left">ms</td>
  </tr>
  <tr valign="top">
    <td align="left">wal_recycle</td>
    <td align="left">on</td>
    <td align="left">&nbsp; </td>
  </tr>
  <tr valign="top">
    <td align="left">wal_retrieve_retry_interval</td>
    <td align="left">5000</td>
    <td align="left">ms</td>
  </tr>
  <tr valign="top">
    <td align="left">wal_segment_size</td>
    <td align="left">67108864</td>
    <td align="left">B</td>
  </tr>
  <tr valign="top">
    <td align="left">wal_sender_timeout</td>
    <td align="left">300000</td>
    <td align="left">ms</td>
  </tr>
  <tr valign="top">
    <td align="left">wal_skip_threshold</td>
    <td align="left">2048</td>
    <td align="left">kB</td>
  </tr>
  <tr valign="top">
    <td align="left">wal_sync_method</td>
    <td align="left">fdatasync</td>
    <td align="left">&nbsp; </td>
  </tr>
  <tr valign="top">
    <td align="left">wal_writer_delay</td>
    <td align="left">200</td>
    <td align="left">ms</td>
  </tr>
  <tr valign="top">
    <td align="left">wal_writer_flush_after</td>
    <td align="left">128</td>
    <td align="left">8kB</td>
  </tr>
  <tr valign="top">
    <td align="left">work_mem</td>
    <td align="left">4194304</td>
    <td align="left">kB</td>
  </tr>
  <tr valign="top">
    <td align="left">xmlbinary</td>
    <td align="left">base64</td>
    <td align="left">&nbsp; </td>
  </tr>
  <tr valign="top">
    <td align="left">xmloption</td>
    <td align="left">content</td>
    <td align="left">&nbsp; </td>
  </tr>
  <tr valign="top">
    <td align="left">zero_damaged_pages</td>
    <td align="left">off</td>
    <td align="left">&nbsp; </td>
  </tr>
</table>

<h3>Aurora PostgreSQL Statspack - Created by Santiago Villa - <a href="https://github.com/SantiDBA/aurora-statspack" target="_blank">https://github.com/SantiDBA/aurora-statspack</a></h3>
